[2023-11-28T06:39:04.994+0000] {processor.py:157} INFO - Started process (PID=77) to work on /home/airflow/.local/lib/python3.8/site-packages/airflow/example_dags/example_xcomargs.py
[2023-11-28T06:39:04.996+0000] {processor.py:829} INFO - Processing file /home/airflow/.local/lib/python3.8/site-packages/airflow/example_dags/example_xcomargs.py for tasks to queue
[2023-11-28T06:39:05.001+0000] {logging_mixin.py:154} INFO - [2023-11-28T06:39:05.001+0000] {dagbag.py:536} INFO - Filling up the DagBag from /home/airflow/.local/lib/python3.8/site-packages/airflow/example_dags/example_xcomargs.py
[2023-11-28T06:39:05.019+0000] {processor.py:839} INFO - DAG(s) dict_keys(['example_xcom_args_with_operators', 'example_xcom_args']) retrieved from /home/airflow/.local/lib/python3.8/site-packages/airflow/example_dags/example_xcomargs.py
[2023-11-28T06:39:05.075+0000] {logging_mixin.py:154} INFO - [2023-11-28T06:39:05.074+0000] {dag.py:2941} INFO - Sync 2 DAGs
[2023-11-28T06:39:05.101+0000] {logging_mixin.py:154} INFO - [2023-11-28T06:39:05.101+0000] {dag.py:3722} INFO - Setting next_dagrun for example_xcom_args to None, run_after=None
[2023-11-28T06:39:05.106+0000] {logging_mixin.py:154} INFO - [2023-11-28T06:39:05.106+0000] {dag.py:3722} INFO - Setting next_dagrun for example_xcom_args_with_operators to None, run_after=None
[2023-11-28T06:39:05.136+0000] {processor.py:179} INFO - Processing /home/airflow/.local/lib/python3.8/site-packages/airflow/example_dags/example_xcomargs.py took 0.149 seconds
[2023-11-28T06:40:14.092+0000] {processor.py:157} INFO - Started process (PID=76) to work on /home/airflow/.local/lib/python3.8/site-packages/airflow/example_dags/example_xcomargs.py
[2023-11-28T06:40:14.095+0000] {processor.py:829} INFO - Processing file /home/airflow/.local/lib/python3.8/site-packages/airflow/example_dags/example_xcomargs.py for tasks to queue
[2023-11-28T06:40:14.101+0000] {logging_mixin.py:154} INFO - [2023-11-28T06:40:14.100+0000] {dagbag.py:536} INFO - Filling up the DagBag from /home/airflow/.local/lib/python3.8/site-packages/airflow/example_dags/example_xcomargs.py
[2023-11-28T06:40:14.118+0000] {processor.py:839} INFO - DAG(s) dict_keys(['example_xcom_args_with_operators', 'example_xcom_args']) retrieved from /home/airflow/.local/lib/python3.8/site-packages/airflow/example_dags/example_xcomargs.py
[2023-11-28T06:40:14.153+0000] {logging_mixin.py:154} INFO - [2023-11-28T06:40:14.152+0000] {dag.py:2941} INFO - Sync 2 DAGs
[2023-11-28T06:40:14.191+0000] {logging_mixin.py:154} INFO - [2023-11-28T06:40:14.191+0000] {dag.py:3722} INFO - Setting next_dagrun for example_xcom_args to None, run_after=None
[2023-11-28T06:40:14.200+0000] {logging_mixin.py:154} INFO - [2023-11-28T06:40:14.199+0000] {dag.py:3722} INFO - Setting next_dagrun for example_xcom_args_with_operators to None, run_after=None
[2023-11-28T06:40:14.238+0000] {processor.py:179} INFO - Processing /home/airflow/.local/lib/python3.8/site-packages/airflow/example_dags/example_xcomargs.py took 0.154 seconds
[2023-11-28T06:40:44.278+0000] {processor.py:157} INFO - Started process (PID=130) to work on /home/airflow/.local/lib/python3.8/site-packages/airflow/example_dags/example_xcomargs.py
[2023-11-28T06:40:44.279+0000] {processor.py:829} INFO - Processing file /home/airflow/.local/lib/python3.8/site-packages/airflow/example_dags/example_xcomargs.py for tasks to queue
[2023-11-28T06:40:44.282+0000] {logging_mixin.py:154} INFO - [2023-11-28T06:40:44.282+0000] {dagbag.py:536} INFO - Filling up the DagBag from /home/airflow/.local/lib/python3.8/site-packages/airflow/example_dags/example_xcomargs.py
[2023-11-28T06:40:44.293+0000] {processor.py:839} INFO - DAG(s) dict_keys(['example_xcom_args', 'example_xcom_args_with_operators']) retrieved from /home/airflow/.local/lib/python3.8/site-packages/airflow/example_dags/example_xcomargs.py
[2023-11-28T06:40:44.320+0000] {logging_mixin.py:154} INFO - [2023-11-28T06:40:44.320+0000] {dag.py:2941} INFO - Sync 2 DAGs
[2023-11-28T06:40:44.341+0000] {logging_mixin.py:154} INFO - [2023-11-28T06:40:44.341+0000] {dag.py:3722} INFO - Setting next_dagrun for example_xcom_args to None, run_after=None
[2023-11-28T06:40:44.347+0000] {logging_mixin.py:154} INFO - [2023-11-28T06:40:44.347+0000] {dag.py:3722} INFO - Setting next_dagrun for example_xcom_args_with_operators to None, run_after=None
[2023-11-28T06:40:44.366+0000] {processor.py:179} INFO - Processing /home/airflow/.local/lib/python3.8/site-packages/airflow/example_dags/example_xcomargs.py took 0.093 seconds
[2023-11-28T06:41:14.471+0000] {processor.py:157} INFO - Started process (PID=184) to work on /home/airflow/.local/lib/python3.8/site-packages/airflow/example_dags/example_xcomargs.py
[2023-11-28T06:41:14.473+0000] {processor.py:829} INFO - Processing file /home/airflow/.local/lib/python3.8/site-packages/airflow/example_dags/example_xcomargs.py for tasks to queue
[2023-11-28T06:41:14.476+0000] {logging_mixin.py:154} INFO - [2023-11-28T06:41:14.475+0000] {dagbag.py:536} INFO - Filling up the DagBag from /home/airflow/.local/lib/python3.8/site-packages/airflow/example_dags/example_xcomargs.py
[2023-11-28T06:41:14.486+0000] {processor.py:839} INFO - DAG(s) dict_keys(['example_xcom_args', 'example_xcom_args_with_operators']) retrieved from /home/airflow/.local/lib/python3.8/site-packages/airflow/example_dags/example_xcomargs.py
[2023-11-28T06:41:14.536+0000] {logging_mixin.py:154} INFO - [2023-11-28T06:41:14.536+0000] {dag.py:2941} INFO - Sync 2 DAGs
[2023-11-28T06:41:14.556+0000] {logging_mixin.py:154} INFO - [2023-11-28T06:41:14.556+0000] {dag.py:3722} INFO - Setting next_dagrun for example_xcom_args to None, run_after=None
[2023-11-28T06:41:14.560+0000] {logging_mixin.py:154} INFO - [2023-11-28T06:41:14.560+0000] {dag.py:3722} INFO - Setting next_dagrun for example_xcom_args_with_operators to None, run_after=None
[2023-11-28T06:41:14.584+0000] {processor.py:179} INFO - Processing /home/airflow/.local/lib/python3.8/site-packages/airflow/example_dags/example_xcomargs.py took 0.116 seconds
[2023-11-28T06:41:44.678+0000] {processor.py:157} INFO - Started process (PID=238) to work on /home/airflow/.local/lib/python3.8/site-packages/airflow/example_dags/example_xcomargs.py
[2023-11-28T06:41:44.679+0000] {processor.py:829} INFO - Processing file /home/airflow/.local/lib/python3.8/site-packages/airflow/example_dags/example_xcomargs.py for tasks to queue
[2023-11-28T06:41:44.685+0000] {logging_mixin.py:154} INFO - [2023-11-28T06:41:44.685+0000] {dagbag.py:536} INFO - Filling up the DagBag from /home/airflow/.local/lib/python3.8/site-packages/airflow/example_dags/example_xcomargs.py
[2023-11-28T06:41:44.707+0000] {processor.py:839} INFO - DAG(s) dict_keys(['example_xcom_args_with_operators', 'example_xcom_args']) retrieved from /home/airflow/.local/lib/python3.8/site-packages/airflow/example_dags/example_xcomargs.py
[2023-11-28T06:41:44.759+0000] {logging_mixin.py:154} INFO - [2023-11-28T06:41:44.759+0000] {dag.py:2941} INFO - Sync 2 DAGs
[2023-11-28T06:41:44.777+0000] {logging_mixin.py:154} INFO - [2023-11-28T06:41:44.777+0000] {dag.py:3722} INFO - Setting next_dagrun for example_xcom_args to None, run_after=None
[2023-11-28T06:41:44.782+0000] {logging_mixin.py:154} INFO - [2023-11-28T06:41:44.782+0000] {dag.py:3722} INFO - Setting next_dagrun for example_xcom_args_with_operators to None, run_after=None
[2023-11-28T06:41:44.801+0000] {processor.py:179} INFO - Processing /home/airflow/.local/lib/python3.8/site-packages/airflow/example_dags/example_xcomargs.py took 0.128 seconds
[2023-11-28T06:42:15.803+0000] {processor.py:157} INFO - Started process (PID=292) to work on /home/airflow/.local/lib/python3.8/site-packages/airflow/example_dags/example_xcomargs.py
[2023-11-28T06:42:15.804+0000] {processor.py:829} INFO - Processing file /home/airflow/.local/lib/python3.8/site-packages/airflow/example_dags/example_xcomargs.py for tasks to queue
[2023-11-28T06:42:15.807+0000] {logging_mixin.py:154} INFO - [2023-11-28T06:42:15.807+0000] {dagbag.py:536} INFO - Filling up the DagBag from /home/airflow/.local/lib/python3.8/site-packages/airflow/example_dags/example_xcomargs.py
[2023-11-28T06:42:15.816+0000] {processor.py:839} INFO - DAG(s) dict_keys(['example_xcom_args_with_operators', 'example_xcom_args']) retrieved from /home/airflow/.local/lib/python3.8/site-packages/airflow/example_dags/example_xcomargs.py
[2023-11-28T06:42:15.849+0000] {logging_mixin.py:154} INFO - [2023-11-28T06:42:15.849+0000] {dag.py:2941} INFO - Sync 2 DAGs
[2023-11-28T06:42:15.866+0000] {logging_mixin.py:154} INFO - [2023-11-28T06:42:15.865+0000] {dag.py:3722} INFO - Setting next_dagrun for example_xcom_args to None, run_after=None
[2023-11-28T06:42:15.870+0000] {logging_mixin.py:154} INFO - [2023-11-28T06:42:15.870+0000] {dag.py:3722} INFO - Setting next_dagrun for example_xcom_args_with_operators to None, run_after=None
[2023-11-28T06:42:15.892+0000] {processor.py:179} INFO - Processing /home/airflow/.local/lib/python3.8/site-packages/airflow/example_dags/example_xcomargs.py took 0.094 seconds
[2023-11-28T06:42:46.589+0000] {processor.py:157} INFO - Started process (PID=346) to work on /home/airflow/.local/lib/python3.8/site-packages/airflow/example_dags/example_xcomargs.py
[2023-11-28T06:42:46.590+0000] {processor.py:829} INFO - Processing file /home/airflow/.local/lib/python3.8/site-packages/airflow/example_dags/example_xcomargs.py for tasks to queue
[2023-11-28T06:42:46.593+0000] {logging_mixin.py:154} INFO - [2023-11-28T06:42:46.593+0000] {dagbag.py:536} INFO - Filling up the DagBag from /home/airflow/.local/lib/python3.8/site-packages/airflow/example_dags/example_xcomargs.py
[2023-11-28T06:42:46.601+0000] {processor.py:839} INFO - DAG(s) dict_keys(['example_xcom_args', 'example_xcom_args_with_operators']) retrieved from /home/airflow/.local/lib/python3.8/site-packages/airflow/example_dags/example_xcomargs.py
[2023-11-28T06:42:46.629+0000] {logging_mixin.py:154} INFO - [2023-11-28T06:42:46.629+0000] {dag.py:2941} INFO - Sync 2 DAGs
[2023-11-28T06:42:46.643+0000] {logging_mixin.py:154} INFO - [2023-11-28T06:42:46.643+0000] {dag.py:3722} INFO - Setting next_dagrun for example_xcom_args to None, run_after=None
[2023-11-28T06:42:46.647+0000] {logging_mixin.py:154} INFO - [2023-11-28T06:42:46.647+0000] {dag.py:3722} INFO - Setting next_dagrun for example_xcom_args_with_operators to None, run_after=None
[2023-11-28T06:42:46.663+0000] {processor.py:179} INFO - Processing /home/airflow/.local/lib/python3.8/site-packages/airflow/example_dags/example_xcomargs.py took 0.078 seconds
[2023-11-28T06:43:16.782+0000] {processor.py:157} INFO - Started process (PID=400) to work on /home/airflow/.local/lib/python3.8/site-packages/airflow/example_dags/example_xcomargs.py
[2023-11-28T06:43:16.784+0000] {processor.py:829} INFO - Processing file /home/airflow/.local/lib/python3.8/site-packages/airflow/example_dags/example_xcomargs.py for tasks to queue
[2023-11-28T06:43:16.786+0000] {logging_mixin.py:154} INFO - [2023-11-28T06:43:16.786+0000] {dagbag.py:536} INFO - Filling up the DagBag from /home/airflow/.local/lib/python3.8/site-packages/airflow/example_dags/example_xcomargs.py
[2023-11-28T06:43:16.794+0000] {processor.py:839} INFO - DAG(s) dict_keys(['example_xcom_args', 'example_xcom_args_with_operators']) retrieved from /home/airflow/.local/lib/python3.8/site-packages/airflow/example_dags/example_xcomargs.py
[2023-11-28T06:43:16.819+0000] {logging_mixin.py:154} INFO - [2023-11-28T06:43:16.818+0000] {dag.py:2941} INFO - Sync 2 DAGs
[2023-11-28T06:43:16.832+0000] {logging_mixin.py:154} INFO - [2023-11-28T06:43:16.831+0000] {dag.py:3722} INFO - Setting next_dagrun for example_xcom_args to None, run_after=None
[2023-11-28T06:43:16.835+0000] {logging_mixin.py:154} INFO - [2023-11-28T06:43:16.835+0000] {dag.py:3722} INFO - Setting next_dagrun for example_xcom_args_with_operators to None, run_after=None
[2023-11-28T06:43:16.853+0000] {processor.py:179} INFO - Processing /home/airflow/.local/lib/python3.8/site-packages/airflow/example_dags/example_xcomargs.py took 0.074 seconds
