[2023-11-28T06:38:59.335+0000] {processor.py:157} INFO - Started process (PID=54) to work on /home/airflow/.local/lib/python3.8/site-packages/airflow/example_dags/example_branch_labels.py
[2023-11-28T06:38:59.337+0000] {processor.py:829} INFO - Processing file /home/airflow/.local/lib/python3.8/site-packages/airflow/example_dags/example_branch_labels.py for tasks to queue
[2023-11-28T06:38:59.342+0000] {logging_mixin.py:154} INFO - [2023-11-28T06:38:59.341+0000] {dagbag.py:536} INFO - Filling up the DagBag from /home/airflow/.local/lib/python3.8/site-packages/airflow/example_dags/example_branch_labels.py
[2023-11-28T06:38:59.362+0000] {processor.py:839} INFO - DAG(s) dict_keys(['example_branch_labels']) retrieved from /home/airflow/.local/lib/python3.8/site-packages/airflow/example_dags/example_branch_labels.py
[2023-11-28T06:38:59.414+0000] {logging_mixin.py:154} INFO - [2023-11-28T06:38:59.413+0000] {dag.py:2941} INFO - Sync 1 DAGs
[2023-11-28T06:38:59.467+0000] {logging_mixin.py:154} INFO - [2023-11-28T06:38:59.466+0000] {dag.py:3722} INFO - Setting next_dagrun for example_branch_labels to 2023-11-27T00:00:00+00:00, run_after=2023-11-28T00:00:00+00:00
[2023-11-28T06:38:59.501+0000] {processor.py:179} INFO - Processing /home/airflow/.local/lib/python3.8/site-packages/airflow/example_dags/example_branch_labels.py took 0.182 seconds
[2023-11-28T06:40:12.190+0000] {processor.py:157} INFO - Started process (PID=53) to work on /home/airflow/.local/lib/python3.8/site-packages/airflow/example_dags/example_branch_labels.py
[2023-11-28T06:40:12.193+0000] {processor.py:829} INFO - Processing file /home/airflow/.local/lib/python3.8/site-packages/airflow/example_dags/example_branch_labels.py for tasks to queue
[2023-11-28T06:40:12.198+0000] {logging_mixin.py:154} INFO - [2023-11-28T06:40:12.198+0000] {dagbag.py:536} INFO - Filling up the DagBag from /home/airflow/.local/lib/python3.8/site-packages/airflow/example_dags/example_branch_labels.py
[2023-11-28T06:40:12.209+0000] {processor.py:839} INFO - DAG(s) dict_keys(['example_branch_labels']) retrieved from /home/airflow/.local/lib/python3.8/site-packages/airflow/example_dags/example_branch_labels.py
[2023-11-28T06:40:12.228+0000] {logging_mixin.py:154} INFO - [2023-11-28T06:40:12.228+0000] {dag.py:2941} INFO - Sync 1 DAGs
[2023-11-28T06:40:12.263+0000] {logging_mixin.py:154} INFO - [2023-11-28T06:40:12.263+0000] {dag.py:3722} INFO - Setting next_dagrun for example_branch_labels to 2023-11-27T00:00:00+00:00, run_after=2023-11-28T00:00:00+00:00
[2023-11-28T06:40:12.287+0000] {processor.py:179} INFO - Processing /home/airflow/.local/lib/python3.8/site-packages/airflow/example_dags/example_branch_labels.py took 0.103 seconds
[2023-11-28T06:40:42.750+0000] {processor.py:157} INFO - Started process (PID=107) to work on /home/airflow/.local/lib/python3.8/site-packages/airflow/example_dags/example_branch_labels.py
[2023-11-28T06:40:42.751+0000] {processor.py:829} INFO - Processing file /home/airflow/.local/lib/python3.8/site-packages/airflow/example_dags/example_branch_labels.py for tasks to queue
[2023-11-28T06:40:42.754+0000] {logging_mixin.py:154} INFO - [2023-11-28T06:40:42.754+0000] {dagbag.py:536} INFO - Filling up the DagBag from /home/airflow/.local/lib/python3.8/site-packages/airflow/example_dags/example_branch_labels.py
[2023-11-28T06:40:42.763+0000] {processor.py:839} INFO - DAG(s) dict_keys(['example_branch_labels']) retrieved from /home/airflow/.local/lib/python3.8/site-packages/airflow/example_dags/example_branch_labels.py
[2023-11-28T06:40:42.788+0000] {logging_mixin.py:154} INFO - [2023-11-28T06:40:42.788+0000] {dag.py:2941} INFO - Sync 1 DAGs
[2023-11-28T06:40:42.816+0000] {logging_mixin.py:154} INFO - [2023-11-28T06:40:42.816+0000] {dag.py:3722} INFO - Setting next_dagrun for example_branch_labels to 2023-11-27T00:00:00+00:00, run_after=2023-11-28T00:00:00+00:00
[2023-11-28T06:40:42.837+0000] {processor.py:179} INFO - Processing /home/airflow/.local/lib/python3.8/site-packages/airflow/example_dags/example_branch_labels.py took 0.091 seconds
[2023-11-28T06:41:12.885+0000] {processor.py:157} INFO - Started process (PID=161) to work on /home/airflow/.local/lib/python3.8/site-packages/airflow/example_dags/example_branch_labels.py
[2023-11-28T06:41:12.886+0000] {processor.py:829} INFO - Processing file /home/airflow/.local/lib/python3.8/site-packages/airflow/example_dags/example_branch_labels.py for tasks to queue
[2023-11-28T06:41:12.889+0000] {logging_mixin.py:154} INFO - [2023-11-28T06:41:12.888+0000] {dagbag.py:536} INFO - Filling up the DagBag from /home/airflow/.local/lib/python3.8/site-packages/airflow/example_dags/example_branch_labels.py
[2023-11-28T06:41:12.898+0000] {processor.py:839} INFO - DAG(s) dict_keys(['example_branch_labels']) retrieved from /home/airflow/.local/lib/python3.8/site-packages/airflow/example_dags/example_branch_labels.py
[2023-11-28T06:41:12.923+0000] {logging_mixin.py:154} INFO - [2023-11-28T06:41:12.923+0000] {dag.py:2941} INFO - Sync 1 DAGs
[2023-11-28T06:41:12.949+0000] {logging_mixin.py:154} INFO - [2023-11-28T06:41:12.949+0000] {dag.py:3722} INFO - Setting next_dagrun for example_branch_labels to 2023-11-27T00:00:00+00:00, run_after=2023-11-28T00:00:00+00:00
[2023-11-28T06:41:12.968+0000] {processor.py:179} INFO - Processing /home/airflow/.local/lib/python3.8/site-packages/airflow/example_dags/example_branch_labels.py took 0.087 seconds
[2023-11-28T06:41:43.250+0000] {processor.py:157} INFO - Started process (PID=214) to work on /home/airflow/.local/lib/python3.8/site-packages/airflow/example_dags/example_branch_labels.py
[2023-11-28T06:41:43.252+0000] {processor.py:829} INFO - Processing file /home/airflow/.local/lib/python3.8/site-packages/airflow/example_dags/example_branch_labels.py for tasks to queue
[2023-11-28T06:41:43.254+0000] {logging_mixin.py:154} INFO - [2023-11-28T06:41:43.254+0000] {dagbag.py:536} INFO - Filling up the DagBag from /home/airflow/.local/lib/python3.8/site-packages/airflow/example_dags/example_branch_labels.py
[2023-11-28T06:41:43.264+0000] {processor.py:839} INFO - DAG(s) dict_keys(['example_branch_labels']) retrieved from /home/airflow/.local/lib/python3.8/site-packages/airflow/example_dags/example_branch_labels.py
[2023-11-28T06:41:43.288+0000] {logging_mixin.py:154} INFO - [2023-11-28T06:41:43.287+0000] {dag.py:2941} INFO - Sync 1 DAGs
[2023-11-28T06:41:43.310+0000] {logging_mixin.py:154} INFO - [2023-11-28T06:41:43.310+0000] {dag.py:3722} INFO - Setting next_dagrun for example_branch_labels to 2023-11-27T00:00:00+00:00, run_after=2023-11-28T00:00:00+00:00
[2023-11-28T06:41:43.327+0000] {processor.py:179} INFO - Processing /home/airflow/.local/lib/python3.8/site-packages/airflow/example_dags/example_branch_labels.py took 0.081 seconds
[2023-11-28T06:42:14.401+0000] {processor.py:157} INFO - Started process (PID=269) to work on /home/airflow/.local/lib/python3.8/site-packages/airflow/example_dags/example_branch_labels.py
[2023-11-28T06:42:14.402+0000] {processor.py:829} INFO - Processing file /home/airflow/.local/lib/python3.8/site-packages/airflow/example_dags/example_branch_labels.py for tasks to queue
[2023-11-28T06:42:14.404+0000] {logging_mixin.py:154} INFO - [2023-11-28T06:42:14.404+0000] {dagbag.py:536} INFO - Filling up the DagBag from /home/airflow/.local/lib/python3.8/site-packages/airflow/example_dags/example_branch_labels.py
[2023-11-28T06:42:14.413+0000] {processor.py:839} INFO - DAG(s) dict_keys(['example_branch_labels']) retrieved from /home/airflow/.local/lib/python3.8/site-packages/airflow/example_dags/example_branch_labels.py
[2023-11-28T06:42:14.435+0000] {logging_mixin.py:154} INFO - [2023-11-28T06:42:14.435+0000] {dag.py:2941} INFO - Sync 1 DAGs
[2023-11-28T06:42:14.459+0000] {logging_mixin.py:154} INFO - [2023-11-28T06:42:14.459+0000] {dag.py:3722} INFO - Setting next_dagrun for example_branch_labels to 2023-11-27T00:00:00+00:00, run_after=2023-11-28T00:00:00+00:00
[2023-11-28T06:42:14.476+0000] {processor.py:179} INFO - Processing /home/airflow/.local/lib/python3.8/site-packages/airflow/example_dags/example_branch_labels.py took 0.079 seconds
[2023-11-28T06:42:45.174+0000] {processor.py:157} INFO - Started process (PID=323) to work on /home/airflow/.local/lib/python3.8/site-packages/airflow/example_dags/example_branch_labels.py
[2023-11-28T06:42:45.175+0000] {processor.py:829} INFO - Processing file /home/airflow/.local/lib/python3.8/site-packages/airflow/example_dags/example_branch_labels.py for tasks to queue
[2023-11-28T06:42:45.178+0000] {logging_mixin.py:154} INFO - [2023-11-28T06:42:45.178+0000] {dagbag.py:536} INFO - Filling up the DagBag from /home/airflow/.local/lib/python3.8/site-packages/airflow/example_dags/example_branch_labels.py
[2023-11-28T06:42:45.187+0000] {processor.py:839} INFO - DAG(s) dict_keys(['example_branch_labels']) retrieved from /home/airflow/.local/lib/python3.8/site-packages/airflow/example_dags/example_branch_labels.py
[2023-11-28T06:42:45.210+0000] {logging_mixin.py:154} INFO - [2023-11-28T06:42:45.209+0000] {dag.py:2941} INFO - Sync 1 DAGs
[2023-11-28T06:42:45.235+0000] {logging_mixin.py:154} INFO - [2023-11-28T06:42:45.235+0000] {dag.py:3722} INFO - Setting next_dagrun for example_branch_labels to 2023-11-27T00:00:00+00:00, run_after=2023-11-28T00:00:00+00:00
[2023-11-28T06:42:45.251+0000] {processor.py:179} INFO - Processing /home/airflow/.local/lib/python3.8/site-packages/airflow/example_dags/example_branch_labels.py took 0.081 seconds
[2023-11-28T06:43:15.410+0000] {processor.py:157} INFO - Started process (PID=377) to work on /home/airflow/.local/lib/python3.8/site-packages/airflow/example_dags/example_branch_labels.py
[2023-11-28T06:43:15.411+0000] {processor.py:829} INFO - Processing file /home/airflow/.local/lib/python3.8/site-packages/airflow/example_dags/example_branch_labels.py for tasks to queue
[2023-11-28T06:43:15.413+0000] {logging_mixin.py:154} INFO - [2023-11-28T06:43:15.413+0000] {dagbag.py:536} INFO - Filling up the DagBag from /home/airflow/.local/lib/python3.8/site-packages/airflow/example_dags/example_branch_labels.py
[2023-11-28T06:43:15.422+0000] {processor.py:839} INFO - DAG(s) dict_keys(['example_branch_labels']) retrieved from /home/airflow/.local/lib/python3.8/site-packages/airflow/example_dags/example_branch_labels.py
[2023-11-28T06:43:15.444+0000] {logging_mixin.py:154} INFO - [2023-11-28T06:43:15.444+0000] {dag.py:2941} INFO - Sync 1 DAGs
[2023-11-28T06:43:15.467+0000] {logging_mixin.py:154} INFO - [2023-11-28T06:43:15.467+0000] {dag.py:3722} INFO - Setting next_dagrun for example_branch_labels to 2023-11-27T00:00:00+00:00, run_after=2023-11-28T00:00:00+00:00
[2023-11-28T06:43:15.484+0000] {processor.py:179} INFO - Processing /home/airflow/.local/lib/python3.8/site-packages/airflow/example_dags/example_branch_labels.py took 0.078 seconds
