[2023-11-28T06:38:58.934+0000] {processor.py:157} INFO - Started process (PID=52) to work on /home/airflow/.local/lib/python3.8/site-packages/airflow/example_dags/example_dag_decorator.py
[2023-11-28T06:38:58.937+0000] {processor.py:829} INFO - Processing file /home/airflow/.local/lib/python3.8/site-packages/airflow/example_dags/example_dag_decorator.py for tasks to queue
[2023-11-28T06:38:58.951+0000] {logging_mixin.py:154} INFO - [2023-11-28T06:38:58.951+0000] {dagbag.py:536} INFO - Filling up the DagBag from /home/airflow/.local/lib/python3.8/site-packages/airflow/example_dags/example_dag_decorator.py
[2023-11-28T06:38:59.299+0000] {processor.py:839} INFO - DAG(s) dict_keys(['example_dag_decorator']) retrieved from /home/airflow/.local/lib/python3.8/site-packages/airflow/example_dags/example_dag_decorator.py
[2023-11-28T06:38:59.720+0000] {logging_mixin.py:154} INFO - [2023-11-28T06:38:59.720+0000] {dag.py:2941} INFO - Sync 1 DAGs
[2023-11-28T06:38:59.967+0000] {logging_mixin.py:154} INFO - [2023-11-28T06:38:59.967+0000] {dag.py:3722} INFO - Setting next_dagrun for example_dag_decorator to None, run_after=None
[2023-11-28T06:39:00.010+0000] {processor.py:179} INFO - Processing /home/airflow/.local/lib/python3.8/site-packages/airflow/example_dags/example_dag_decorator.py took 1.083 seconds
[2023-11-28T06:40:11.990+0000] {processor.py:157} INFO - Started process (PID=51) to work on /home/airflow/.local/lib/python3.8/site-packages/airflow/example_dags/example_dag_decorator.py
[2023-11-28T06:40:11.991+0000] {processor.py:829} INFO - Processing file /home/airflow/.local/lib/python3.8/site-packages/airflow/example_dags/example_dag_decorator.py for tasks to queue
[2023-11-28T06:40:11.995+0000] {logging_mixin.py:154} INFO - [2023-11-28T06:40:11.994+0000] {dagbag.py:536} INFO - Filling up the DagBag from /home/airflow/.local/lib/python3.8/site-packages/airflow/example_dags/example_dag_decorator.py
[2023-11-28T06:40:12.088+0000] {processor.py:839} INFO - DAG(s) dict_keys(['example_dag_decorator']) retrieved from /home/airflow/.local/lib/python3.8/site-packages/airflow/example_dags/example_dag_decorator.py
[2023-11-28T06:40:12.106+0000] {logging_mixin.py:154} INFO - [2023-11-28T06:40:12.105+0000] {dag.py:2941} INFO - Sync 1 DAGs
[2023-11-28T06:40:12.127+0000] {logging_mixin.py:154} INFO - [2023-11-28T06:40:12.127+0000] {dag.py:3722} INFO - Setting next_dagrun for example_dag_decorator to None, run_after=None
[2023-11-28T06:40:12.155+0000] {processor.py:179} INFO - Processing /home/airflow/.local/lib/python3.8/site-packages/airflow/example_dags/example_dag_decorator.py took 0.169 seconds
[2023-11-28T06:40:42.516+0000] {processor.py:157} INFO - Started process (PID=105) to work on /home/airflow/.local/lib/python3.8/site-packages/airflow/example_dags/example_dag_decorator.py
[2023-11-28T06:40:42.517+0000] {processor.py:829} INFO - Processing file /home/airflow/.local/lib/python3.8/site-packages/airflow/example_dags/example_dag_decorator.py for tasks to queue
[2023-11-28T06:40:42.520+0000] {logging_mixin.py:154} INFO - [2023-11-28T06:40:42.520+0000] {dagbag.py:536} INFO - Filling up the DagBag from /home/airflow/.local/lib/python3.8/site-packages/airflow/example_dags/example_dag_decorator.py
[2023-11-28T06:40:42.617+0000] {processor.py:839} INFO - DAG(s) dict_keys(['example_dag_decorator']) retrieved from /home/airflow/.local/lib/python3.8/site-packages/airflow/example_dags/example_dag_decorator.py
[2023-11-28T06:40:42.743+0000] {logging_mixin.py:154} INFO - [2023-11-28T06:40:42.743+0000] {dag.py:2941} INFO - Sync 1 DAGs
[2023-11-28T06:40:42.756+0000] {logging_mixin.py:154} INFO - [2023-11-28T06:40:42.756+0000] {dag.py:3722} INFO - Setting next_dagrun for example_dag_decorator to None, run_after=None
[2023-11-28T06:40:42.776+0000] {processor.py:179} INFO - Processing /home/airflow/.local/lib/python3.8/site-packages/airflow/example_dags/example_dag_decorator.py took 0.265 seconds
[2023-11-28T06:41:12.855+0000] {processor.py:157} INFO - Started process (PID=160) to work on /home/airflow/.local/lib/python3.8/site-packages/airflow/example_dags/example_dag_decorator.py
[2023-11-28T06:41:12.856+0000] {processor.py:829} INFO - Processing file /home/airflow/.local/lib/python3.8/site-packages/airflow/example_dags/example_dag_decorator.py for tasks to queue
[2023-11-28T06:41:12.859+0000] {logging_mixin.py:154} INFO - [2023-11-28T06:41:12.859+0000] {dagbag.py:536} INFO - Filling up the DagBag from /home/airflow/.local/lib/python3.8/site-packages/airflow/example_dags/example_dag_decorator.py
[2023-11-28T06:41:12.942+0000] {processor.py:839} INFO - DAG(s) dict_keys(['example_dag_decorator']) retrieved from /home/airflow/.local/lib/python3.8/site-packages/airflow/example_dags/example_dag_decorator.py
[2023-11-28T06:41:13.051+0000] {logging_mixin.py:154} INFO - [2023-11-28T06:41:13.051+0000] {dag.py:2941} INFO - Sync 1 DAGs
[2023-11-28T06:41:13.063+0000] {logging_mixin.py:154} INFO - [2023-11-28T06:41:13.063+0000] {dag.py:3722} INFO - Setting next_dagrun for example_dag_decorator to None, run_after=None
[2023-11-28T06:41:13.081+0000] {processor.py:179} INFO - Processing /home/airflow/.local/lib/python3.8/site-packages/airflow/example_dags/example_dag_decorator.py took 0.230 seconds
[2023-11-28T06:41:43.269+0000] {processor.py:157} INFO - Started process (PID=215) to work on /home/airflow/.local/lib/python3.8/site-packages/airflow/example_dags/example_dag_decorator.py
[2023-11-28T06:41:43.271+0000] {processor.py:829} INFO - Processing file /home/airflow/.local/lib/python3.8/site-packages/airflow/example_dags/example_dag_decorator.py for tasks to queue
[2023-11-28T06:41:43.273+0000] {logging_mixin.py:154} INFO - [2023-11-28T06:41:43.273+0000] {dagbag.py:536} INFO - Filling up the DagBag from /home/airflow/.local/lib/python3.8/site-packages/airflow/example_dags/example_dag_decorator.py
[2023-11-28T06:41:43.350+0000] {processor.py:839} INFO - DAG(s) dict_keys(['example_dag_decorator']) retrieved from /home/airflow/.local/lib/python3.8/site-packages/airflow/example_dags/example_dag_decorator.py
[2023-11-28T06:41:43.452+0000] {logging_mixin.py:154} INFO - [2023-11-28T06:41:43.452+0000] {dag.py:2941} INFO - Sync 1 DAGs
[2023-11-28T06:41:43.463+0000] {logging_mixin.py:154} INFO - [2023-11-28T06:41:43.463+0000] {dag.py:3722} INFO - Setting next_dagrun for example_dag_decorator to None, run_after=None
[2023-11-28T06:41:43.484+0000] {processor.py:179} INFO - Processing /home/airflow/.local/lib/python3.8/site-packages/airflow/example_dags/example_dag_decorator.py took 0.219 seconds
[2023-11-28T06:42:14.112+0000] {processor.py:157} INFO - Started process (PID=267) to work on /home/airflow/.local/lib/python3.8/site-packages/airflow/example_dags/example_dag_decorator.py
[2023-11-28T06:42:14.114+0000] {processor.py:829} INFO - Processing file /home/airflow/.local/lib/python3.8/site-packages/airflow/example_dags/example_dag_decorator.py for tasks to queue
[2023-11-28T06:42:14.138+0000] {logging_mixin.py:154} INFO - [2023-11-28T06:42:14.138+0000] {dagbag.py:536} INFO - Filling up the DagBag from /home/airflow/.local/lib/python3.8/site-packages/airflow/example_dags/example_dag_decorator.py
[2023-11-28T06:42:14.238+0000] {processor.py:839} INFO - DAG(s) dict_keys(['example_dag_decorator']) retrieved from /home/airflow/.local/lib/python3.8/site-packages/airflow/example_dags/example_dag_decorator.py
[2023-11-28T06:42:14.357+0000] {logging_mixin.py:154} INFO - [2023-11-28T06:42:14.357+0000] {dag.py:2941} INFO - Sync 1 DAGs
[2023-11-28T06:42:14.369+0000] {logging_mixin.py:154} INFO - [2023-11-28T06:42:14.369+0000] {dag.py:3722} INFO - Setting next_dagrun for example_dag_decorator to None, run_after=None
[2023-11-28T06:42:14.388+0000] {processor.py:179} INFO - Processing /home/airflow/.local/lib/python3.8/site-packages/airflow/example_dags/example_dag_decorator.py took 0.280 seconds
[2023-11-28T06:42:44.994+0000] {processor.py:157} INFO - Started process (PID=321) to work on /home/airflow/.local/lib/python3.8/site-packages/airflow/example_dags/example_dag_decorator.py
[2023-11-28T06:42:44.995+0000] {processor.py:829} INFO - Processing file /home/airflow/.local/lib/python3.8/site-packages/airflow/example_dags/example_dag_decorator.py for tasks to queue
[2023-11-28T06:42:44.998+0000] {logging_mixin.py:154} INFO - [2023-11-28T06:42:44.998+0000] {dagbag.py:536} INFO - Filling up the DagBag from /home/airflow/.local/lib/python3.8/site-packages/airflow/example_dags/example_dag_decorator.py
[2023-11-28T06:42:45.086+0000] {processor.py:839} INFO - DAG(s) dict_keys(['example_dag_decorator']) retrieved from /home/airflow/.local/lib/python3.8/site-packages/airflow/example_dags/example_dag_decorator.py
[2023-11-28T06:42:45.116+0000] {logging_mixin.py:154} INFO - [2023-11-28T06:42:45.116+0000] {dag.py:2941} INFO - Sync 1 DAGs
[2023-11-28T06:42:45.130+0000] {logging_mixin.py:154} INFO - [2023-11-28T06:42:45.130+0000] {dag.py:3722} INFO - Setting next_dagrun for example_dag_decorator to None, run_after=None
[2023-11-28T06:42:45.151+0000] {processor.py:179} INFO - Processing /home/airflow/.local/lib/python3.8/site-packages/airflow/example_dags/example_dag_decorator.py took 0.161 seconds
[2023-11-28T06:43:15.178+0000] {processor.py:157} INFO - Started process (PID=375) to work on /home/airflow/.local/lib/python3.8/site-packages/airflow/example_dags/example_dag_decorator.py
[2023-11-28T06:43:15.179+0000] {processor.py:829} INFO - Processing file /home/airflow/.local/lib/python3.8/site-packages/airflow/example_dags/example_dag_decorator.py for tasks to queue
[2023-11-28T06:43:15.181+0000] {logging_mixin.py:154} INFO - [2023-11-28T06:43:15.181+0000] {dagbag.py:536} INFO - Filling up the DagBag from /home/airflow/.local/lib/python3.8/site-packages/airflow/example_dags/example_dag_decorator.py
[2023-11-28T06:43:15.270+0000] {processor.py:839} INFO - DAG(s) dict_keys(['example_dag_decorator']) retrieved from /home/airflow/.local/lib/python3.8/site-packages/airflow/example_dags/example_dag_decorator.py
[2023-11-28T06:43:15.378+0000] {logging_mixin.py:154} INFO - [2023-11-28T06:43:15.377+0000] {dag.py:2941} INFO - Sync 1 DAGs
[2023-11-28T06:43:15.389+0000] {logging_mixin.py:154} INFO - [2023-11-28T06:43:15.389+0000] {dag.py:3722} INFO - Setting next_dagrun for example_dag_decorator to None, run_after=None
[2023-11-28T06:43:15.409+0000] {processor.py:179} INFO - Processing /home/airflow/.local/lib/python3.8/site-packages/airflow/example_dags/example_dag_decorator.py took 0.235 seconds
