[2023-11-28T06:39:04.227+0000] {processor.py:157} INFO - Started process (PID=69) to work on /home/airflow/.local/lib/python3.8/site-packages/airflow/example_dags/example_branch_python_dop_operator_3.py
[2023-11-28T06:39:04.230+0000] {processor.py:829} INFO - Processing file /home/airflow/.local/lib/python3.8/site-packages/airflow/example_dags/example_branch_python_dop_operator_3.py for tasks to queue
[2023-11-28T06:39:04.237+0000] {logging_mixin.py:154} INFO - [2023-11-28T06:39:04.236+0000] {dagbag.py:536} INFO - Filling up the DagBag from /home/airflow/.local/lib/python3.8/site-packages/airflow/example_dags/example_branch_python_dop_operator_3.py
[2023-11-28T06:39:04.260+0000] {processor.py:839} INFO - DAG(s) dict_keys(['example_branch_dop_operator_v3']) retrieved from /home/airflow/.local/lib/python3.8/site-packages/airflow/example_dags/example_branch_python_dop_operator_3.py
[2023-11-28T06:39:04.303+0000] {logging_mixin.py:154} INFO - [2023-11-28T06:39:04.303+0000] {dag.py:2941} INFO - Sync 1 DAGs
[2023-11-28T06:39:04.364+0000] {logging_mixin.py:154} INFO - [2023-11-28T06:39:04.363+0000] {dag.py:3722} INFO - Setting next_dagrun for example_branch_dop_operator_v3 to 2023-11-28T06:38:00+00:00, run_after=2023-11-28T06:39:00+00:00
[2023-11-28T06:39:04.395+0000] {processor.py:179} INFO - Processing /home/airflow/.local/lib/python3.8/site-packages/airflow/example_dags/example_branch_python_dop_operator_3.py took 0.177 seconds
[2023-11-28T06:40:13.393+0000] {processor.py:157} INFO - Started process (PID=68) to work on /home/airflow/.local/lib/python3.8/site-packages/airflow/example_dags/example_branch_python_dop_operator_3.py
[2023-11-28T06:40:13.394+0000] {processor.py:829} INFO - Processing file /home/airflow/.local/lib/python3.8/site-packages/airflow/example_dags/example_branch_python_dop_operator_3.py for tasks to queue
[2023-11-28T06:40:13.399+0000] {logging_mixin.py:154} INFO - [2023-11-28T06:40:13.399+0000] {dagbag.py:536} INFO - Filling up the DagBag from /home/airflow/.local/lib/python3.8/site-packages/airflow/example_dags/example_branch_python_dop_operator_3.py
[2023-11-28T06:40:13.413+0000] {processor.py:839} INFO - DAG(s) dict_keys(['example_branch_dop_operator_v3']) retrieved from /home/airflow/.local/lib/python3.8/site-packages/airflow/example_dags/example_branch_python_dop_operator_3.py
[2023-11-28T06:40:13.432+0000] {logging_mixin.py:154} INFO - [2023-11-28T06:40:13.432+0000] {dag.py:2941} INFO - Sync 1 DAGs
[2023-11-28T06:40:13.486+0000] {logging_mixin.py:154} INFO - [2023-11-28T06:40:13.485+0000] {dag.py:3722} INFO - Setting next_dagrun for example_branch_dop_operator_v3 to 2023-11-28T06:39:00+00:00, run_after=2023-11-28T06:40:00+00:00
[2023-11-28T06:40:13.520+0000] {processor.py:179} INFO - Processing /home/airflow/.local/lib/python3.8/site-packages/airflow/example_dags/example_branch_python_dop_operator_3.py took 0.133 seconds
[2023-11-28T06:40:43.735+0000] {processor.py:157} INFO - Started process (PID=122) to work on /home/airflow/.local/lib/python3.8/site-packages/airflow/example_dags/example_branch_python_dop_operator_3.py
[2023-11-28T06:40:43.736+0000] {processor.py:829} INFO - Processing file /home/airflow/.local/lib/python3.8/site-packages/airflow/example_dags/example_branch_python_dop_operator_3.py for tasks to queue
[2023-11-28T06:40:43.739+0000] {logging_mixin.py:154} INFO - [2023-11-28T06:40:43.739+0000] {dagbag.py:536} INFO - Filling up the DagBag from /home/airflow/.local/lib/python3.8/site-packages/airflow/example_dags/example_branch_python_dop_operator_3.py
[2023-11-28T06:40:43.750+0000] {processor.py:839} INFO - DAG(s) dict_keys(['example_branch_dop_operator_v3']) retrieved from /home/airflow/.local/lib/python3.8/site-packages/airflow/example_dags/example_branch_python_dop_operator_3.py
[2023-11-28T06:40:43.774+0000] {logging_mixin.py:154} INFO - [2023-11-28T06:40:43.774+0000] {dag.py:2941} INFO - Sync 1 DAGs
[2023-11-28T06:40:43.804+0000] {logging_mixin.py:154} INFO - [2023-11-28T06:40:43.804+0000] {dag.py:3722} INFO - Setting next_dagrun for example_branch_dop_operator_v3 to 2023-11-28T06:39:00+00:00, run_after=2023-11-28T06:40:00+00:00
[2023-11-28T06:40:43.834+0000] {processor.py:179} INFO - Processing /home/airflow/.local/lib/python3.8/site-packages/airflow/example_dags/example_branch_python_dop_operator_3.py took 0.103 seconds
[2023-11-28T06:41:13.971+0000] {processor.py:157} INFO - Started process (PID=176) to work on /home/airflow/.local/lib/python3.8/site-packages/airflow/example_dags/example_branch_python_dop_operator_3.py
[2023-11-28T06:41:13.972+0000] {processor.py:829} INFO - Processing file /home/airflow/.local/lib/python3.8/site-packages/airflow/example_dags/example_branch_python_dop_operator_3.py for tasks to queue
[2023-11-28T06:41:13.974+0000] {logging_mixin.py:154} INFO - [2023-11-28T06:41:13.974+0000] {dagbag.py:536} INFO - Filling up the DagBag from /home/airflow/.local/lib/python3.8/site-packages/airflow/example_dags/example_branch_python_dop_operator_3.py
[2023-11-28T06:41:13.984+0000] {processor.py:839} INFO - DAG(s) dict_keys(['example_branch_dop_operator_v3']) retrieved from /home/airflow/.local/lib/python3.8/site-packages/airflow/example_dags/example_branch_python_dop_operator_3.py
[2023-11-28T06:41:14.006+0000] {logging_mixin.py:154} INFO - [2023-11-28T06:41:14.005+0000] {dag.py:2941} INFO - Sync 1 DAGs
[2023-11-28T06:41:14.035+0000] {logging_mixin.py:154} INFO - [2023-11-28T06:41:14.035+0000] {dag.py:3722} INFO - Setting next_dagrun for example_branch_dop_operator_v3 to 2023-11-28T06:40:00+00:00, run_after=2023-11-28T06:41:00+00:00
[2023-11-28T06:41:14.056+0000] {processor.py:179} INFO - Processing /home/airflow/.local/lib/python3.8/site-packages/airflow/example_dags/example_branch_python_dop_operator_3.py took 0.089 seconds
[2023-11-28T06:41:44.188+0000] {processor.py:157} INFO - Started process (PID=230) to work on /home/airflow/.local/lib/python3.8/site-packages/airflow/example_dags/example_branch_python_dop_operator_3.py
[2023-11-28T06:41:44.189+0000] {processor.py:829} INFO - Processing file /home/airflow/.local/lib/python3.8/site-packages/airflow/example_dags/example_branch_python_dop_operator_3.py for tasks to queue
[2023-11-28T06:41:44.192+0000] {logging_mixin.py:154} INFO - [2023-11-28T06:41:44.192+0000] {dagbag.py:536} INFO - Filling up the DagBag from /home/airflow/.local/lib/python3.8/site-packages/airflow/example_dags/example_branch_python_dop_operator_3.py
[2023-11-28T06:41:44.202+0000] {processor.py:839} INFO - DAG(s) dict_keys(['example_branch_dop_operator_v3']) retrieved from /home/airflow/.local/lib/python3.8/site-packages/airflow/example_dags/example_branch_python_dop_operator_3.py
[2023-11-28T06:41:44.226+0000] {logging_mixin.py:154} INFO - [2023-11-28T06:41:44.225+0000] {dag.py:2941} INFO - Sync 1 DAGs
[2023-11-28T06:41:44.257+0000] {logging_mixin.py:154} INFO - [2023-11-28T06:41:44.257+0000] {dag.py:3722} INFO - Setting next_dagrun for example_branch_dop_operator_v3 to 2023-11-28T06:40:00+00:00, run_after=2023-11-28T06:41:00+00:00
[2023-11-28T06:41:44.278+0000] {processor.py:179} INFO - Processing /home/airflow/.local/lib/python3.8/site-packages/airflow/example_dags/example_branch_python_dop_operator_3.py took 0.093 seconds
[2023-11-28T06:42:15.351+0000] {processor.py:157} INFO - Started process (PID=284) to work on /home/airflow/.local/lib/python3.8/site-packages/airflow/example_dags/example_branch_python_dop_operator_3.py
[2023-11-28T06:42:15.352+0000] {processor.py:829} INFO - Processing file /home/airflow/.local/lib/python3.8/site-packages/airflow/example_dags/example_branch_python_dop_operator_3.py for tasks to queue
[2023-11-28T06:42:15.355+0000] {logging_mixin.py:154} INFO - [2023-11-28T06:42:15.355+0000] {dagbag.py:536} INFO - Filling up the DagBag from /home/airflow/.local/lib/python3.8/site-packages/airflow/example_dags/example_branch_python_dop_operator_3.py
[2023-11-28T06:42:15.365+0000] {processor.py:839} INFO - DAG(s) dict_keys(['example_branch_dop_operator_v3']) retrieved from /home/airflow/.local/lib/python3.8/site-packages/airflow/example_dags/example_branch_python_dop_operator_3.py
[2023-11-28T06:42:15.387+0000] {logging_mixin.py:154} INFO - [2023-11-28T06:42:15.387+0000] {dag.py:2941} INFO - Sync 1 DAGs
[2023-11-28T06:42:15.428+0000] {logging_mixin.py:154} INFO - [2023-11-28T06:42:15.427+0000] {dag.py:3722} INFO - Setting next_dagrun for example_branch_dop_operator_v3 to 2023-11-28T06:41:00+00:00, run_after=2023-11-28T06:42:00+00:00
[2023-11-28T06:42:15.452+0000] {processor.py:179} INFO - Processing /home/airflow/.local/lib/python3.8/site-packages/airflow/example_dags/example_branch_python_dop_operator_3.py took 0.105 seconds
[2023-11-28T06:42:46.076+0000] {processor.py:157} INFO - Started process (PID=338) to work on /home/airflow/.local/lib/python3.8/site-packages/airflow/example_dags/example_branch_python_dop_operator_3.py
[2023-11-28T06:42:46.091+0000] {processor.py:829} INFO - Processing file /home/airflow/.local/lib/python3.8/site-packages/airflow/example_dags/example_branch_python_dop_operator_3.py for tasks to queue
[2023-11-28T06:42:46.113+0000] {logging_mixin.py:154} INFO - [2023-11-28T06:42:46.113+0000] {dagbag.py:536} INFO - Filling up the DagBag from /home/airflow/.local/lib/python3.8/site-packages/airflow/example_dags/example_branch_python_dop_operator_3.py
[2023-11-28T06:42:46.122+0000] {processor.py:839} INFO - DAG(s) dict_keys(['example_branch_dop_operator_v3']) retrieved from /home/airflow/.local/lib/python3.8/site-packages/airflow/example_dags/example_branch_python_dop_operator_3.py
[2023-11-28T06:42:46.149+0000] {logging_mixin.py:154} INFO - [2023-11-28T06:42:46.148+0000] {dag.py:2941} INFO - Sync 1 DAGs
[2023-11-28T06:42:46.178+0000] {logging_mixin.py:154} INFO - [2023-11-28T06:42:46.178+0000] {dag.py:3722} INFO - Setting next_dagrun for example_branch_dop_operator_v3 to 2023-11-28T06:41:00+00:00, run_after=2023-11-28T06:42:00+00:00
[2023-11-28T06:42:46.201+0000] {processor.py:179} INFO - Processing /home/airflow/.local/lib/python3.8/site-packages/airflow/example_dags/example_branch_python_dop_operator_3.py took 0.129 seconds
[2023-11-28T06:43:16.356+0000] {processor.py:157} INFO - Started process (PID=392) to work on /home/airflow/.local/lib/python3.8/site-packages/airflow/example_dags/example_branch_python_dop_operator_3.py
[2023-11-28T06:43:16.357+0000] {processor.py:829} INFO - Processing file /home/airflow/.local/lib/python3.8/site-packages/airflow/example_dags/example_branch_python_dop_operator_3.py for tasks to queue
[2023-11-28T06:43:16.360+0000] {logging_mixin.py:154} INFO - [2023-11-28T06:43:16.359+0000] {dagbag.py:536} INFO - Filling up the DagBag from /home/airflow/.local/lib/python3.8/site-packages/airflow/example_dags/example_branch_python_dop_operator_3.py
[2023-11-28T06:43:16.368+0000] {processor.py:839} INFO - DAG(s) dict_keys(['example_branch_dop_operator_v3']) retrieved from /home/airflow/.local/lib/python3.8/site-packages/airflow/example_dags/example_branch_python_dop_operator_3.py
[2023-11-28T06:43:16.392+0000] {logging_mixin.py:154} INFO - [2023-11-28T06:43:16.392+0000] {dag.py:2941} INFO - Sync 1 DAGs
[2023-11-28T06:43:16.417+0000] {logging_mixin.py:154} INFO - [2023-11-28T06:43:16.417+0000] {dag.py:3722} INFO - Setting next_dagrun for example_branch_dop_operator_v3 to 2023-11-28T06:42:00+00:00, run_after=2023-11-28T06:43:00+00:00
[2023-11-28T06:43:16.437+0000] {processor.py:179} INFO - Processing /home/airflow/.local/lib/python3.8/site-packages/airflow/example_dags/example_branch_python_dop_operator_3.py took 0.085 seconds
