[2023-11-28T06:38:58.770+0000] {processor.py:157} INFO - Started process (PID=51) to work on /home/airflow/.local/lib/python3.8/site-packages/airflow/example_dags/example_subdag_operator.py
[2023-11-28T06:38:58.777+0000] {processor.py:829} INFO - Processing file /home/airflow/.local/lib/python3.8/site-packages/airflow/example_dags/example_subdag_operator.py for tasks to queue
[2023-11-28T06:38:58.780+0000] {logging_mixin.py:154} INFO - [2023-11-28T06:38:58.780+0000] {dagbag.py:536} INFO - Filling up the DagBag from /home/airflow/.local/lib/python3.8/site-packages/airflow/example_dags/example_subdag_operator.py
[2023-11-28T06:38:58.870+0000] {processor.py:839} INFO - DAG(s) dict_keys(['example_subdag_operator.section-1', 'example_subdag_operator.section-2', 'example_subdag_operator']) retrieved from /home/airflow/.local/lib/python3.8/site-packages/airflow/example_dags/example_subdag_operator.py
[2023-11-28T06:38:58.928+0000] {logging_mixin.py:154} INFO - [2023-11-28T06:38:58.928+0000] {dag.py:2941} INFO - Sync 3 DAGs
[2023-11-28T06:38:58.986+0000] {logging_mixin.py:154} INFO - [2023-11-28T06:38:58.985+0000] {dag.py:3722} INFO - Setting next_dagrun for example_subdag_operator to 2022-01-01T00:00:00+00:00, run_after=2022-01-01T00:00:00+00:00
[2023-11-28T06:38:58.994+0000] {logging_mixin.py:154} INFO - [2023-11-28T06:38:58.994+0000] {dag.py:3722} INFO - Setting next_dagrun for example_subdag_operator.section-1 to None, run_after=None
[2023-11-28T06:38:58.998+0000] {logging_mixin.py:154} INFO - [2023-11-28T06:38:58.998+0000] {dag.py:3722} INFO - Setting next_dagrun for example_subdag_operator.section-2 to None, run_after=None
[2023-11-28T06:38:59.013+0000] {logging_mixin.py:154} INFO - [2023-11-28T06:38:59.012+0000] {dag.py:2941} INFO - Sync 2 DAGs
[2023-11-28T06:38:59.026+0000] {logging_mixin.py:154} INFO - [2023-11-28T06:38:59.026+0000] {dag.py:3722} INFO - Setting next_dagrun for example_subdag_operator.section-1 to None, run_after=None
[2023-11-28T06:38:59.028+0000] {logging_mixin.py:154} INFO - [2023-11-28T06:38:59.028+0000] {dag.py:3722} INFO - Setting next_dagrun for example_subdag_operator.section-2 to None, run_after=None
[2023-11-28T06:38:59.055+0000] {processor.py:179} INFO - Processing /home/airflow/.local/lib/python3.8/site-packages/airflow/example_dags/example_subdag_operator.py took 0.291 seconds
[2023-11-28T06:40:11.981+0000] {processor.py:157} INFO - Started process (PID=50) to work on /home/airflow/.local/lib/python3.8/site-packages/airflow/example_dags/example_subdag_operator.py
[2023-11-28T06:40:11.983+0000] {processor.py:829} INFO - Processing file /home/airflow/.local/lib/python3.8/site-packages/airflow/example_dags/example_subdag_operator.py for tasks to queue
[2023-11-28T06:40:11.985+0000] {logging_mixin.py:154} INFO - [2023-11-28T06:40:11.985+0000] {dagbag.py:536} INFO - Filling up the DagBag from /home/airflow/.local/lib/python3.8/site-packages/airflow/example_dags/example_subdag_operator.py
[2023-11-28T06:40:12.015+0000] {processor.py:839} INFO - DAG(s) dict_keys(['example_subdag_operator.section-1', 'example_subdag_operator.section-2', 'example_subdag_operator']) retrieved from /home/airflow/.local/lib/python3.8/site-packages/airflow/example_dags/example_subdag_operator.py
[2023-11-28T06:40:12.021+0000] {logging_mixin.py:154} INFO - [2023-11-28T06:40:12.020+0000] {dag.py:2941} INFO - Sync 3 DAGs
[2023-11-28T06:40:12.053+0000] {logging_mixin.py:154} INFO - [2023-11-28T06:40:12.053+0000] {dag.py:3722} INFO - Setting next_dagrun for example_subdag_operator to 2022-01-01T00:00:00+00:00, run_after=2022-01-01T00:00:00+00:00
[2023-11-28T06:40:12.058+0000] {logging_mixin.py:154} INFO - [2023-11-28T06:40:12.057+0000] {dag.py:3722} INFO - Setting next_dagrun for example_subdag_operator.section-1 to None, run_after=None
[2023-11-28T06:40:12.060+0000] {logging_mixin.py:154} INFO - [2023-11-28T06:40:12.060+0000] {dag.py:3722} INFO - Setting next_dagrun for example_subdag_operator.section-2 to None, run_after=None
[2023-11-28T06:40:12.069+0000] {logging_mixin.py:154} INFO - [2023-11-28T06:40:12.069+0000] {dag.py:2941} INFO - Sync 2 DAGs
[2023-11-28T06:40:12.076+0000] {logging_mixin.py:154} INFO - [2023-11-28T06:40:12.076+0000] {dag.py:3722} INFO - Setting next_dagrun for example_subdag_operator.section-1 to None, run_after=None
[2023-11-28T06:40:12.077+0000] {logging_mixin.py:154} INFO - [2023-11-28T06:40:12.077+0000] {dag.py:3722} INFO - Setting next_dagrun for example_subdag_operator.section-2 to None, run_after=None
[2023-11-28T06:40:12.096+0000] {processor.py:179} INFO - Processing /home/airflow/.local/lib/python3.8/site-packages/airflow/example_dags/example_subdag_operator.py took 0.119 seconds
[2023-11-28T06:40:42.486+0000] {processor.py:157} INFO - Started process (PID=104) to work on /home/airflow/.local/lib/python3.8/site-packages/airflow/example_dags/example_subdag_operator.py
[2023-11-28T06:40:42.488+0000] {processor.py:829} INFO - Processing file /home/airflow/.local/lib/python3.8/site-packages/airflow/example_dags/example_subdag_operator.py for tasks to queue
[2023-11-28T06:40:42.491+0000] {logging_mixin.py:154} INFO - [2023-11-28T06:40:42.491+0000] {dagbag.py:536} INFO - Filling up the DagBag from /home/airflow/.local/lib/python3.8/site-packages/airflow/example_dags/example_subdag_operator.py
[2023-11-28T06:40:42.523+0000] {processor.py:839} INFO - DAG(s) dict_keys(['example_subdag_operator.section-1', 'example_subdag_operator.section-2', 'example_subdag_operator']) retrieved from /home/airflow/.local/lib/python3.8/site-packages/airflow/example_dags/example_subdag_operator.py
[2023-11-28T06:40:42.543+0000] {logging_mixin.py:154} INFO - [2023-11-28T06:40:42.543+0000] {dag.py:2941} INFO - Sync 3 DAGs
[2023-11-28T06:40:42.572+0000] {logging_mixin.py:154} INFO - [2023-11-28T06:40:42.572+0000] {dag.py:3722} INFO - Setting next_dagrun for example_subdag_operator to 2022-01-01T00:00:00+00:00, run_after=2022-01-01T00:00:00+00:00
[2023-11-28T06:40:42.578+0000] {logging_mixin.py:154} INFO - [2023-11-28T06:40:42.578+0000] {dag.py:3722} INFO - Setting next_dagrun for example_subdag_operator.section-1 to None, run_after=None
[2023-11-28T06:40:42.581+0000] {logging_mixin.py:154} INFO - [2023-11-28T06:40:42.581+0000] {dag.py:3722} INFO - Setting next_dagrun for example_subdag_operator.section-2 to None, run_after=None
[2023-11-28T06:40:42.591+0000] {logging_mixin.py:154} INFO - [2023-11-28T06:40:42.591+0000] {dag.py:2941} INFO - Sync 2 DAGs
[2023-11-28T06:40:42.598+0000] {logging_mixin.py:154} INFO - [2023-11-28T06:40:42.598+0000] {dag.py:3722} INFO - Setting next_dagrun for example_subdag_operator.section-1 to None, run_after=None
[2023-11-28T06:40:42.599+0000] {logging_mixin.py:154} INFO - [2023-11-28T06:40:42.599+0000] {dag.py:3722} INFO - Setting next_dagrun for example_subdag_operator.section-2 to None, run_after=None
[2023-11-28T06:40:42.613+0000] {processor.py:179} INFO - Processing /home/airflow/.local/lib/python3.8/site-packages/airflow/example_dags/example_subdag_operator.py took 0.130 seconds
[2023-11-28T06:41:12.716+0000] {processor.py:157} INFO - Started process (PID=158) to work on /home/airflow/.local/lib/python3.8/site-packages/airflow/example_dags/example_subdag_operator.py
[2023-11-28T06:41:12.717+0000] {processor.py:829} INFO - Processing file /home/airflow/.local/lib/python3.8/site-packages/airflow/example_dags/example_subdag_operator.py for tasks to queue
[2023-11-28T06:41:12.720+0000] {logging_mixin.py:154} INFO - [2023-11-28T06:41:12.719+0000] {dagbag.py:536} INFO - Filling up the DagBag from /home/airflow/.local/lib/python3.8/site-packages/airflow/example_dags/example_subdag_operator.py
[2023-11-28T06:41:12.752+0000] {processor.py:839} INFO - DAG(s) dict_keys(['example_subdag_operator.section-1', 'example_subdag_operator.section-2', 'example_subdag_operator']) retrieved from /home/airflow/.local/lib/python3.8/site-packages/airflow/example_dags/example_subdag_operator.py
[2023-11-28T06:41:12.774+0000] {logging_mixin.py:154} INFO - [2023-11-28T06:41:12.774+0000] {dag.py:2941} INFO - Sync 3 DAGs
[2023-11-28T06:41:12.801+0000] {logging_mixin.py:154} INFO - [2023-11-28T06:41:12.800+0000] {dag.py:3722} INFO - Setting next_dagrun for example_subdag_operator to 2022-01-01T00:00:00+00:00, run_after=2022-01-01T00:00:00+00:00
[2023-11-28T06:41:12.805+0000] {logging_mixin.py:154} INFO - [2023-11-28T06:41:12.805+0000] {dag.py:3722} INFO - Setting next_dagrun for example_subdag_operator.section-1 to None, run_after=None
[2023-11-28T06:41:12.807+0000] {logging_mixin.py:154} INFO - [2023-11-28T06:41:12.807+0000] {dag.py:3722} INFO - Setting next_dagrun for example_subdag_operator.section-2 to None, run_after=None
[2023-11-28T06:41:12.813+0000] {logging_mixin.py:154} INFO - [2023-11-28T06:41:12.813+0000] {dag.py:2941} INFO - Sync 2 DAGs
[2023-11-28T06:41:12.819+0000] {logging_mixin.py:154} INFO - [2023-11-28T06:41:12.819+0000] {dag.py:3722} INFO - Setting next_dagrun for example_subdag_operator.section-1 to None, run_after=None
[2023-11-28T06:41:12.820+0000] {logging_mixin.py:154} INFO - [2023-11-28T06:41:12.820+0000] {dag.py:3722} INFO - Setting next_dagrun for example_subdag_operator.section-2 to None, run_after=None
[2023-11-28T06:41:12.832+0000] {processor.py:179} INFO - Processing /home/airflow/.local/lib/python3.8/site-packages/airflow/example_dags/example_subdag_operator.py took 0.121 seconds
[2023-11-28T06:41:43.113+0000] {processor.py:157} INFO - Started process (PID=212) to work on /home/airflow/.local/lib/python3.8/site-packages/airflow/example_dags/example_subdag_operator.py
[2023-11-28T06:41:43.114+0000] {processor.py:829} INFO - Processing file /home/airflow/.local/lib/python3.8/site-packages/airflow/example_dags/example_subdag_operator.py for tasks to queue
[2023-11-28T06:41:43.117+0000] {logging_mixin.py:154} INFO - [2023-11-28T06:41:43.116+0000] {dagbag.py:536} INFO - Filling up the DagBag from /home/airflow/.local/lib/python3.8/site-packages/airflow/example_dags/example_subdag_operator.py
[2023-11-28T06:41:43.150+0000] {processor.py:839} INFO - DAG(s) dict_keys(['example_subdag_operator.section-1', 'example_subdag_operator.section-2', 'example_subdag_operator']) retrieved from /home/airflow/.local/lib/python3.8/site-packages/airflow/example_dags/example_subdag_operator.py
[2023-11-28T06:41:43.169+0000] {logging_mixin.py:154} INFO - [2023-11-28T06:41:43.169+0000] {dag.py:2941} INFO - Sync 3 DAGs
[2023-11-28T06:41:43.193+0000] {logging_mixin.py:154} INFO - [2023-11-28T06:41:43.193+0000] {dag.py:3722} INFO - Setting next_dagrun for example_subdag_operator to 2022-01-01T00:00:00+00:00, run_after=2022-01-01T00:00:00+00:00
[2023-11-28T06:41:43.197+0000] {logging_mixin.py:154} INFO - [2023-11-28T06:41:43.197+0000] {dag.py:3722} INFO - Setting next_dagrun for example_subdag_operator.section-1 to None, run_after=None
[2023-11-28T06:41:43.199+0000] {logging_mixin.py:154} INFO - [2023-11-28T06:41:43.199+0000] {dag.py:3722} INFO - Setting next_dagrun for example_subdag_operator.section-2 to None, run_after=None
[2023-11-28T06:41:43.207+0000] {logging_mixin.py:154} INFO - [2023-11-28T06:41:43.207+0000] {dag.py:2941} INFO - Sync 2 DAGs
[2023-11-28T06:41:43.212+0000] {logging_mixin.py:154} INFO - [2023-11-28T06:41:43.212+0000] {dag.py:3722} INFO - Setting next_dagrun for example_subdag_operator.section-1 to None, run_after=None
[2023-11-28T06:41:43.213+0000] {logging_mixin.py:154} INFO - [2023-11-28T06:41:43.213+0000] {dag.py:3722} INFO - Setting next_dagrun for example_subdag_operator.section-2 to None, run_after=None
[2023-11-28T06:41:43.226+0000] {processor.py:179} INFO - Processing /home/airflow/.local/lib/python3.8/site-packages/airflow/example_dags/example_subdag_operator.py took 0.117 seconds
[2023-11-28T06:42:14.088+0000] {processor.py:157} INFO - Started process (PID=266) to work on /home/airflow/.local/lib/python3.8/site-packages/airflow/example_dags/example_subdag_operator.py
[2023-11-28T06:42:14.090+0000] {processor.py:829} INFO - Processing file /home/airflow/.local/lib/python3.8/site-packages/airflow/example_dags/example_subdag_operator.py for tasks to queue
[2023-11-28T06:42:14.095+0000] {logging_mixin.py:154} INFO - [2023-11-28T06:42:14.095+0000] {dagbag.py:536} INFO - Filling up the DagBag from /home/airflow/.local/lib/python3.8/site-packages/airflow/example_dags/example_subdag_operator.py
[2023-11-28T06:42:14.131+0000] {processor.py:839} INFO - DAG(s) dict_keys(['example_subdag_operator.section-1', 'example_subdag_operator.section-2', 'example_subdag_operator']) retrieved from /home/airflow/.local/lib/python3.8/site-packages/airflow/example_dags/example_subdag_operator.py
[2023-11-28T06:42:14.162+0000] {logging_mixin.py:154} INFO - [2023-11-28T06:42:14.162+0000] {dag.py:2941} INFO - Sync 3 DAGs
[2023-11-28T06:42:14.204+0000] {logging_mixin.py:154} INFO - [2023-11-28T06:42:14.204+0000] {dag.py:3722} INFO - Setting next_dagrun for example_subdag_operator to 2022-01-01T00:00:00+00:00, run_after=2022-01-01T00:00:00+00:00
[2023-11-28T06:42:14.223+0000] {logging_mixin.py:154} INFO - [2023-11-28T06:42:14.222+0000] {dag.py:3722} INFO - Setting next_dagrun for example_subdag_operator.section-1 to None, run_after=None
[2023-11-28T06:42:14.241+0000] {logging_mixin.py:154} INFO - [2023-11-28T06:42:14.241+0000] {dag.py:3722} INFO - Setting next_dagrun for example_subdag_operator.section-2 to None, run_after=None
[2023-11-28T06:42:14.249+0000] {logging_mixin.py:154} INFO - [2023-11-28T06:42:14.249+0000] {dag.py:2941} INFO - Sync 2 DAGs
[2023-11-28T06:42:14.257+0000] {logging_mixin.py:154} INFO - [2023-11-28T06:42:14.257+0000] {dag.py:3722} INFO - Setting next_dagrun for example_subdag_operator.section-1 to None, run_after=None
[2023-11-28T06:42:14.257+0000] {logging_mixin.py:154} INFO - [2023-11-28T06:42:14.257+0000] {dag.py:3722} INFO - Setting next_dagrun for example_subdag_operator.section-2 to None, run_after=None
[2023-11-28T06:42:14.270+0000] {processor.py:179} INFO - Processing /home/airflow/.local/lib/python3.8/site-packages/airflow/example_dags/example_subdag_operator.py took 0.187 seconds
[2023-11-28T06:42:44.987+0000] {processor.py:157} INFO - Started process (PID=320) to work on /home/airflow/.local/lib/python3.8/site-packages/airflow/example_dags/example_subdag_operator.py
[2023-11-28T06:42:44.989+0000] {processor.py:829} INFO - Processing file /home/airflow/.local/lib/python3.8/site-packages/airflow/example_dags/example_subdag_operator.py for tasks to queue
[2023-11-28T06:42:44.991+0000] {logging_mixin.py:154} INFO - [2023-11-28T06:42:44.991+0000] {dagbag.py:536} INFO - Filling up the DagBag from /home/airflow/.local/lib/python3.8/site-packages/airflow/example_dags/example_subdag_operator.py
[2023-11-28T06:42:45.017+0000] {processor.py:839} INFO - DAG(s) dict_keys(['example_subdag_operator.section-1', 'example_subdag_operator.section-2', 'example_subdag_operator']) retrieved from /home/airflow/.local/lib/python3.8/site-packages/airflow/example_dags/example_subdag_operator.py
[2023-11-28T06:42:45.034+0000] {logging_mixin.py:154} INFO - [2023-11-28T06:42:45.034+0000] {dag.py:2941} INFO - Sync 3 DAGs
[2023-11-28T06:42:45.060+0000] {logging_mixin.py:154} INFO - [2023-11-28T06:42:45.060+0000] {dag.py:3722} INFO - Setting next_dagrun for example_subdag_operator to 2022-01-01T00:00:00+00:00, run_after=2022-01-01T00:00:00+00:00
[2023-11-28T06:42:45.067+0000] {logging_mixin.py:154} INFO - [2023-11-28T06:42:45.067+0000] {dag.py:3722} INFO - Setting next_dagrun for example_subdag_operator.section-1 to None, run_after=None
[2023-11-28T06:42:45.069+0000] {logging_mixin.py:154} INFO - [2023-11-28T06:42:45.069+0000] {dag.py:3722} INFO - Setting next_dagrun for example_subdag_operator.section-2 to None, run_after=None
[2023-11-28T06:42:45.079+0000] {logging_mixin.py:154} INFO - [2023-11-28T06:42:45.079+0000] {dag.py:2941} INFO - Sync 2 DAGs
[2023-11-28T06:42:45.085+0000] {logging_mixin.py:154} INFO - [2023-11-28T06:42:45.085+0000] {dag.py:3722} INFO - Setting next_dagrun for example_subdag_operator.section-1 to None, run_after=None
[2023-11-28T06:42:45.086+0000] {logging_mixin.py:154} INFO - [2023-11-28T06:42:45.086+0000] {dag.py:3722} INFO - Setting next_dagrun for example_subdag_operator.section-2 to None, run_after=None
[2023-11-28T06:42:45.098+0000] {processor.py:179} INFO - Processing /home/airflow/.local/lib/python3.8/site-packages/airflow/example_dags/example_subdag_operator.py took 0.114 seconds
[2023-11-28T06:43:15.172+0000] {processor.py:157} INFO - Started process (PID=374) to work on /home/airflow/.local/lib/python3.8/site-packages/airflow/example_dags/example_subdag_operator.py
[2023-11-28T06:43:15.173+0000] {processor.py:829} INFO - Processing file /home/airflow/.local/lib/python3.8/site-packages/airflow/example_dags/example_subdag_operator.py for tasks to queue
[2023-11-28T06:43:15.176+0000] {logging_mixin.py:154} INFO - [2023-11-28T06:43:15.175+0000] {dagbag.py:536} INFO - Filling up the DagBag from /home/airflow/.local/lib/python3.8/site-packages/airflow/example_dags/example_subdag_operator.py
[2023-11-28T06:43:15.201+0000] {processor.py:839} INFO - DAG(s) dict_keys(['example_subdag_operator.section-1', 'example_subdag_operator.section-2', 'example_subdag_operator']) retrieved from /home/airflow/.local/lib/python3.8/site-packages/airflow/example_dags/example_subdag_operator.py
[2023-11-28T06:43:15.223+0000] {logging_mixin.py:154} INFO - [2023-11-28T06:43:15.223+0000] {dag.py:2941} INFO - Sync 3 DAGs
[2023-11-28T06:43:15.248+0000] {logging_mixin.py:154} INFO - [2023-11-28T06:43:15.247+0000] {dag.py:3722} INFO - Setting next_dagrun for example_subdag_operator to 2022-01-01T00:00:00+00:00, run_after=2022-01-01T00:00:00+00:00
[2023-11-28T06:43:15.252+0000] {logging_mixin.py:154} INFO - [2023-11-28T06:43:15.252+0000] {dag.py:3722} INFO - Setting next_dagrun for example_subdag_operator.section-1 to None, run_after=None
[2023-11-28T06:43:15.254+0000] {logging_mixin.py:154} INFO - [2023-11-28T06:43:15.254+0000] {dag.py:3722} INFO - Setting next_dagrun for example_subdag_operator.section-2 to None, run_after=None
[2023-11-28T06:43:15.268+0000] {logging_mixin.py:154} INFO - [2023-11-28T06:43:15.267+0000] {dag.py:2941} INFO - Sync 2 DAGs
[2023-11-28T06:43:15.275+0000] {logging_mixin.py:154} INFO - [2023-11-28T06:43:15.275+0000] {dag.py:3722} INFO - Setting next_dagrun for example_subdag_operator.section-1 to None, run_after=None
[2023-11-28T06:43:15.276+0000] {logging_mixin.py:154} INFO - [2023-11-28T06:43:15.276+0000] {dag.py:3722} INFO - Setting next_dagrun for example_subdag_operator.section-2 to None, run_after=None
[2023-11-28T06:43:15.287+0000] {processor.py:179} INFO - Processing /home/airflow/.local/lib/python3.8/site-packages/airflow/example_dags/example_subdag_operator.py took 0.119 seconds
