[2023-11-28T06:39:00.110+0000] {processor.py:157} INFO - Started process (PID=58) to work on /home/airflow/.local/lib/python3.8/site-packages/airflow/example_dags/example_task_group.py
[2023-11-28T06:39:00.113+0000] {processor.py:829} INFO - Processing file /home/airflow/.local/lib/python3.8/site-packages/airflow/example_dags/example_task_group.py for tasks to queue
[2023-11-28T06:39:00.118+0000] {logging_mixin.py:154} INFO - [2023-11-28T06:39:00.117+0000] {dagbag.py:536} INFO - Filling up the DagBag from /home/airflow/.local/lib/python3.8/site-packages/airflow/example_dags/example_task_group.py
[2023-11-28T06:39:00.137+0000] {processor.py:839} INFO - DAG(s) dict_keys(['example_task_group']) retrieved from /home/airflow/.local/lib/python3.8/site-packages/airflow/example_dags/example_task_group.py
[2023-11-28T06:39:00.185+0000] {logging_mixin.py:154} INFO - [2023-11-28T06:39:00.185+0000] {dag.py:2941} INFO - Sync 1 DAGs
[2023-11-28T06:39:00.253+0000] {logging_mixin.py:154} INFO - [2023-11-28T06:39:00.253+0000] {dag.py:3722} INFO - Setting next_dagrun for example_task_group to 2023-11-27T06:39:00.252275+00:00, run_after=2023-11-28T06:39:00.252275+00:00
[2023-11-28T06:39:00.362+0000] {processor.py:179} INFO - Processing /home/airflow/.local/lib/python3.8/site-packages/airflow/example_dags/example_task_group.py took 0.260 seconds
[2023-11-28T06:40:12.444+0000] {processor.py:157} INFO - Started process (PID=57) to work on /home/airflow/.local/lib/python3.8/site-packages/airflow/example_dags/example_task_group.py
[2023-11-28T06:40:12.446+0000] {processor.py:829} INFO - Processing file /home/airflow/.local/lib/python3.8/site-packages/airflow/example_dags/example_task_group.py for tasks to queue
[2023-11-28T06:40:12.449+0000] {logging_mixin.py:154} INFO - [2023-11-28T06:40:12.449+0000] {dagbag.py:536} INFO - Filling up the DagBag from /home/airflow/.local/lib/python3.8/site-packages/airflow/example_dags/example_task_group.py
[2023-11-28T06:40:12.460+0000] {processor.py:839} INFO - DAG(s) dict_keys(['example_task_group']) retrieved from /home/airflow/.local/lib/python3.8/site-packages/airflow/example_dags/example_task_group.py
[2023-11-28T06:40:12.477+0000] {logging_mixin.py:154} INFO - [2023-11-28T06:40:12.477+0000] {dag.py:2941} INFO - Sync 1 DAGs
[2023-11-28T06:40:12.517+0000] {logging_mixin.py:154} INFO - [2023-11-28T06:40:12.517+0000] {dag.py:3722} INFO - Setting next_dagrun for example_task_group to 2023-11-27T06:40:12.517216+00:00, run_after=2023-11-28T06:40:12.517216+00:00
[2023-11-28T06:40:12.545+0000] {processor.py:179} INFO - Processing /home/airflow/.local/lib/python3.8/site-packages/airflow/example_dags/example_task_group.py took 0.106 seconds
[2023-11-28T06:40:42.983+0000] {processor.py:157} INFO - Started process (PID=111) to work on /home/airflow/.local/lib/python3.8/site-packages/airflow/example_dags/example_task_group.py
[2023-11-28T06:40:42.985+0000] {processor.py:829} INFO - Processing file /home/airflow/.local/lib/python3.8/site-packages/airflow/example_dags/example_task_group.py for tasks to queue
[2023-11-28T06:40:42.988+0000] {logging_mixin.py:154} INFO - [2023-11-28T06:40:42.987+0000] {dagbag.py:536} INFO - Filling up the DagBag from /home/airflow/.local/lib/python3.8/site-packages/airflow/example_dags/example_task_group.py
[2023-11-28T06:40:42.996+0000] {processor.py:839} INFO - DAG(s) dict_keys(['example_task_group']) retrieved from /home/airflow/.local/lib/python3.8/site-packages/airflow/example_dags/example_task_group.py
[2023-11-28T06:40:43.022+0000] {logging_mixin.py:154} INFO - [2023-11-28T06:40:43.022+0000] {dag.py:2941} INFO - Sync 1 DAGs
[2023-11-28T06:40:43.050+0000] {logging_mixin.py:154} INFO - [2023-11-28T06:40:43.050+0000] {dag.py:3722} INFO - Setting next_dagrun for example_task_group to 2023-11-27T06:40:43.050209+00:00, run_after=2023-11-28T06:40:43.050209+00:00
[2023-11-28T06:40:43.072+0000] {processor.py:179} INFO - Processing /home/airflow/.local/lib/python3.8/site-packages/airflow/example_dags/example_task_group.py took 0.092 seconds
[2023-11-28T06:41:13.217+0000] {processor.py:157} INFO - Started process (PID=165) to work on /home/airflow/.local/lib/python3.8/site-packages/airflow/example_dags/example_task_group.py
[2023-11-28T06:41:13.218+0000] {processor.py:829} INFO - Processing file /home/airflow/.local/lib/python3.8/site-packages/airflow/example_dags/example_task_group.py for tasks to queue
[2023-11-28T06:41:13.221+0000] {logging_mixin.py:154} INFO - [2023-11-28T06:41:13.221+0000] {dagbag.py:536} INFO - Filling up the DagBag from /home/airflow/.local/lib/python3.8/site-packages/airflow/example_dags/example_task_group.py
[2023-11-28T06:41:13.229+0000] {processor.py:839} INFO - DAG(s) dict_keys(['example_task_group']) retrieved from /home/airflow/.local/lib/python3.8/site-packages/airflow/example_dags/example_task_group.py
[2023-11-28T06:41:13.254+0000] {logging_mixin.py:154} INFO - [2023-11-28T06:41:13.254+0000] {dag.py:2941} INFO - Sync 1 DAGs
[2023-11-28T06:41:13.276+0000] {logging_mixin.py:154} INFO - [2023-11-28T06:41:13.275+0000] {dag.py:3722} INFO - Setting next_dagrun for example_task_group to 2023-11-27T06:41:13.275802+00:00, run_after=2023-11-28T06:41:13.275802+00:00
[2023-11-28T06:41:13.294+0000] {processor.py:179} INFO - Processing /home/airflow/.local/lib/python3.8/site-packages/airflow/example_dags/example_task_group.py took 0.080 seconds
[2023-11-28T06:41:43.578+0000] {processor.py:157} INFO - Started process (PID=219) to work on /home/airflow/.local/lib/python3.8/site-packages/airflow/example_dags/example_task_group.py
[2023-11-28T06:41:43.580+0000] {processor.py:829} INFO - Processing file /home/airflow/.local/lib/python3.8/site-packages/airflow/example_dags/example_task_group.py for tasks to queue
[2023-11-28T06:41:43.582+0000] {logging_mixin.py:154} INFO - [2023-11-28T06:41:43.582+0000] {dagbag.py:536} INFO - Filling up the DagBag from /home/airflow/.local/lib/python3.8/site-packages/airflow/example_dags/example_task_group.py
[2023-11-28T06:41:43.591+0000] {processor.py:839} INFO - DAG(s) dict_keys(['example_task_group']) retrieved from /home/airflow/.local/lib/python3.8/site-packages/airflow/example_dags/example_task_group.py
[2023-11-28T06:41:43.615+0000] {logging_mixin.py:154} INFO - [2023-11-28T06:41:43.614+0000] {dag.py:2941} INFO - Sync 1 DAGs
[2023-11-28T06:41:43.637+0000] {logging_mixin.py:154} INFO - [2023-11-28T06:41:43.637+0000] {dag.py:3722} INFO - Setting next_dagrun for example_task_group to 2023-11-27T06:41:43.636933+00:00, run_after=2023-11-28T06:41:43.636933+00:00
[2023-11-28T06:41:43.655+0000] {processor.py:179} INFO - Processing /home/airflow/.local/lib/python3.8/site-packages/airflow/example_dags/example_task_group.py took 0.081 seconds
[2023-11-28T06:42:14.614+0000] {processor.py:157} INFO - Started process (PID=273) to work on /home/airflow/.local/lib/python3.8/site-packages/airflow/example_dags/example_task_group.py
[2023-11-28T06:42:14.616+0000] {processor.py:829} INFO - Processing file /home/airflow/.local/lib/python3.8/site-packages/airflow/example_dags/example_task_group.py for tasks to queue
[2023-11-28T06:42:14.619+0000] {logging_mixin.py:154} INFO - [2023-11-28T06:42:14.618+0000] {dagbag.py:536} INFO - Filling up the DagBag from /home/airflow/.local/lib/python3.8/site-packages/airflow/example_dags/example_task_group.py
[2023-11-28T06:42:14.627+0000] {processor.py:839} INFO - DAG(s) dict_keys(['example_task_group']) retrieved from /home/airflow/.local/lib/python3.8/site-packages/airflow/example_dags/example_task_group.py
[2023-11-28T06:42:14.653+0000] {logging_mixin.py:154} INFO - [2023-11-28T06:42:14.652+0000] {dag.py:2941} INFO - Sync 1 DAGs
[2023-11-28T06:42:14.676+0000] {logging_mixin.py:154} INFO - [2023-11-28T06:42:14.676+0000] {dag.py:3722} INFO - Setting next_dagrun for example_task_group to 2023-11-27T06:42:14.676492+00:00, run_after=2023-11-28T06:42:14.676492+00:00
[2023-11-28T06:42:14.699+0000] {processor.py:179} INFO - Processing /home/airflow/.local/lib/python3.8/site-packages/airflow/example_dags/example_task_group.py took 0.088 seconds
[2023-11-28T06:42:45.386+0000] {processor.py:157} INFO - Started process (PID=327) to work on /home/airflow/.local/lib/python3.8/site-packages/airflow/example_dags/example_task_group.py
[2023-11-28T06:42:45.387+0000] {processor.py:829} INFO - Processing file /home/airflow/.local/lib/python3.8/site-packages/airflow/example_dags/example_task_group.py for tasks to queue
[2023-11-28T06:42:45.390+0000] {logging_mixin.py:154} INFO - [2023-11-28T06:42:45.390+0000] {dagbag.py:536} INFO - Filling up the DagBag from /home/airflow/.local/lib/python3.8/site-packages/airflow/example_dags/example_task_group.py
[2023-11-28T06:42:45.398+0000] {processor.py:839} INFO - DAG(s) dict_keys(['example_task_group']) retrieved from /home/airflow/.local/lib/python3.8/site-packages/airflow/example_dags/example_task_group.py
[2023-11-28T06:42:45.428+0000] {logging_mixin.py:154} INFO - [2023-11-28T06:42:45.428+0000] {dag.py:2941} INFO - Sync 1 DAGs
[2023-11-28T06:42:45.453+0000] {logging_mixin.py:154} INFO - [2023-11-28T06:42:45.453+0000] {dag.py:3722} INFO - Setting next_dagrun for example_task_group to 2023-11-27T06:42:45.453546+00:00, run_after=2023-11-28T06:42:45.453546+00:00
[2023-11-28T06:42:45.474+0000] {processor.py:179} INFO - Processing /home/airflow/.local/lib/python3.8/site-packages/airflow/example_dags/example_task_group.py took 0.092 seconds
[2023-11-28T06:43:15.616+0000] {processor.py:157} INFO - Started process (PID=381) to work on /home/airflow/.local/lib/python3.8/site-packages/airflow/example_dags/example_task_group.py
[2023-11-28T06:43:15.617+0000] {processor.py:829} INFO - Processing file /home/airflow/.local/lib/python3.8/site-packages/airflow/example_dags/example_task_group.py for tasks to queue
[2023-11-28T06:43:15.620+0000] {logging_mixin.py:154} INFO - [2023-11-28T06:43:15.620+0000] {dagbag.py:536} INFO - Filling up the DagBag from /home/airflow/.local/lib/python3.8/site-packages/airflow/example_dags/example_task_group.py
[2023-11-28T06:43:15.628+0000] {processor.py:839} INFO - DAG(s) dict_keys(['example_task_group']) retrieved from /home/airflow/.local/lib/python3.8/site-packages/airflow/example_dags/example_task_group.py
[2023-11-28T06:43:15.652+0000] {logging_mixin.py:154} INFO - [2023-11-28T06:43:15.651+0000] {dag.py:2941} INFO - Sync 1 DAGs
[2023-11-28T06:43:15.675+0000] {logging_mixin.py:154} INFO - [2023-11-28T06:43:15.674+0000] {dag.py:3722} INFO - Setting next_dagrun for example_task_group to 2023-11-27T06:43:15.674777+00:00, run_after=2023-11-28T06:43:15.674777+00:00
[2023-11-28T06:43:15.694+0000] {processor.py:179} INFO - Processing /home/airflow/.local/lib/python3.8/site-packages/airflow/example_dags/example_task_group.py took 0.082 seconds
