[2023-11-28T06:38:59.105+0000] {processor.py:157} INFO - Started process (PID=53) to work on /home/airflow/.local/lib/python3.8/site-packages/airflow/example_dags/example_setup_teardown_taskflow.py
[2023-11-28T06:38:59.107+0000] {processor.py:829} INFO - Processing file /home/airflow/.local/lib/python3.8/site-packages/airflow/example_dags/example_setup_teardown_taskflow.py for tasks to queue
[2023-11-28T06:38:59.114+0000] {logging_mixin.py:154} INFO - [2023-11-28T06:38:59.113+0000] {dagbag.py:536} INFO - Filling up the DagBag from /home/airflow/.local/lib/python3.8/site-packages/airflow/example_dags/example_setup_teardown_taskflow.py
[2023-11-28T06:38:59.138+0000] {processor.py:839} INFO - DAG(s) dict_keys(['example_setup_teardown_taskflow']) retrieved from /home/airflow/.local/lib/python3.8/site-packages/airflow/example_dags/example_setup_teardown_taskflow.py
[2023-11-28T06:38:59.196+0000] {logging_mixin.py:154} INFO - [2023-11-28T06:38:59.195+0000] {dag.py:2941} INFO - Sync 1 DAGs
[2023-11-28T06:38:59.244+0000] {logging_mixin.py:154} INFO - [2023-11-28T06:38:59.244+0000] {dag.py:3722} INFO - Setting next_dagrun for example_setup_teardown_taskflow to 2023-11-27T06:38:59.243726+00:00, run_after=2023-11-28T06:38:59.243726+00:00
[2023-11-28T06:38:59.283+0000] {processor.py:179} INFO - Processing /home/airflow/.local/lib/python3.8/site-packages/airflow/example_dags/example_setup_teardown_taskflow.py took 0.185 seconds
[2023-11-28T06:40:12.126+0000] {processor.py:157} INFO - Started process (PID=52) to work on /home/airflow/.local/lib/python3.8/site-packages/airflow/example_dags/example_setup_teardown_taskflow.py
[2023-11-28T06:40:12.128+0000] {processor.py:829} INFO - Processing file /home/airflow/.local/lib/python3.8/site-packages/airflow/example_dags/example_setup_teardown_taskflow.py for tasks to queue
[2023-11-28T06:40:12.132+0000] {logging_mixin.py:154} INFO - [2023-11-28T06:40:12.132+0000] {dagbag.py:536} INFO - Filling up the DagBag from /home/airflow/.local/lib/python3.8/site-packages/airflow/example_dags/example_setup_teardown_taskflow.py
[2023-11-28T06:40:12.145+0000] {processor.py:839} INFO - DAG(s) dict_keys(['example_setup_teardown_taskflow']) retrieved from /home/airflow/.local/lib/python3.8/site-packages/airflow/example_dags/example_setup_teardown_taskflow.py
[2023-11-28T06:40:12.164+0000] {logging_mixin.py:154} INFO - [2023-11-28T06:40:12.163+0000] {dag.py:2941} INFO - Sync 1 DAGs
[2023-11-28T06:40:12.208+0000] {logging_mixin.py:154} INFO - [2023-11-28T06:40:12.208+0000] {dag.py:3722} INFO - Setting next_dagrun for example_setup_teardown_taskflow to 2023-11-27T06:40:12.207946+00:00, run_after=2023-11-28T06:40:12.207946+00:00
[2023-11-28T06:40:12.236+0000] {processor.py:179} INFO - Processing /home/airflow/.local/lib/python3.8/site-packages/airflow/example_dags/example_setup_teardown_taskflow.py took 0.115 seconds
[2023-11-28T06:40:42.638+0000] {processor.py:157} INFO - Started process (PID=106) to work on /home/airflow/.local/lib/python3.8/site-packages/airflow/example_dags/example_setup_teardown_taskflow.py
[2023-11-28T06:40:42.640+0000] {processor.py:829} INFO - Processing file /home/airflow/.local/lib/python3.8/site-packages/airflow/example_dags/example_setup_teardown_taskflow.py for tasks to queue
[2023-11-28T06:40:42.643+0000] {logging_mixin.py:154} INFO - [2023-11-28T06:40:42.642+0000] {dagbag.py:536} INFO - Filling up the DagBag from /home/airflow/.local/lib/python3.8/site-packages/airflow/example_dags/example_setup_teardown_taskflow.py
[2023-11-28T06:40:42.654+0000] {processor.py:839} INFO - DAG(s) dict_keys(['example_setup_teardown_taskflow']) retrieved from /home/airflow/.local/lib/python3.8/site-packages/airflow/example_dags/example_setup_teardown_taskflow.py
[2023-11-28T06:40:42.680+0000] {logging_mixin.py:154} INFO - [2023-11-28T06:40:42.679+0000] {dag.py:2941} INFO - Sync 1 DAGs
[2023-11-28T06:40:42.708+0000] {logging_mixin.py:154} INFO - [2023-11-28T06:40:42.707+0000] {dag.py:3722} INFO - Setting next_dagrun for example_setup_teardown_taskflow to 2023-11-27T06:40:42.707697+00:00, run_after=2023-11-28T06:40:42.707697+00:00
[2023-11-28T06:40:42.727+0000] {processor.py:179} INFO - Processing /home/airflow/.local/lib/python3.8/site-packages/airflow/example_dags/example_setup_teardown_taskflow.py took 0.093 seconds
[2023-11-28T06:41:12.775+0000] {processor.py:157} INFO - Started process (PID=159) to work on /home/airflow/.local/lib/python3.8/site-packages/airflow/example_dags/example_setup_teardown_taskflow.py
[2023-11-28T06:41:12.776+0000] {processor.py:829} INFO - Processing file /home/airflow/.local/lib/python3.8/site-packages/airflow/example_dags/example_setup_teardown_taskflow.py for tasks to queue
[2023-11-28T06:41:12.779+0000] {logging_mixin.py:154} INFO - [2023-11-28T06:41:12.779+0000] {dagbag.py:536} INFO - Filling up the DagBag from /home/airflow/.local/lib/python3.8/site-packages/airflow/example_dags/example_setup_teardown_taskflow.py
[2023-11-28T06:41:12.792+0000] {processor.py:839} INFO - DAG(s) dict_keys(['example_setup_teardown_taskflow']) retrieved from /home/airflow/.local/lib/python3.8/site-packages/airflow/example_dags/example_setup_teardown_taskflow.py
[2023-11-28T06:41:12.816+0000] {logging_mixin.py:154} INFO - [2023-11-28T06:41:12.816+0000] {dag.py:2941} INFO - Sync 1 DAGs
[2023-11-28T06:41:12.840+0000] {logging_mixin.py:154} INFO - [2023-11-28T06:41:12.840+0000] {dag.py:3722} INFO - Setting next_dagrun for example_setup_teardown_taskflow to 2023-11-27T06:41:12.839979+00:00, run_after=2023-11-28T06:41:12.839979+00:00
[2023-11-28T06:41:12.861+0000] {processor.py:179} INFO - Processing /home/airflow/.local/lib/python3.8/site-packages/airflow/example_dags/example_setup_teardown_taskflow.py took 0.090 seconds
[2023-11-28T06:41:43.155+0000] {processor.py:157} INFO - Started process (PID=213) to work on /home/airflow/.local/lib/python3.8/site-packages/airflow/example_dags/example_setup_teardown_taskflow.py
[2023-11-28T06:41:43.156+0000] {processor.py:829} INFO - Processing file /home/airflow/.local/lib/python3.8/site-packages/airflow/example_dags/example_setup_teardown_taskflow.py for tasks to queue
[2023-11-28T06:41:43.159+0000] {logging_mixin.py:154} INFO - [2023-11-28T06:41:43.159+0000] {dagbag.py:536} INFO - Filling up the DagBag from /home/airflow/.local/lib/python3.8/site-packages/airflow/example_dags/example_setup_teardown_taskflow.py
[2023-11-28T06:41:43.170+0000] {processor.py:839} INFO - DAG(s) dict_keys(['example_setup_teardown_taskflow']) retrieved from /home/airflow/.local/lib/python3.8/site-packages/airflow/example_dags/example_setup_teardown_taskflow.py
[2023-11-28T06:41:43.196+0000] {logging_mixin.py:154} INFO - [2023-11-28T06:41:43.195+0000] {dag.py:2941} INFO - Sync 1 DAGs
[2023-11-28T06:41:43.221+0000] {logging_mixin.py:154} INFO - [2023-11-28T06:41:43.221+0000] {dag.py:3722} INFO - Setting next_dagrun for example_setup_teardown_taskflow to 2023-11-27T06:41:43.221229+00:00, run_after=2023-11-28T06:41:43.221229+00:00
[2023-11-28T06:41:43.242+0000] {processor.py:179} INFO - Processing /home/airflow/.local/lib/python3.8/site-packages/airflow/example_dags/example_setup_teardown_taskflow.py took 0.090 seconds
[2023-11-28T06:42:14.292+0000] {processor.py:157} INFO - Started process (PID=268) to work on /home/airflow/.local/lib/python3.8/site-packages/airflow/example_dags/example_setup_teardown_taskflow.py
[2023-11-28T06:42:14.293+0000] {processor.py:829} INFO - Processing file /home/airflow/.local/lib/python3.8/site-packages/airflow/example_dags/example_setup_teardown_taskflow.py for tasks to queue
[2023-11-28T06:42:14.296+0000] {logging_mixin.py:154} INFO - [2023-11-28T06:42:14.296+0000] {dagbag.py:536} INFO - Filling up the DagBag from /home/airflow/.local/lib/python3.8/site-packages/airflow/example_dags/example_setup_teardown_taskflow.py
[2023-11-28T06:42:14.308+0000] {processor.py:839} INFO - DAG(s) dict_keys(['example_setup_teardown_taskflow']) retrieved from /home/airflow/.local/lib/python3.8/site-packages/airflow/example_dags/example_setup_teardown_taskflow.py
[2023-11-28T06:42:14.334+0000] {logging_mixin.py:154} INFO - [2023-11-28T06:42:14.334+0000] {dag.py:2941} INFO - Sync 1 DAGs
[2023-11-28T06:42:14.362+0000] {logging_mixin.py:154} INFO - [2023-11-28T06:42:14.361+0000] {dag.py:3722} INFO - Setting next_dagrun for example_setup_teardown_taskflow to 2023-11-27T06:42:14.361583+00:00, run_after=2023-11-28T06:42:14.361583+00:00
[2023-11-28T06:42:14.380+0000] {processor.py:179} INFO - Processing /home/airflow/.local/lib/python3.8/site-packages/airflow/example_dags/example_setup_teardown_taskflow.py took 0.091 seconds
[2023-11-28T06:42:45.123+0000] {processor.py:157} INFO - Started process (PID=322) to work on /home/airflow/.local/lib/python3.8/site-packages/airflow/example_dags/example_setup_teardown_taskflow.py
[2023-11-28T06:42:45.124+0000] {processor.py:829} INFO - Processing file /home/airflow/.local/lib/python3.8/site-packages/airflow/example_dags/example_setup_teardown_taskflow.py for tasks to queue
[2023-11-28T06:42:45.126+0000] {logging_mixin.py:154} INFO - [2023-11-28T06:42:45.126+0000] {dagbag.py:536} INFO - Filling up the DagBag from /home/airflow/.local/lib/python3.8/site-packages/airflow/example_dags/example_setup_teardown_taskflow.py
[2023-11-28T06:42:45.138+0000] {processor.py:839} INFO - DAG(s) dict_keys(['example_setup_teardown_taskflow']) retrieved from /home/airflow/.local/lib/python3.8/site-packages/airflow/example_dags/example_setup_teardown_taskflow.py
[2023-11-28T06:42:45.162+0000] {logging_mixin.py:154} INFO - [2023-11-28T06:42:45.162+0000] {dag.py:2941} INFO - Sync 1 DAGs
[2023-11-28T06:42:45.186+0000] {logging_mixin.py:154} INFO - [2023-11-28T06:42:45.186+0000] {dag.py:3722} INFO - Setting next_dagrun for example_setup_teardown_taskflow to 2023-11-27T06:42:45.186221+00:00, run_after=2023-11-28T06:42:45.186221+00:00
[2023-11-28T06:42:45.204+0000] {processor.py:179} INFO - Processing /home/airflow/.local/lib/python3.8/site-packages/airflow/example_dags/example_setup_teardown_taskflow.py took 0.085 seconds
[2023-11-28T06:43:15.309+0000] {processor.py:157} INFO - Started process (PID=376) to work on /home/airflow/.local/lib/python3.8/site-packages/airflow/example_dags/example_setup_teardown_taskflow.py
[2023-11-28T06:43:15.310+0000] {processor.py:829} INFO - Processing file /home/airflow/.local/lib/python3.8/site-packages/airflow/example_dags/example_setup_teardown_taskflow.py for tasks to queue
[2023-11-28T06:43:15.312+0000] {logging_mixin.py:154} INFO - [2023-11-28T06:43:15.312+0000] {dagbag.py:536} INFO - Filling up the DagBag from /home/airflow/.local/lib/python3.8/site-packages/airflow/example_dags/example_setup_teardown_taskflow.py
[2023-11-28T06:43:15.323+0000] {processor.py:839} INFO - DAG(s) dict_keys(['example_setup_teardown_taskflow']) retrieved from /home/airflow/.local/lib/python3.8/site-packages/airflow/example_dags/example_setup_teardown_taskflow.py
[2023-11-28T06:43:15.349+0000] {logging_mixin.py:154} INFO - [2023-11-28T06:43:15.349+0000] {dag.py:2941} INFO - Sync 1 DAGs
[2023-11-28T06:43:15.370+0000] {logging_mixin.py:154} INFO - [2023-11-28T06:43:15.370+0000] {dag.py:3722} INFO - Setting next_dagrun for example_setup_teardown_taskflow to 2023-11-27T06:43:15.370510+00:00, run_after=2023-11-28T06:43:15.370510+00:00
[2023-11-28T06:43:15.388+0000] {processor.py:179} INFO - Processing /home/airflow/.local/lib/python3.8/site-packages/airflow/example_dags/example_setup_teardown_taskflow.py took 0.083 seconds
