[2023-11-28T06:39:05.239+0000] {processor.py:157} INFO - Started process (PID=79) to work on /home/airflow/.local/lib/python3.8/site-packages/airflow/example_dags/example_branch_operator_decorator.py
[2023-11-28T06:39:05.241+0000] {processor.py:829} INFO - Processing file /home/airflow/.local/lib/python3.8/site-packages/airflow/example_dags/example_branch_operator_decorator.py for tasks to queue
[2023-11-28T06:39:05.248+0000] {logging_mixin.py:154} INFO - [2023-11-28T06:39:05.246+0000] {dagbag.py:536} INFO - Filling up the DagBag from /home/airflow/.local/lib/python3.8/site-packages/airflow/example_dags/example_branch_operator_decorator.py
[2023-11-28T06:39:05.275+0000] {processor.py:839} INFO - DAG(s) dict_keys(['example_branch_python_operator_decorator']) retrieved from /home/airflow/.local/lib/python3.8/site-packages/airflow/example_dags/example_branch_operator_decorator.py
[2023-11-28T06:39:05.323+0000] {logging_mixin.py:154} INFO - [2023-11-28T06:39:05.323+0000] {dag.py:2941} INFO - Sync 1 DAGs
[2023-11-28T06:39:05.361+0000] {logging_mixin.py:154} INFO - [2023-11-28T06:39:05.360+0000] {dag.py:3722} INFO - Setting next_dagrun for example_branch_python_operator_decorator to 2023-11-27T00:00:00+00:00, run_after=2023-11-28T00:00:00+00:00
[2023-11-28T06:39:05.391+0000] {processor.py:179} INFO - Processing /home/airflow/.local/lib/python3.8/site-packages/airflow/example_dags/example_branch_operator_decorator.py took 0.157 seconds
[2023-11-28T06:40:14.269+0000] {processor.py:157} INFO - Started process (PID=78) to work on /home/airflow/.local/lib/python3.8/site-packages/airflow/example_dags/example_branch_operator_decorator.py
[2023-11-28T06:40:14.272+0000] {processor.py:829} INFO - Processing file /home/airflow/.local/lib/python3.8/site-packages/airflow/example_dags/example_branch_operator_decorator.py for tasks to queue
[2023-11-28T06:40:14.277+0000] {logging_mixin.py:154} INFO - [2023-11-28T06:40:14.276+0000] {dagbag.py:536} INFO - Filling up the DagBag from /home/airflow/.local/lib/python3.8/site-packages/airflow/example_dags/example_branch_operator_decorator.py
[2023-11-28T06:40:14.296+0000] {processor.py:839} INFO - DAG(s) dict_keys(['example_branch_python_operator_decorator']) retrieved from /home/airflow/.local/lib/python3.8/site-packages/airflow/example_dags/example_branch_operator_decorator.py
[2023-11-28T06:40:14.318+0000] {logging_mixin.py:154} INFO - [2023-11-28T06:40:14.318+0000] {dag.py:2941} INFO - Sync 1 DAGs
[2023-11-28T06:40:14.365+0000] {logging_mixin.py:154} INFO - [2023-11-28T06:40:14.365+0000] {dag.py:3722} INFO - Setting next_dagrun for example_branch_python_operator_decorator to 2023-11-27T00:00:00+00:00, run_after=2023-11-28T00:00:00+00:00
[2023-11-28T06:40:14.395+0000] {processor.py:179} INFO - Processing /home/airflow/.local/lib/python3.8/site-packages/airflow/example_dags/example_branch_operator_decorator.py took 0.132 seconds
[2023-11-28T06:40:44.448+0000] {processor.py:157} INFO - Started process (PID=132) to work on /home/airflow/.local/lib/python3.8/site-packages/airflow/example_dags/example_branch_operator_decorator.py
[2023-11-28T06:40:44.449+0000] {processor.py:829} INFO - Processing file /home/airflow/.local/lib/python3.8/site-packages/airflow/example_dags/example_branch_operator_decorator.py for tasks to queue
[2023-11-28T06:40:44.452+0000] {logging_mixin.py:154} INFO - [2023-11-28T06:40:44.451+0000] {dagbag.py:536} INFO - Filling up the DagBag from /home/airflow/.local/lib/python3.8/site-packages/airflow/example_dags/example_branch_operator_decorator.py
[2023-11-28T06:40:44.462+0000] {processor.py:839} INFO - DAG(s) dict_keys(['example_branch_python_operator_decorator']) retrieved from /home/airflow/.local/lib/python3.8/site-packages/airflow/example_dags/example_branch_operator_decorator.py
[2023-11-28T06:40:44.485+0000] {logging_mixin.py:154} INFO - [2023-11-28T06:40:44.485+0000] {dag.py:2941} INFO - Sync 1 DAGs
[2023-11-28T06:40:44.510+0000] {logging_mixin.py:154} INFO - [2023-11-28T06:40:44.510+0000] {dag.py:3722} INFO - Setting next_dagrun for example_branch_python_operator_decorator to 2023-11-27T00:00:00+00:00, run_after=2023-11-28T00:00:00+00:00
[2023-11-28T06:40:44.527+0000] {processor.py:179} INFO - Processing /home/airflow/.local/lib/python3.8/site-packages/airflow/example_dags/example_branch_operator_decorator.py took 0.083 seconds
[2023-11-28T06:41:14.610+0000] {processor.py:157} INFO - Started process (PID=186) to work on /home/airflow/.local/lib/python3.8/site-packages/airflow/example_dags/example_branch_operator_decorator.py
[2023-11-28T06:41:14.611+0000] {processor.py:829} INFO - Processing file /home/airflow/.local/lib/python3.8/site-packages/airflow/example_dags/example_branch_operator_decorator.py for tasks to queue
[2023-11-28T06:41:14.614+0000] {logging_mixin.py:154} INFO - [2023-11-28T06:41:14.613+0000] {dagbag.py:536} INFO - Filling up the DagBag from /home/airflow/.local/lib/python3.8/site-packages/airflow/example_dags/example_branch_operator_decorator.py
[2023-11-28T06:41:14.626+0000] {processor.py:839} INFO - DAG(s) dict_keys(['example_branch_python_operator_decorator']) retrieved from /home/airflow/.local/lib/python3.8/site-packages/airflow/example_dags/example_branch_operator_decorator.py
[2023-11-28T06:41:14.654+0000] {logging_mixin.py:154} INFO - [2023-11-28T06:41:14.653+0000] {dag.py:2941} INFO - Sync 1 DAGs
[2023-11-28T06:41:14.679+0000] {logging_mixin.py:154} INFO - [2023-11-28T06:41:14.679+0000] {dag.py:3722} INFO - Setting next_dagrun for example_branch_python_operator_decorator to 2023-11-27T00:00:00+00:00, run_after=2023-11-28T00:00:00+00:00
[2023-11-28T06:41:14.700+0000] {processor.py:179} INFO - Processing /home/airflow/.local/lib/python3.8/site-packages/airflow/example_dags/example_branch_operator_decorator.py took 0.093 seconds
[2023-11-28T06:41:44.823+0000] {processor.py:157} INFO - Started process (PID=240) to work on /home/airflow/.local/lib/python3.8/site-packages/airflow/example_dags/example_branch_operator_decorator.py
[2023-11-28T06:41:44.824+0000] {processor.py:829} INFO - Processing file /home/airflow/.local/lib/python3.8/site-packages/airflow/example_dags/example_branch_operator_decorator.py for tasks to queue
[2023-11-28T06:41:44.826+0000] {logging_mixin.py:154} INFO - [2023-11-28T06:41:44.826+0000] {dagbag.py:536} INFO - Filling up the DagBag from /home/airflow/.local/lib/python3.8/site-packages/airflow/example_dags/example_branch_operator_decorator.py
[2023-11-28T06:41:44.838+0000] {processor.py:839} INFO - DAG(s) dict_keys(['example_branch_python_operator_decorator']) retrieved from /home/airflow/.local/lib/python3.8/site-packages/airflow/example_dags/example_branch_operator_decorator.py
[2023-11-28T06:41:44.865+0000] {logging_mixin.py:154} INFO - [2023-11-28T06:41:44.865+0000] {dag.py:2941} INFO - Sync 1 DAGs
[2023-11-28T06:41:44.890+0000] {logging_mixin.py:154} INFO - [2023-11-28T06:41:44.890+0000] {dag.py:3722} INFO - Setting next_dagrun for example_branch_python_operator_decorator to 2023-11-27T00:00:00+00:00, run_after=2023-11-28T00:00:00+00:00
[2023-11-28T06:41:44.907+0000] {processor.py:179} INFO - Processing /home/airflow/.local/lib/python3.8/site-packages/airflow/example_dags/example_branch_operator_decorator.py took 0.088 seconds
[2023-11-28T06:42:15.917+0000] {processor.py:157} INFO - Started process (PID=294) to work on /home/airflow/.local/lib/python3.8/site-packages/airflow/example_dags/example_branch_operator_decorator.py
[2023-11-28T06:42:15.918+0000] {processor.py:829} INFO - Processing file /home/airflow/.local/lib/python3.8/site-packages/airflow/example_dags/example_branch_operator_decorator.py for tasks to queue
[2023-11-28T06:42:15.921+0000] {logging_mixin.py:154} INFO - [2023-11-28T06:42:15.920+0000] {dagbag.py:536} INFO - Filling up the DagBag from /home/airflow/.local/lib/python3.8/site-packages/airflow/example_dags/example_branch_operator_decorator.py
[2023-11-28T06:42:15.932+0000] {processor.py:839} INFO - DAG(s) dict_keys(['example_branch_python_operator_decorator']) retrieved from /home/airflow/.local/lib/python3.8/site-packages/airflow/example_dags/example_branch_operator_decorator.py
[2023-11-28T06:42:15.959+0000] {logging_mixin.py:154} INFO - [2023-11-28T06:42:15.959+0000] {dag.py:2941} INFO - Sync 1 DAGs
[2023-11-28T06:42:15.983+0000] {logging_mixin.py:154} INFO - [2023-11-28T06:42:15.982+0000] {dag.py:3722} INFO - Setting next_dagrun for example_branch_python_operator_decorator to 2023-11-27T00:00:00+00:00, run_after=2023-11-28T00:00:00+00:00
[2023-11-28T06:42:15.999+0000] {processor.py:179} INFO - Processing /home/airflow/.local/lib/python3.8/site-packages/airflow/example_dags/example_branch_operator_decorator.py took 0.086 seconds
[2023-11-28T06:42:46.687+0000] {processor.py:157} INFO - Started process (PID=348) to work on /home/airflow/.local/lib/python3.8/site-packages/airflow/example_dags/example_branch_operator_decorator.py
[2023-11-28T06:42:46.688+0000] {processor.py:829} INFO - Processing file /home/airflow/.local/lib/python3.8/site-packages/airflow/example_dags/example_branch_operator_decorator.py for tasks to queue
[2023-11-28T06:42:46.690+0000] {logging_mixin.py:154} INFO - [2023-11-28T06:42:46.690+0000] {dagbag.py:536} INFO - Filling up the DagBag from /home/airflow/.local/lib/python3.8/site-packages/airflow/example_dags/example_branch_operator_decorator.py
[2023-11-28T06:42:46.702+0000] {processor.py:839} INFO - DAG(s) dict_keys(['example_branch_python_operator_decorator']) retrieved from /home/airflow/.local/lib/python3.8/site-packages/airflow/example_dags/example_branch_operator_decorator.py
[2023-11-28T06:42:46.728+0000] {logging_mixin.py:154} INFO - [2023-11-28T06:42:46.727+0000] {dag.py:2941} INFO - Sync 1 DAGs
[2023-11-28T06:42:46.754+0000] {logging_mixin.py:154} INFO - [2023-11-28T06:42:46.754+0000] {dag.py:3722} INFO - Setting next_dagrun for example_branch_python_operator_decorator to 2023-11-27T00:00:00+00:00, run_after=2023-11-28T00:00:00+00:00
[2023-11-28T06:42:46.771+0000] {processor.py:179} INFO - Processing /home/airflow/.local/lib/python3.8/site-packages/airflow/example_dags/example_branch_operator_decorator.py took 0.089 seconds
[2023-11-28T06:43:16.876+0000] {processor.py:157} INFO - Started process (PID=402) to work on /home/airflow/.local/lib/python3.8/site-packages/airflow/example_dags/example_branch_operator_decorator.py
[2023-11-28T06:43:16.877+0000] {processor.py:829} INFO - Processing file /home/airflow/.local/lib/python3.8/site-packages/airflow/example_dags/example_branch_operator_decorator.py for tasks to queue
[2023-11-28T06:43:16.880+0000] {logging_mixin.py:154} INFO - [2023-11-28T06:43:16.879+0000] {dagbag.py:536} INFO - Filling up the DagBag from /home/airflow/.local/lib/python3.8/site-packages/airflow/example_dags/example_branch_operator_decorator.py
[2023-11-28T06:43:16.891+0000] {processor.py:839} INFO - DAG(s) dict_keys(['example_branch_python_operator_decorator']) retrieved from /home/airflow/.local/lib/python3.8/site-packages/airflow/example_dags/example_branch_operator_decorator.py
[2023-11-28T06:43:16.916+0000] {logging_mixin.py:154} INFO - [2023-11-28T06:43:16.916+0000] {dag.py:2941} INFO - Sync 1 DAGs
[2023-11-28T06:43:16.941+0000] {logging_mixin.py:154} INFO - [2023-11-28T06:43:16.941+0000] {dag.py:3722} INFO - Setting next_dagrun for example_branch_python_operator_decorator to 2023-11-27T00:00:00+00:00, run_after=2023-11-28T00:00:00+00:00
[2023-11-28T06:43:16.959+0000] {processor.py:179} INFO - Processing /home/airflow/.local/lib/python3.8/site-packages/airflow/example_dags/example_branch_operator_decorator.py took 0.087 seconds
