[2023-11-28T06:39:02.910+0000] {processor.py:157} INFO - Started process (PID=67) to work on /home/airflow/.local/lib/python3.8/site-packages/airflow/example_dags/example_external_task_marker_dag.py
[2023-11-28T06:39:02.913+0000] {processor.py:829} INFO - Processing file /home/airflow/.local/lib/python3.8/site-packages/airflow/example_dags/example_external_task_marker_dag.py for tasks to queue
[2023-11-28T06:39:02.918+0000] {logging_mixin.py:154} INFO - [2023-11-28T06:39:02.918+0000] {dagbag.py:536} INFO - Filling up the DagBag from /home/airflow/.local/lib/python3.8/site-packages/airflow/example_dags/example_external_task_marker_dag.py
[2023-11-28T06:39:02.974+0000] {processor.py:839} INFO - DAG(s) dict_keys(['example_external_task_marker_child', 'example_external_task_marker_parent']) retrieved from /home/airflow/.local/lib/python3.8/site-packages/airflow/example_dags/example_external_task_marker_dag.py
[2023-11-28T06:39:03.062+0000] {logging_mixin.py:154} INFO - [2023-11-28T06:39:03.062+0000] {dag.py:2941} INFO - Sync 2 DAGs
[2023-11-28T06:39:03.168+0000] {logging_mixin.py:154} INFO - [2023-11-28T06:39:03.168+0000] {dag.py:3722} INFO - Setting next_dagrun for example_external_task_marker_child to None, run_after=None
[2023-11-28T06:39:03.184+0000] {logging_mixin.py:154} INFO - [2023-11-28T06:39:03.183+0000] {dag.py:3722} INFO - Setting next_dagrun for example_external_task_marker_parent to None, run_after=None
[2023-11-28T06:39:03.955+0000] {processor.py:179} INFO - Processing /home/airflow/.local/lib/python3.8/site-packages/airflow/example_dags/example_external_task_marker_dag.py took 1.053 seconds
[2023-11-28T06:40:13.239+0000] {processor.py:157} INFO - Started process (PID=66) to work on /home/airflow/.local/lib/python3.8/site-packages/airflow/example_dags/example_external_task_marker_dag.py
[2023-11-28T06:40:13.241+0000] {processor.py:829} INFO - Processing file /home/airflow/.local/lib/python3.8/site-packages/airflow/example_dags/example_external_task_marker_dag.py for tasks to queue
[2023-11-28T06:40:13.246+0000] {logging_mixin.py:154} INFO - [2023-11-28T06:40:13.245+0000] {dagbag.py:536} INFO - Filling up the DagBag from /home/airflow/.local/lib/python3.8/site-packages/airflow/example_dags/example_external_task_marker_dag.py
[2023-11-28T06:40:13.257+0000] {processor.py:839} INFO - DAG(s) dict_keys(['example_external_task_marker_child', 'example_external_task_marker_parent']) retrieved from /home/airflow/.local/lib/python3.8/site-packages/airflow/example_dags/example_external_task_marker_dag.py
[2023-11-28T06:40:13.283+0000] {logging_mixin.py:154} INFO - [2023-11-28T06:40:13.282+0000] {dag.py:2941} INFO - Sync 2 DAGs
[2023-11-28T06:40:13.312+0000] {logging_mixin.py:154} INFO - [2023-11-28T06:40:13.312+0000] {dag.py:3722} INFO - Setting next_dagrun for example_external_task_marker_child to None, run_after=None
[2023-11-28T06:40:13.320+0000] {logging_mixin.py:154} INFO - [2023-11-28T06:40:13.320+0000] {dag.py:3722} INFO - Setting next_dagrun for example_external_task_marker_parent to None, run_after=None
[2023-11-28T06:40:13.356+0000] {processor.py:179} INFO - Processing /home/airflow/.local/lib/python3.8/site-packages/airflow/example_dags/example_external_task_marker_dag.py took 0.125 seconds
[2023-11-28T06:40:43.607+0000] {processor.py:157} INFO - Started process (PID=120) to work on /home/airflow/.local/lib/python3.8/site-packages/airflow/example_dags/example_external_task_marker_dag.py
[2023-11-28T06:40:43.609+0000] {processor.py:829} INFO - Processing file /home/airflow/.local/lib/python3.8/site-packages/airflow/example_dags/example_external_task_marker_dag.py for tasks to queue
[2023-11-28T06:40:43.612+0000] {logging_mixin.py:154} INFO - [2023-11-28T06:40:43.611+0000] {dagbag.py:536} INFO - Filling up the DagBag from /home/airflow/.local/lib/python3.8/site-packages/airflow/example_dags/example_external_task_marker_dag.py
[2023-11-28T06:40:43.619+0000] {processor.py:839} INFO - DAG(s) dict_keys(['example_external_task_marker_child', 'example_external_task_marker_parent']) retrieved from /home/airflow/.local/lib/python3.8/site-packages/airflow/example_dags/example_external_task_marker_dag.py
[2023-11-28T06:40:43.648+0000] {logging_mixin.py:154} INFO - [2023-11-28T06:40:43.648+0000] {dag.py:2941} INFO - Sync 2 DAGs
[2023-11-28T06:40:43.663+0000] {logging_mixin.py:154} INFO - [2023-11-28T06:40:43.663+0000] {dag.py:3722} INFO - Setting next_dagrun for example_external_task_marker_child to None, run_after=None
[2023-11-28T06:40:43.667+0000] {logging_mixin.py:154} INFO - [2023-11-28T06:40:43.667+0000] {dag.py:3722} INFO - Setting next_dagrun for example_external_task_marker_parent to None, run_after=None
[2023-11-28T06:40:43.686+0000] {processor.py:179} INFO - Processing /home/airflow/.local/lib/python3.8/site-packages/airflow/example_dags/example_external_task_marker_dag.py took 0.083 seconds
[2023-11-28T06:41:13.838+0000] {processor.py:157} INFO - Started process (PID=174) to work on /home/airflow/.local/lib/python3.8/site-packages/airflow/example_dags/example_external_task_marker_dag.py
[2023-11-28T06:41:13.855+0000] {processor.py:829} INFO - Processing file /home/airflow/.local/lib/python3.8/site-packages/airflow/example_dags/example_external_task_marker_dag.py for tasks to queue
[2023-11-28T06:41:13.859+0000] {logging_mixin.py:154} INFO - [2023-11-28T06:41:13.858+0000] {dagbag.py:536} INFO - Filling up the DagBag from /home/airflow/.local/lib/python3.8/site-packages/airflow/example_dags/example_external_task_marker_dag.py
[2023-11-28T06:41:13.867+0000] {processor.py:839} INFO - DAG(s) dict_keys(['example_external_task_marker_child', 'example_external_task_marker_parent']) retrieved from /home/airflow/.local/lib/python3.8/site-packages/airflow/example_dags/example_external_task_marker_dag.py
[2023-11-28T06:41:13.895+0000] {logging_mixin.py:154} INFO - [2023-11-28T06:41:13.895+0000] {dag.py:2941} INFO - Sync 2 DAGs
[2023-11-28T06:41:13.909+0000] {logging_mixin.py:154} INFO - [2023-11-28T06:41:13.909+0000] {dag.py:3722} INFO - Setting next_dagrun for example_external_task_marker_child to None, run_after=None
[2023-11-28T06:41:13.914+0000] {logging_mixin.py:154} INFO - [2023-11-28T06:41:13.914+0000] {dag.py:3722} INFO - Setting next_dagrun for example_external_task_marker_parent to None, run_after=None
[2023-11-28T06:41:13.931+0000] {processor.py:179} INFO - Processing /home/airflow/.local/lib/python3.8/site-packages/airflow/example_dags/example_external_task_marker_dag.py took 0.099 seconds
[2023-11-28T06:41:44.056+0000] {processor.py:157} INFO - Started process (PID=228) to work on /home/airflow/.local/lib/python3.8/site-packages/airflow/example_dags/example_external_task_marker_dag.py
[2023-11-28T06:41:44.058+0000] {processor.py:829} INFO - Processing file /home/airflow/.local/lib/python3.8/site-packages/airflow/example_dags/example_external_task_marker_dag.py for tasks to queue
[2023-11-28T06:41:44.060+0000] {logging_mixin.py:154} INFO - [2023-11-28T06:41:44.060+0000] {dagbag.py:536} INFO - Filling up the DagBag from /home/airflow/.local/lib/python3.8/site-packages/airflow/example_dags/example_external_task_marker_dag.py
[2023-11-28T06:41:44.068+0000] {processor.py:839} INFO - DAG(s) dict_keys(['example_external_task_marker_child', 'example_external_task_marker_parent']) retrieved from /home/airflow/.local/lib/python3.8/site-packages/airflow/example_dags/example_external_task_marker_dag.py
[2023-11-28T06:41:44.099+0000] {logging_mixin.py:154} INFO - [2023-11-28T06:41:44.099+0000] {dag.py:2941} INFO - Sync 2 DAGs
[2023-11-28T06:41:44.114+0000] {logging_mixin.py:154} INFO - [2023-11-28T06:41:44.114+0000] {dag.py:3722} INFO - Setting next_dagrun for example_external_task_marker_child to None, run_after=None
[2023-11-28T06:41:44.117+0000] {logging_mixin.py:154} INFO - [2023-11-28T06:41:44.117+0000] {dag.py:3722} INFO - Setting next_dagrun for example_external_task_marker_parent to None, run_after=None
[2023-11-28T06:41:44.135+0000] {processor.py:179} INFO - Processing /home/airflow/.local/lib/python3.8/site-packages/airflow/example_dags/example_external_task_marker_dag.py took 0.083 seconds
[2023-11-28T06:42:15.242+0000] {processor.py:157} INFO - Started process (PID=282) to work on /home/airflow/.local/lib/python3.8/site-packages/airflow/example_dags/example_external_task_marker_dag.py
[2023-11-28T06:42:15.244+0000] {processor.py:829} INFO - Processing file /home/airflow/.local/lib/python3.8/site-packages/airflow/example_dags/example_external_task_marker_dag.py for tasks to queue
[2023-11-28T06:42:15.247+0000] {logging_mixin.py:154} INFO - [2023-11-28T06:42:15.247+0000] {dagbag.py:536} INFO - Filling up the DagBag from /home/airflow/.local/lib/python3.8/site-packages/airflow/example_dags/example_external_task_marker_dag.py
[2023-11-28T06:42:15.255+0000] {processor.py:839} INFO - DAG(s) dict_keys(['example_external_task_marker_parent', 'example_external_task_marker_child']) retrieved from /home/airflow/.local/lib/python3.8/site-packages/airflow/example_dags/example_external_task_marker_dag.py
[2023-11-28T06:42:15.290+0000] {logging_mixin.py:154} INFO - [2023-11-28T06:42:15.290+0000] {dag.py:2941} INFO - Sync 2 DAGs
[2023-11-28T06:42:15.306+0000] {logging_mixin.py:154} INFO - [2023-11-28T06:42:15.306+0000] {dag.py:3722} INFO - Setting next_dagrun for example_external_task_marker_child to None, run_after=None
[2023-11-28T06:42:15.310+0000] {logging_mixin.py:154} INFO - [2023-11-28T06:42:15.310+0000] {dag.py:3722} INFO - Setting next_dagrun for example_external_task_marker_parent to None, run_after=None
[2023-11-28T06:42:15.327+0000] {processor.py:179} INFO - Processing /home/airflow/.local/lib/python3.8/site-packages/airflow/example_dags/example_external_task_marker_dag.py took 0.092 seconds
[2023-11-28T06:42:45.899+0000] {processor.py:157} INFO - Started process (PID=336) to work on /home/airflow/.local/lib/python3.8/site-packages/airflow/example_dags/example_external_task_marker_dag.py
[2023-11-28T06:42:45.900+0000] {processor.py:829} INFO - Processing file /home/airflow/.local/lib/python3.8/site-packages/airflow/example_dags/example_external_task_marker_dag.py for tasks to queue
[2023-11-28T06:42:45.903+0000] {logging_mixin.py:154} INFO - [2023-11-28T06:42:45.903+0000] {dagbag.py:536} INFO - Filling up the DagBag from /home/airflow/.local/lib/python3.8/site-packages/airflow/example_dags/example_external_task_marker_dag.py
[2023-11-28T06:42:45.911+0000] {processor.py:839} INFO - DAG(s) dict_keys(['example_external_task_marker_child', 'example_external_task_marker_parent']) retrieved from /home/airflow/.local/lib/python3.8/site-packages/airflow/example_dags/example_external_task_marker_dag.py
[2023-11-28T06:42:45.968+0000] {logging_mixin.py:154} INFO - [2023-11-28T06:42:45.968+0000] {dag.py:2941} INFO - Sync 2 DAGs
[2023-11-28T06:42:45.986+0000] {logging_mixin.py:154} INFO - [2023-11-28T06:42:45.986+0000] {dag.py:3722} INFO - Setting next_dagrun for example_external_task_marker_child to None, run_after=None
[2023-11-28T06:42:45.991+0000] {logging_mixin.py:154} INFO - [2023-11-28T06:42:45.990+0000] {dag.py:3722} INFO - Setting next_dagrun for example_external_task_marker_parent to None, run_after=None
[2023-11-28T06:42:46.018+0000] {processor.py:179} INFO - Processing /home/airflow/.local/lib/python3.8/site-packages/airflow/example_dags/example_external_task_marker_dag.py took 0.124 seconds
[2023-11-28T06:43:16.172+0000] {processor.py:157} INFO - Started process (PID=390) to work on /home/airflow/.local/lib/python3.8/site-packages/airflow/example_dags/example_external_task_marker_dag.py
[2023-11-28T06:43:16.173+0000] {processor.py:829} INFO - Processing file /home/airflow/.local/lib/python3.8/site-packages/airflow/example_dags/example_external_task_marker_dag.py for tasks to queue
[2023-11-28T06:43:16.176+0000] {logging_mixin.py:154} INFO - [2023-11-28T06:43:16.175+0000] {dagbag.py:536} INFO - Filling up the DagBag from /home/airflow/.local/lib/python3.8/site-packages/airflow/example_dags/example_external_task_marker_dag.py
[2023-11-28T06:43:16.183+0000] {processor.py:839} INFO - DAG(s) dict_keys(['example_external_task_marker_parent', 'example_external_task_marker_child']) retrieved from /home/airflow/.local/lib/python3.8/site-packages/airflow/example_dags/example_external_task_marker_dag.py
[2023-11-28T06:43:16.211+0000] {logging_mixin.py:154} INFO - [2023-11-28T06:43:16.211+0000] {dag.py:2941} INFO - Sync 2 DAGs
[2023-11-28T06:43:16.224+0000] {logging_mixin.py:154} INFO - [2023-11-28T06:43:16.224+0000] {dag.py:3722} INFO - Setting next_dagrun for example_external_task_marker_child to None, run_after=None
[2023-11-28T06:43:16.228+0000] {logging_mixin.py:154} INFO - [2023-11-28T06:43:16.228+0000] {dag.py:3722} INFO - Setting next_dagrun for example_external_task_marker_parent to None, run_after=None
[2023-11-28T06:43:16.243+0000] {processor.py:179} INFO - Processing /home/airflow/.local/lib/python3.8/site-packages/airflow/example_dags/example_external_task_marker_dag.py took 0.075 seconds
