[2023-11-28T06:38:57.518+0000] {processor.py:157} INFO - Started process (PID=41) to work on /home/airflow/.local/lib/python3.8/site-packages/airflow/example_dags/example_dynamic_task_mapping_with_no_taskflow_operators.py
[2023-11-28T06:38:57.519+0000] {processor.py:829} INFO - Processing file /home/airflow/.local/lib/python3.8/site-packages/airflow/example_dags/example_dynamic_task_mapping_with_no_taskflow_operators.py for tasks to queue
[2023-11-28T06:38:57.524+0000] {logging_mixin.py:154} INFO - [2023-11-28T06:38:57.523+0000] {dagbag.py:536} INFO - Filling up the DagBag from /home/airflow/.local/lib/python3.8/site-packages/airflow/example_dags/example_dynamic_task_mapping_with_no_taskflow_operators.py
[2023-11-28T06:38:57.537+0000] {processor.py:839} INFO - DAG(s) dict_keys(['example_dynamic_task_mapping_with_no_taskflow_operators']) retrieved from /home/airflow/.local/lib/python3.8/site-packages/airflow/example_dags/example_dynamic_task_mapping_with_no_taskflow_operators.py
[2023-11-28T06:38:57.580+0000] {logging_mixin.py:154} INFO - [2023-11-28T06:38:57.580+0000] {dag.py:2941} INFO - Sync 1 DAGs
[2023-11-28T06:38:57.618+0000] {logging_mixin.py:154} INFO - [2023-11-28T06:38:57.617+0000] {dag.py:3722} INFO - Setting next_dagrun for example_dynamic_task_mapping_with_no_taskflow_operators to 2023-11-27T06:38:57.617250+00:00, run_after=2023-11-28T06:38:57.617250+00:00
[2023-11-28T06:38:57.669+0000] {processor.py:179} INFO - Processing /home/airflow/.local/lib/python3.8/site-packages/airflow/example_dags/example_dynamic_task_mapping_with_no_taskflow_operators.py took 0.156 seconds
[2023-11-28T06:40:11.227+0000] {processor.py:157} INFO - Started process (PID=40) to work on /home/airflow/.local/lib/python3.8/site-packages/airflow/example_dags/example_dynamic_task_mapping_with_no_taskflow_operators.py
[2023-11-28T06:40:11.229+0000] {processor.py:829} INFO - Processing file /home/airflow/.local/lib/python3.8/site-packages/airflow/example_dags/example_dynamic_task_mapping_with_no_taskflow_operators.py for tasks to queue
[2023-11-28T06:40:11.232+0000] {logging_mixin.py:154} INFO - [2023-11-28T06:40:11.232+0000] {dagbag.py:536} INFO - Filling up the DagBag from /home/airflow/.local/lib/python3.8/site-packages/airflow/example_dags/example_dynamic_task_mapping_with_no_taskflow_operators.py
[2023-11-28T06:40:11.243+0000] {processor.py:839} INFO - DAG(s) dict_keys(['example_dynamic_task_mapping_with_no_taskflow_operators']) retrieved from /home/airflow/.local/lib/python3.8/site-packages/airflow/example_dags/example_dynamic_task_mapping_with_no_taskflow_operators.py
[2023-11-28T06:40:11.257+0000] {logging_mixin.py:154} INFO - [2023-11-28T06:40:11.257+0000] {dag.py:2941} INFO - Sync 1 DAGs
[2023-11-28T06:40:11.287+0000] {logging_mixin.py:154} INFO - [2023-11-28T06:40:11.286+0000] {dag.py:3722} INFO - Setting next_dagrun for example_dynamic_task_mapping_with_no_taskflow_operators to 2023-11-27T06:40:11.286567+00:00, run_after=2023-11-28T06:40:11.286567+00:00
[2023-11-28T06:40:11.308+0000] {processor.py:179} INFO - Processing /home/airflow/.local/lib/python3.8/site-packages/airflow/example_dags/example_dynamic_task_mapping_with_no_taskflow_operators.py took 0.085 seconds
[2023-11-28T06:40:41.860+0000] {processor.py:157} INFO - Started process (PID=94) to work on /home/airflow/.local/lib/python3.8/site-packages/airflow/example_dags/example_dynamic_task_mapping_with_no_taskflow_operators.py
[2023-11-28T06:40:41.862+0000] {processor.py:829} INFO - Processing file /home/airflow/.local/lib/python3.8/site-packages/airflow/example_dags/example_dynamic_task_mapping_with_no_taskflow_operators.py for tasks to queue
[2023-11-28T06:40:41.864+0000] {logging_mixin.py:154} INFO - [2023-11-28T06:40:41.864+0000] {dagbag.py:536} INFO - Filling up the DagBag from /home/airflow/.local/lib/python3.8/site-packages/airflow/example_dags/example_dynamic_task_mapping_with_no_taskflow_operators.py
[2023-11-28T06:40:41.872+0000] {processor.py:839} INFO - DAG(s) dict_keys(['example_dynamic_task_mapping_with_no_taskflow_operators']) retrieved from /home/airflow/.local/lib/python3.8/site-packages/airflow/example_dags/example_dynamic_task_mapping_with_no_taskflow_operators.py
[2023-11-28T06:40:41.897+0000] {logging_mixin.py:154} INFO - [2023-11-28T06:40:41.897+0000] {dag.py:2941} INFO - Sync 1 DAGs
[2023-11-28T06:40:41.925+0000] {logging_mixin.py:154} INFO - [2023-11-28T06:40:41.925+0000] {dag.py:3722} INFO - Setting next_dagrun for example_dynamic_task_mapping_with_no_taskflow_operators to 2023-11-27T06:40:41.924947+00:00, run_after=2023-11-28T06:40:41.924947+00:00
[2023-11-28T06:40:41.948+0000] {processor.py:179} INFO - Processing /home/airflow/.local/lib/python3.8/site-packages/airflow/example_dags/example_dynamic_task_mapping_with_no_taskflow_operators.py took 0.093 seconds
[2023-11-28T06:41:11.977+0000] {processor.py:157} INFO - Started process (PID=148) to work on /home/airflow/.local/lib/python3.8/site-packages/airflow/example_dags/example_dynamic_task_mapping_with_no_taskflow_operators.py
[2023-11-28T06:41:11.979+0000] {processor.py:829} INFO - Processing file /home/airflow/.local/lib/python3.8/site-packages/airflow/example_dags/example_dynamic_task_mapping_with_no_taskflow_operators.py for tasks to queue
[2023-11-28T06:41:11.981+0000] {logging_mixin.py:154} INFO - [2023-11-28T06:41:11.981+0000] {dagbag.py:536} INFO - Filling up the DagBag from /home/airflow/.local/lib/python3.8/site-packages/airflow/example_dags/example_dynamic_task_mapping_with_no_taskflow_operators.py
[2023-11-28T06:41:11.988+0000] {processor.py:839} INFO - DAG(s) dict_keys(['example_dynamic_task_mapping_with_no_taskflow_operators']) retrieved from /home/airflow/.local/lib/python3.8/site-packages/airflow/example_dags/example_dynamic_task_mapping_with_no_taskflow_operators.py
[2023-11-28T06:41:12.010+0000] {logging_mixin.py:154} INFO - [2023-11-28T06:41:12.009+0000] {dag.py:2941} INFO - Sync 1 DAGs
[2023-11-28T06:41:12.033+0000] {logging_mixin.py:154} INFO - [2023-11-28T06:41:12.033+0000] {dag.py:3722} INFO - Setting next_dagrun for example_dynamic_task_mapping_with_no_taskflow_operators to 2023-11-27T06:41:12.033488+00:00, run_after=2023-11-28T06:41:12.033488+00:00
[2023-11-28T06:41:12.052+0000] {processor.py:179} INFO - Processing /home/airflow/.local/lib/python3.8/site-packages/airflow/example_dags/example_dynamic_task_mapping_with_no_taskflow_operators.py took 0.079 seconds
[2023-11-28T06:41:42.525+0000] {processor.py:157} INFO - Started process (PID=202) to work on /home/airflow/.local/lib/python3.8/site-packages/airflow/example_dags/example_dynamic_task_mapping_with_no_taskflow_operators.py
[2023-11-28T06:41:42.527+0000] {processor.py:829} INFO - Processing file /home/airflow/.local/lib/python3.8/site-packages/airflow/example_dags/example_dynamic_task_mapping_with_no_taskflow_operators.py for tasks to queue
[2023-11-28T06:41:42.530+0000] {logging_mixin.py:154} INFO - [2023-11-28T06:41:42.529+0000] {dagbag.py:536} INFO - Filling up the DagBag from /home/airflow/.local/lib/python3.8/site-packages/airflow/example_dags/example_dynamic_task_mapping_with_no_taskflow_operators.py
[2023-11-28T06:41:42.536+0000] {processor.py:839} INFO - DAG(s) dict_keys(['example_dynamic_task_mapping_with_no_taskflow_operators']) retrieved from /home/airflow/.local/lib/python3.8/site-packages/airflow/example_dags/example_dynamic_task_mapping_with_no_taskflow_operators.py
[2023-11-28T06:41:42.557+0000] {logging_mixin.py:154} INFO - [2023-11-28T06:41:42.557+0000] {dag.py:2941} INFO - Sync 1 DAGs
[2023-11-28T06:41:42.582+0000] {logging_mixin.py:154} INFO - [2023-11-28T06:41:42.582+0000] {dag.py:3722} INFO - Setting next_dagrun for example_dynamic_task_mapping_with_no_taskflow_operators to 2023-11-27T06:41:42.581969+00:00, run_after=2023-11-28T06:41:42.581969+00:00
[2023-11-28T06:41:42.599+0000] {processor.py:179} INFO - Processing /home/airflow/.local/lib/python3.8/site-packages/airflow/example_dags/example_dynamic_task_mapping_with_no_taskflow_operators.py took 0.077 seconds
[2023-11-28T06:42:12.819+0000] {processor.py:157} INFO - Started process (PID=256) to work on /home/airflow/.local/lib/python3.8/site-packages/airflow/example_dags/example_dynamic_task_mapping_with_no_taskflow_operators.py
[2023-11-28T06:42:12.821+0000] {processor.py:829} INFO - Processing file /home/airflow/.local/lib/python3.8/site-packages/airflow/example_dags/example_dynamic_task_mapping_with_no_taskflow_operators.py for tasks to queue
[2023-11-28T06:42:12.826+0000] {logging_mixin.py:154} INFO - [2023-11-28T06:42:12.825+0000] {dagbag.py:536} INFO - Filling up the DagBag from /home/airflow/.local/lib/python3.8/site-packages/airflow/example_dags/example_dynamic_task_mapping_with_no_taskflow_operators.py
[2023-11-28T06:42:12.842+0000] {processor.py:839} INFO - DAG(s) dict_keys(['example_dynamic_task_mapping_with_no_taskflow_operators']) retrieved from /home/airflow/.local/lib/python3.8/site-packages/airflow/example_dags/example_dynamic_task_mapping_with_no_taskflow_operators.py
[2023-11-28T06:42:12.907+0000] {logging_mixin.py:154} INFO - [2023-11-28T06:42:12.906+0000] {dag.py:2941} INFO - Sync 1 DAGs
[2023-11-28T06:42:12.967+0000] {logging_mixin.py:154} INFO - [2023-11-28T06:42:12.966+0000] {dag.py:3722} INFO - Setting next_dagrun for example_dynamic_task_mapping_with_no_taskflow_operators to 2023-11-27T06:42:12.966504+00:00, run_after=2023-11-28T06:42:12.966504+00:00
[2023-11-28T06:42:13.007+0000] {processor.py:179} INFO - Processing /home/airflow/.local/lib/python3.8/site-packages/airflow/example_dags/example_dynamic_task_mapping_with_no_taskflow_operators.py took 0.195 seconds
[2023-11-28T06:42:43.428+0000] {processor.py:157} INFO - Started process (PID=310) to work on /home/airflow/.local/lib/python3.8/site-packages/airflow/example_dags/example_dynamic_task_mapping_with_no_taskflow_operators.py
[2023-11-28T06:42:43.429+0000] {processor.py:829} INFO - Processing file /home/airflow/.local/lib/python3.8/site-packages/airflow/example_dags/example_dynamic_task_mapping_with_no_taskflow_operators.py for tasks to queue
[2023-11-28T06:42:43.432+0000] {logging_mixin.py:154} INFO - [2023-11-28T06:42:43.432+0000] {dagbag.py:536} INFO - Filling up the DagBag from /home/airflow/.local/lib/python3.8/site-packages/airflow/example_dags/example_dynamic_task_mapping_with_no_taskflow_operators.py
[2023-11-28T06:42:43.439+0000] {processor.py:839} INFO - DAG(s) dict_keys(['example_dynamic_task_mapping_with_no_taskflow_operators']) retrieved from /home/airflow/.local/lib/python3.8/site-packages/airflow/example_dags/example_dynamic_task_mapping_with_no_taskflow_operators.py
[2023-11-28T06:42:43.461+0000] {logging_mixin.py:154} INFO - [2023-11-28T06:42:43.460+0000] {dag.py:2941} INFO - Sync 1 DAGs
[2023-11-28T06:42:43.484+0000] {logging_mixin.py:154} INFO - [2023-11-28T06:42:43.484+0000] {dag.py:3722} INFO - Setting next_dagrun for example_dynamic_task_mapping_with_no_taskflow_operators to 2023-11-27T06:42:43.484268+00:00, run_after=2023-11-28T06:42:43.484268+00:00
[2023-11-28T06:42:43.501+0000] {processor.py:179} INFO - Processing /home/airflow/.local/lib/python3.8/site-packages/airflow/example_dags/example_dynamic_task_mapping_with_no_taskflow_operators.py took 0.077 seconds
[2023-11-28T06:43:13.607+0000] {processor.py:157} INFO - Started process (PID=364) to work on /home/airflow/.local/lib/python3.8/site-packages/airflow/example_dags/example_dynamic_task_mapping_with_no_taskflow_operators.py
[2023-11-28T06:43:13.608+0000] {processor.py:829} INFO - Processing file /home/airflow/.local/lib/python3.8/site-packages/airflow/example_dags/example_dynamic_task_mapping_with_no_taskflow_operators.py for tasks to queue
[2023-11-28T06:43:13.611+0000] {logging_mixin.py:154} INFO - [2023-11-28T06:43:13.611+0000] {dagbag.py:536} INFO - Filling up the DagBag from /home/airflow/.local/lib/python3.8/site-packages/airflow/example_dags/example_dynamic_task_mapping_with_no_taskflow_operators.py
[2023-11-28T06:43:13.617+0000] {processor.py:839} INFO - DAG(s) dict_keys(['example_dynamic_task_mapping_with_no_taskflow_operators']) retrieved from /home/airflow/.local/lib/python3.8/site-packages/airflow/example_dags/example_dynamic_task_mapping_with_no_taskflow_operators.py
[2023-11-28T06:43:13.639+0000] {logging_mixin.py:154} INFO - [2023-11-28T06:43:13.638+0000] {dag.py:2941} INFO - Sync 1 DAGs
[2023-11-28T06:43:13.663+0000] {logging_mixin.py:154} INFO - [2023-11-28T06:43:13.663+0000] {dag.py:3722} INFO - Setting next_dagrun for example_dynamic_task_mapping_with_no_taskflow_operators to 2023-11-27T06:43:13.662928+00:00, run_after=2023-11-28T06:43:13.662928+00:00
[2023-11-28T06:43:13.680+0000] {processor.py:179} INFO - Processing /home/airflow/.local/lib/python3.8/site-packages/airflow/example_dags/example_dynamic_task_mapping_with_no_taskflow_operators.py took 0.076 seconds
