[2023-11-28T06:39:04.849+0000] {processor.py:157} INFO - Started process (PID=76) to work on /home/airflow/.local/lib/python3.8/site-packages/airflow/example_dags/example_short_circuit_decorator.py
[2023-11-28T06:39:04.851+0000] {processor.py:829} INFO - Processing file /home/airflow/.local/lib/python3.8/site-packages/airflow/example_dags/example_short_circuit_decorator.py for tasks to queue
[2023-11-28T06:39:04.855+0000] {logging_mixin.py:154} INFO - [2023-11-28T06:39:04.854+0000] {dagbag.py:536} INFO - Filling up the DagBag from /home/airflow/.local/lib/python3.8/site-packages/airflow/example_dags/example_short_circuit_decorator.py
[2023-11-28T06:39:04.878+0000] {processor.py:839} INFO - DAG(s) dict_keys(['example_short_circuit_decorator']) retrieved from /home/airflow/.local/lib/python3.8/site-packages/airflow/example_dags/example_short_circuit_decorator.py
[2023-11-28T06:39:04.926+0000] {logging_mixin.py:154} INFO - [2023-11-28T06:39:04.925+0000] {dag.py:2941} INFO - Sync 1 DAGs
[2023-11-28T06:39:04.982+0000] {logging_mixin.py:154} INFO - [2023-11-28T06:39:04.981+0000] {dag.py:3722} INFO - Setting next_dagrun for example_short_circuit_decorator to 2023-11-27T06:39:04.980448+00:00, run_after=2023-11-28T06:39:04.980448+00:00
[2023-11-28T06:39:05.022+0000] {processor.py:179} INFO - Processing /home/airflow/.local/lib/python3.8/site-packages/airflow/example_dags/example_short_circuit_decorator.py took 0.181 seconds
[2023-11-28T06:40:13.958+0000] {processor.py:157} INFO - Started process (PID=75) to work on /home/airflow/.local/lib/python3.8/site-packages/airflow/example_dags/example_short_circuit_decorator.py
[2023-11-28T06:40:13.960+0000] {processor.py:829} INFO - Processing file /home/airflow/.local/lib/python3.8/site-packages/airflow/example_dags/example_short_circuit_decorator.py for tasks to queue
[2023-11-28T06:40:13.966+0000] {logging_mixin.py:154} INFO - [2023-11-28T06:40:13.965+0000] {dagbag.py:536} INFO - Filling up the DagBag from /home/airflow/.local/lib/python3.8/site-packages/airflow/example_dags/example_short_circuit_decorator.py
[2023-11-28T06:40:13.991+0000] {processor.py:839} INFO - DAG(s) dict_keys(['example_short_circuit_decorator']) retrieved from /home/airflow/.local/lib/python3.8/site-packages/airflow/example_dags/example_short_circuit_decorator.py
[2023-11-28T06:40:14.020+0000] {logging_mixin.py:154} INFO - [2023-11-28T06:40:14.019+0000] {dag.py:2941} INFO - Sync 1 DAGs
[2023-11-28T06:40:14.078+0000] {logging_mixin.py:154} INFO - [2023-11-28T06:40:14.077+0000] {dag.py:3722} INFO - Setting next_dagrun for example_short_circuit_decorator to 2023-11-27T06:40:14.077150+00:00, run_after=2023-11-28T06:40:14.077150+00:00
[2023-11-28T06:40:14.121+0000] {processor.py:179} INFO - Processing /home/airflow/.local/lib/python3.8/site-packages/airflow/example_dags/example_short_circuit_decorator.py took 0.171 seconds
[2023-11-28T06:40:44.216+0000] {processor.py:157} INFO - Started process (PID=129) to work on /home/airflow/.local/lib/python3.8/site-packages/airflow/example_dags/example_short_circuit_decorator.py
[2023-11-28T06:40:44.217+0000] {processor.py:829} INFO - Processing file /home/airflow/.local/lib/python3.8/site-packages/airflow/example_dags/example_short_circuit_decorator.py for tasks to queue
[2023-11-28T06:40:44.220+0000] {logging_mixin.py:154} INFO - [2023-11-28T06:40:44.220+0000] {dagbag.py:536} INFO - Filling up the DagBag from /home/airflow/.local/lib/python3.8/site-packages/airflow/example_dags/example_short_circuit_decorator.py
[2023-11-28T06:40:44.233+0000] {processor.py:839} INFO - DAG(s) dict_keys(['example_short_circuit_decorator']) retrieved from /home/airflow/.local/lib/python3.8/site-packages/airflow/example_dags/example_short_circuit_decorator.py
[2023-11-28T06:40:44.265+0000] {logging_mixin.py:154} INFO - [2023-11-28T06:40:44.264+0000] {dag.py:2941} INFO - Sync 1 DAGs
[2023-11-28T06:40:44.294+0000] {logging_mixin.py:154} INFO - [2023-11-28T06:40:44.294+0000] {dag.py:3722} INFO - Setting next_dagrun for example_short_circuit_decorator to 2023-11-27T06:40:44.294296+00:00, run_after=2023-11-28T06:40:44.294296+00:00
[2023-11-28T06:40:44.313+0000] {processor.py:179} INFO - Processing /home/airflow/.local/lib/python3.8/site-packages/airflow/example_dags/example_short_circuit_decorator.py took 0.102 seconds
[2023-11-28T06:41:14.412+0000] {processor.py:157} INFO - Started process (PID=183) to work on /home/airflow/.local/lib/python3.8/site-packages/airflow/example_dags/example_short_circuit_decorator.py
[2023-11-28T06:41:14.413+0000] {processor.py:829} INFO - Processing file /home/airflow/.local/lib/python3.8/site-packages/airflow/example_dags/example_short_circuit_decorator.py for tasks to queue
[2023-11-28T06:41:14.416+0000] {logging_mixin.py:154} INFO - [2023-11-28T06:41:14.415+0000] {dagbag.py:536} INFO - Filling up the DagBag from /home/airflow/.local/lib/python3.8/site-packages/airflow/example_dags/example_short_circuit_decorator.py
[2023-11-28T06:41:14.427+0000] {processor.py:839} INFO - DAG(s) dict_keys(['example_short_circuit_decorator']) retrieved from /home/airflow/.local/lib/python3.8/site-packages/airflow/example_dags/example_short_circuit_decorator.py
[2023-11-28T06:41:14.453+0000] {logging_mixin.py:154} INFO - [2023-11-28T06:41:14.453+0000] {dag.py:2941} INFO - Sync 1 DAGs
[2023-11-28T06:41:14.477+0000] {logging_mixin.py:154} INFO - [2023-11-28T06:41:14.476+0000] {dag.py:3722} INFO - Setting next_dagrun for example_short_circuit_decorator to 2023-11-27T06:41:14.476600+00:00, run_after=2023-11-28T06:41:14.476600+00:00
[2023-11-28T06:41:14.498+0000] {processor.py:179} INFO - Processing /home/airflow/.local/lib/python3.8/site-packages/airflow/example_dags/example_short_circuit_decorator.py took 0.091 seconds
[2023-11-28T06:41:44.606+0000] {processor.py:157} INFO - Started process (PID=237) to work on /home/airflow/.local/lib/python3.8/site-packages/airflow/example_dags/example_short_circuit_decorator.py
[2023-11-28T06:41:44.607+0000] {processor.py:829} INFO - Processing file /home/airflow/.local/lib/python3.8/site-packages/airflow/example_dags/example_short_circuit_decorator.py for tasks to queue
[2023-11-28T06:41:44.610+0000] {logging_mixin.py:154} INFO - [2023-11-28T06:41:44.609+0000] {dagbag.py:536} INFO - Filling up the DagBag from /home/airflow/.local/lib/python3.8/site-packages/airflow/example_dags/example_short_circuit_decorator.py
[2023-11-28T06:41:44.622+0000] {processor.py:839} INFO - DAG(s) dict_keys(['example_short_circuit_decorator']) retrieved from /home/airflow/.local/lib/python3.8/site-packages/airflow/example_dags/example_short_circuit_decorator.py
[2023-11-28T06:41:44.651+0000] {logging_mixin.py:154} INFO - [2023-11-28T06:41:44.651+0000] {dag.py:2941} INFO - Sync 1 DAGs
[2023-11-28T06:41:44.679+0000] {logging_mixin.py:154} INFO - [2023-11-28T06:41:44.679+0000] {dag.py:3722} INFO - Setting next_dagrun for example_short_circuit_decorator to 2023-11-27T06:41:44.678955+00:00, run_after=2023-11-28T06:41:44.678955+00:00
[2023-11-28T06:41:44.721+0000] {processor.py:179} INFO - Processing /home/airflow/.local/lib/python3.8/site-packages/airflow/example_dags/example_short_circuit_decorator.py took 0.120 seconds
[2023-11-28T06:42:15.723+0000] {processor.py:157} INFO - Started process (PID=291) to work on /home/airflow/.local/lib/python3.8/site-packages/airflow/example_dags/example_short_circuit_decorator.py
[2023-11-28T06:42:15.725+0000] {processor.py:829} INFO - Processing file /home/airflow/.local/lib/python3.8/site-packages/airflow/example_dags/example_short_circuit_decorator.py for tasks to queue
[2023-11-28T06:42:15.728+0000] {logging_mixin.py:154} INFO - [2023-11-28T06:42:15.728+0000] {dagbag.py:536} INFO - Filling up the DagBag from /home/airflow/.local/lib/python3.8/site-packages/airflow/example_dags/example_short_circuit_decorator.py
[2023-11-28T06:42:15.739+0000] {processor.py:839} INFO - DAG(s) dict_keys(['example_short_circuit_decorator']) retrieved from /home/airflow/.local/lib/python3.8/site-packages/airflow/example_dags/example_short_circuit_decorator.py
[2023-11-28T06:42:15.763+0000] {logging_mixin.py:154} INFO - [2023-11-28T06:42:15.763+0000] {dag.py:2941} INFO - Sync 1 DAGs
[2023-11-28T06:42:15.790+0000] {logging_mixin.py:154} INFO - [2023-11-28T06:42:15.790+0000] {dag.py:3722} INFO - Setting next_dagrun for example_short_circuit_decorator to 2023-11-27T06:42:15.790329+00:00, run_after=2023-11-28T06:42:15.790329+00:00
[2023-11-28T06:42:15.813+0000] {processor.py:179} INFO - Processing /home/airflow/.local/lib/python3.8/site-packages/airflow/example_dags/example_short_circuit_decorator.py took 0.094 seconds
[2023-11-28T06:42:46.523+0000] {processor.py:157} INFO - Started process (PID=345) to work on /home/airflow/.local/lib/python3.8/site-packages/airflow/example_dags/example_short_circuit_decorator.py
[2023-11-28T06:42:46.524+0000] {processor.py:829} INFO - Processing file /home/airflow/.local/lib/python3.8/site-packages/airflow/example_dags/example_short_circuit_decorator.py for tasks to queue
[2023-11-28T06:42:46.526+0000] {logging_mixin.py:154} INFO - [2023-11-28T06:42:46.526+0000] {dagbag.py:536} INFO - Filling up the DagBag from /home/airflow/.local/lib/python3.8/site-packages/airflow/example_dags/example_short_circuit_decorator.py
[2023-11-28T06:42:46.537+0000] {processor.py:839} INFO - DAG(s) dict_keys(['example_short_circuit_decorator']) retrieved from /home/airflow/.local/lib/python3.8/site-packages/airflow/example_dags/example_short_circuit_decorator.py
[2023-11-28T06:42:46.562+0000] {logging_mixin.py:154} INFO - [2023-11-28T06:42:46.562+0000] {dag.py:2941} INFO - Sync 1 DAGs
[2023-11-28T06:42:46.586+0000] {logging_mixin.py:154} INFO - [2023-11-28T06:42:46.585+0000] {dag.py:3722} INFO - Setting next_dagrun for example_short_circuit_decorator to 2023-11-27T06:42:46.585475+00:00, run_after=2023-11-28T06:42:46.585475+00:00
[2023-11-28T06:42:46.603+0000] {processor.py:179} INFO - Processing /home/airflow/.local/lib/python3.8/site-packages/airflow/example_dags/example_short_circuit_decorator.py took 0.086 seconds
[2023-11-28T06:43:16.747+0000] {processor.py:157} INFO - Started process (PID=399) to work on /home/airflow/.local/lib/python3.8/site-packages/airflow/example_dags/example_short_circuit_decorator.py
[2023-11-28T06:43:16.748+0000] {processor.py:829} INFO - Processing file /home/airflow/.local/lib/python3.8/site-packages/airflow/example_dags/example_short_circuit_decorator.py for tasks to queue
[2023-11-28T06:43:16.751+0000] {logging_mixin.py:154} INFO - [2023-11-28T06:43:16.750+0000] {dagbag.py:536} INFO - Filling up the DagBag from /home/airflow/.local/lib/python3.8/site-packages/airflow/example_dags/example_short_circuit_decorator.py
[2023-11-28T06:43:16.760+0000] {processor.py:839} INFO - DAG(s) dict_keys(['example_short_circuit_decorator']) retrieved from /home/airflow/.local/lib/python3.8/site-packages/airflow/example_dags/example_short_circuit_decorator.py
[2023-11-28T06:43:16.786+0000] {logging_mixin.py:154} INFO - [2023-11-28T06:43:16.786+0000] {dag.py:2941} INFO - Sync 1 DAGs
[2023-11-28T06:43:16.807+0000] {logging_mixin.py:154} INFO - [2023-11-28T06:43:16.807+0000] {dag.py:3722} INFO - Setting next_dagrun for example_short_circuit_decorator to 2023-11-27T06:43:16.807283+00:00, run_after=2023-11-28T06:43:16.807283+00:00
[2023-11-28T06:43:16.824+0000] {processor.py:179} INFO - Processing /home/airflow/.local/lib/python3.8/site-packages/airflow/example_dags/example_short_circuit_decorator.py took 0.081 seconds
