[2023-11-28T06:39:02.324+0000] {processor.py:157} INFO - Started process (PID=66) to work on /home/airflow/.local/lib/python3.8/site-packages/airflow/example_dags/example_datasets.py
[2023-11-28T06:39:02.328+0000] {processor.py:829} INFO - Processing file /home/airflow/.local/lib/python3.8/site-packages/airflow/example_dags/example_datasets.py for tasks to queue
[2023-11-28T06:39:02.336+0000] {logging_mixin.py:154} INFO - [2023-11-28T06:39:02.335+0000] {dagbag.py:536} INFO - Filling up the DagBag from /home/airflow/.local/lib/python3.8/site-packages/airflow/example_dags/example_datasets.py
[2023-11-28T06:39:02.405+0000] {processor.py:839} INFO - DAG(s) dict_keys(['dataset_consumes_1_and_2', 'dataset_produces_2', 'dataset_consumes_1', 'dataset_produces_1', 'dataset_consumes_unknown_never_scheduled', 'dataset_consumes_1_never_scheduled']) retrieved from /home/airflow/.local/lib/python3.8/site-packages/airflow/example_dags/example_datasets.py
[2023-11-28T06:39:02.679+0000] {logging_mixin.py:154} INFO - [2023-11-28T06:39:02.678+0000] {dag.py:2941} INFO - Sync 6 DAGs
[2023-11-28T06:39:03.015+0000] {logging_mixin.py:154} INFO - [2023-11-28T06:39:03.013+0000] {dag.py:3722} INFO - Setting next_dagrun for dataset_consumes_1 to None, run_after=None
[2023-11-28T06:39:03.037+0000] {logging_mixin.py:154} INFO - [2023-11-28T06:39:03.036+0000] {dag.py:3722} INFO - Setting next_dagrun for dataset_consumes_1_and_2 to None, run_after=None
[2023-11-28T06:39:03.053+0000] {logging_mixin.py:154} INFO - [2023-11-28T06:39:03.053+0000] {dag.py:3722} INFO - Setting next_dagrun for dataset_consumes_1_never_scheduled to None, run_after=None
[2023-11-28T06:39:03.063+0000] {logging_mixin.py:154} INFO - [2023-11-28T06:39:03.063+0000] {dag.py:3722} INFO - Setting next_dagrun for dataset_consumes_unknown_never_scheduled to None, run_after=None
[2023-11-28T06:39:03.078+0000] {logging_mixin.py:154} INFO - [2023-11-28T06:39:03.077+0000] {dag.py:3722} INFO - Setting next_dagrun for dataset_produces_1 to 2023-11-27T00:00:00+00:00, run_after=2023-11-28T00:00:00+00:00
[2023-11-28T06:39:03.087+0000] {logging_mixin.py:154} INFO - [2023-11-28T06:39:03.086+0000] {dag.py:3722} INFO - Setting next_dagrun for dataset_produces_2 to None, run_after=None
[2023-11-28T06:39:03.915+0000] {processor.py:179} INFO - Processing /home/airflow/.local/lib/python3.8/site-packages/airflow/example_dags/example_datasets.py took 1.617 seconds
[2023-11-28T06:40:13.109+0000] {processor.py:157} INFO - Started process (PID=65) to work on /home/airflow/.local/lib/python3.8/site-packages/airflow/example_dags/example_datasets.py
[2023-11-28T06:40:13.111+0000] {processor.py:829} INFO - Processing file /home/airflow/.local/lib/python3.8/site-packages/airflow/example_dags/example_datasets.py for tasks to queue
[2023-11-28T06:40:13.116+0000] {logging_mixin.py:154} INFO - [2023-11-28T06:40:13.115+0000] {dagbag.py:536} INFO - Filling up the DagBag from /home/airflow/.local/lib/python3.8/site-packages/airflow/example_dags/example_datasets.py
[2023-11-28T06:40:13.137+0000] {processor.py:839} INFO - DAG(s) dict_keys(['dataset_consumes_1_and_2', 'dataset_produces_1', 'dataset_produces_2', 'dataset_consumes_1_never_scheduled', 'dataset_consumes_unknown_never_scheduled', 'dataset_consumes_1']) retrieved from /home/airflow/.local/lib/python3.8/site-packages/airflow/example_dags/example_datasets.py
[2023-11-28T06:40:13.170+0000] {logging_mixin.py:154} INFO - [2023-11-28T06:40:13.169+0000] {dag.py:2941} INFO - Sync 6 DAGs
[2023-11-28T06:40:13.219+0000] {logging_mixin.py:154} INFO - [2023-11-28T06:40:13.218+0000] {dag.py:3722} INFO - Setting next_dagrun for dataset_consumes_1 to None, run_after=None
[2023-11-28T06:40:13.226+0000] {logging_mixin.py:154} INFO - [2023-11-28T06:40:13.225+0000] {dag.py:3722} INFO - Setting next_dagrun for dataset_consumes_1_and_2 to None, run_after=None
[2023-11-28T06:40:13.229+0000] {logging_mixin.py:154} INFO - [2023-11-28T06:40:13.229+0000] {dag.py:3722} INFO - Setting next_dagrun for dataset_consumes_1_never_scheduled to None, run_after=None
[2023-11-28T06:40:13.233+0000] {logging_mixin.py:154} INFO - [2023-11-28T06:40:13.233+0000] {dag.py:3722} INFO - Setting next_dagrun for dataset_consumes_unknown_never_scheduled to None, run_after=None
[2023-11-28T06:40:13.240+0000] {logging_mixin.py:154} INFO - [2023-11-28T06:40:13.240+0000] {dag.py:3722} INFO - Setting next_dagrun for dataset_produces_1 to 2023-11-27T00:00:00+00:00, run_after=2023-11-28T00:00:00+00:00
[2023-11-28T06:40:13.243+0000] {logging_mixin.py:154} INFO - [2023-11-28T06:40:13.243+0000] {dag.py:3722} INFO - Setting next_dagrun for dataset_produces_2 to None, run_after=None
[2023-11-28T06:40:13.314+0000] {processor.py:179} INFO - Processing /home/airflow/.local/lib/python3.8/site-packages/airflow/example_dags/example_datasets.py took 0.210 seconds
[2023-11-28T06:40:43.564+0000] {processor.py:157} INFO - Started process (PID=119) to work on /home/airflow/.local/lib/python3.8/site-packages/airflow/example_dags/example_datasets.py
[2023-11-28T06:40:43.565+0000] {processor.py:829} INFO - Processing file /home/airflow/.local/lib/python3.8/site-packages/airflow/example_dags/example_datasets.py for tasks to queue
[2023-11-28T06:40:43.568+0000] {logging_mixin.py:154} INFO - [2023-11-28T06:40:43.567+0000] {dagbag.py:536} INFO - Filling up the DagBag from /home/airflow/.local/lib/python3.8/site-packages/airflow/example_dags/example_datasets.py
[2023-11-28T06:40:43.578+0000] {processor.py:839} INFO - DAG(s) dict_keys(['dataset_consumes_1_never_scheduled', 'dataset_produces_1', 'dataset_produces_2', 'dataset_consumes_1', 'dataset_consumes_1_and_2', 'dataset_consumes_unknown_never_scheduled']) retrieved from /home/airflow/.local/lib/python3.8/site-packages/airflow/example_dags/example_datasets.py
[2023-11-28T06:40:43.625+0000] {logging_mixin.py:154} INFO - [2023-11-28T06:40:43.625+0000] {dag.py:2941} INFO - Sync 6 DAGs
[2023-11-28T06:40:43.652+0000] {logging_mixin.py:154} INFO - [2023-11-28T06:40:43.652+0000] {dag.py:3722} INFO - Setting next_dagrun for dataset_consumes_1 to None, run_after=None
[2023-11-28T06:40:43.656+0000] {logging_mixin.py:154} INFO - [2023-11-28T06:40:43.656+0000] {dag.py:3722} INFO - Setting next_dagrun for dataset_consumes_1_and_2 to None, run_after=None
[2023-11-28T06:40:43.658+0000] {logging_mixin.py:154} INFO - [2023-11-28T06:40:43.658+0000] {dag.py:3722} INFO - Setting next_dagrun for dataset_consumes_1_never_scheduled to None, run_after=None
[2023-11-28T06:40:43.660+0000] {logging_mixin.py:154} INFO - [2023-11-28T06:40:43.660+0000] {dag.py:3722} INFO - Setting next_dagrun for dataset_consumes_unknown_never_scheduled to None, run_after=None
[2023-11-28T06:40:43.664+0000] {logging_mixin.py:154} INFO - [2023-11-28T06:40:43.663+0000] {dag.py:3722} INFO - Setting next_dagrun for dataset_produces_1 to 2023-11-27T00:00:00+00:00, run_after=2023-11-28T00:00:00+00:00
[2023-11-28T06:40:43.665+0000] {logging_mixin.py:154} INFO - [2023-11-28T06:40:43.665+0000] {dag.py:3722} INFO - Setting next_dagrun for dataset_produces_2 to None, run_after=None
[2023-11-28T06:40:43.704+0000] {processor.py:179} INFO - Processing /home/airflow/.local/lib/python3.8/site-packages/airflow/example_dags/example_datasets.py took 0.143 seconds
[2023-11-28T06:41:13.796+0000] {processor.py:157} INFO - Started process (PID=173) to work on /home/airflow/.local/lib/python3.8/site-packages/airflow/example_dags/example_datasets.py
[2023-11-28T06:41:13.798+0000] {processor.py:829} INFO - Processing file /home/airflow/.local/lib/python3.8/site-packages/airflow/example_dags/example_datasets.py for tasks to queue
[2023-11-28T06:41:13.803+0000] {logging_mixin.py:154} INFO - [2023-11-28T06:41:13.803+0000] {dagbag.py:536} INFO - Filling up the DagBag from /home/airflow/.local/lib/python3.8/site-packages/airflow/example_dags/example_datasets.py
[2023-11-28T06:41:13.822+0000] {processor.py:839} INFO - DAG(s) dict_keys(['dataset_produces_2', 'dataset_consumes_1', 'dataset_consumes_1_and_2', 'dataset_consumes_unknown_never_scheduled', 'dataset_produces_1', 'dataset_consumes_1_never_scheduled']) retrieved from /home/airflow/.local/lib/python3.8/site-packages/airflow/example_dags/example_datasets.py
[2023-11-28T06:41:13.875+0000] {logging_mixin.py:154} INFO - [2023-11-28T06:41:13.875+0000] {dag.py:2941} INFO - Sync 6 DAGs
[2023-11-28T06:41:13.901+0000] {logging_mixin.py:154} INFO - [2023-11-28T06:41:13.901+0000] {dag.py:3722} INFO - Setting next_dagrun for dataset_consumes_1 to None, run_after=None
[2023-11-28T06:41:13.905+0000] {logging_mixin.py:154} INFO - [2023-11-28T06:41:13.905+0000] {dag.py:3722} INFO - Setting next_dagrun for dataset_consumes_1_and_2 to None, run_after=None
[2023-11-28T06:41:13.907+0000] {logging_mixin.py:154} INFO - [2023-11-28T06:41:13.907+0000] {dag.py:3722} INFO - Setting next_dagrun for dataset_consumes_1_never_scheduled to None, run_after=None
[2023-11-28T06:41:13.908+0000] {logging_mixin.py:154} INFO - [2023-11-28T06:41:13.908+0000] {dag.py:3722} INFO - Setting next_dagrun for dataset_consumes_unknown_never_scheduled to None, run_after=None
[2023-11-28T06:41:13.912+0000] {logging_mixin.py:154} INFO - [2023-11-28T06:41:13.912+0000] {dag.py:3722} INFO - Setting next_dagrun for dataset_produces_1 to 2023-11-27T00:00:00+00:00, run_after=2023-11-28T00:00:00+00:00
[2023-11-28T06:41:13.914+0000] {logging_mixin.py:154} INFO - [2023-11-28T06:41:13.914+0000] {dag.py:3722} INFO - Setting next_dagrun for dataset_produces_2 to None, run_after=None
[2023-11-28T06:41:13.947+0000] {processor.py:179} INFO - Processing /home/airflow/.local/lib/python3.8/site-packages/airflow/example_dags/example_datasets.py took 0.158 seconds
[2023-11-28T06:41:44.019+0000] {processor.py:157} INFO - Started process (PID=227) to work on /home/airflow/.local/lib/python3.8/site-packages/airflow/example_dags/example_datasets.py
[2023-11-28T06:41:44.020+0000] {processor.py:829} INFO - Processing file /home/airflow/.local/lib/python3.8/site-packages/airflow/example_dags/example_datasets.py for tasks to queue
[2023-11-28T06:41:44.023+0000] {logging_mixin.py:154} INFO - [2023-11-28T06:41:44.022+0000] {dagbag.py:536} INFO - Filling up the DagBag from /home/airflow/.local/lib/python3.8/site-packages/airflow/example_dags/example_datasets.py
[2023-11-28T06:41:44.034+0000] {processor.py:839} INFO - DAG(s) dict_keys(['dataset_consumes_1_and_2', 'dataset_consumes_1', 'dataset_produces_2', 'dataset_produces_1', 'dataset_consumes_1_never_scheduled', 'dataset_consumes_unknown_never_scheduled']) retrieved from /home/airflow/.local/lib/python3.8/site-packages/airflow/example_dags/example_datasets.py
[2023-11-28T06:41:44.080+0000] {logging_mixin.py:154} INFO - [2023-11-28T06:41:44.080+0000] {dag.py:2941} INFO - Sync 6 DAGs
[2023-11-28T06:41:44.108+0000] {logging_mixin.py:154} INFO - [2023-11-28T06:41:44.107+0000] {dag.py:3722} INFO - Setting next_dagrun for dataset_consumes_1 to None, run_after=None
[2023-11-28T06:41:44.112+0000] {logging_mixin.py:154} INFO - [2023-11-28T06:41:44.111+0000] {dag.py:3722} INFO - Setting next_dagrun for dataset_consumes_1_and_2 to None, run_after=None
[2023-11-28T06:41:44.113+0000] {logging_mixin.py:154} INFO - [2023-11-28T06:41:44.113+0000] {dag.py:3722} INFO - Setting next_dagrun for dataset_consumes_1_never_scheduled to None, run_after=None
[2023-11-28T06:41:44.115+0000] {logging_mixin.py:154} INFO - [2023-11-28T06:41:44.115+0000] {dag.py:3722} INFO - Setting next_dagrun for dataset_consumes_unknown_never_scheduled to None, run_after=None
[2023-11-28T06:41:44.118+0000] {logging_mixin.py:154} INFO - [2023-11-28T06:41:44.118+0000] {dag.py:3722} INFO - Setting next_dagrun for dataset_produces_1 to 2023-11-27T00:00:00+00:00, run_after=2023-11-28T00:00:00+00:00
[2023-11-28T06:41:44.120+0000] {logging_mixin.py:154} INFO - [2023-11-28T06:41:44.120+0000] {dag.py:3722} INFO - Setting next_dagrun for dataset_produces_2 to None, run_after=None
[2023-11-28T06:41:44.163+0000] {processor.py:179} INFO - Processing /home/airflow/.local/lib/python3.8/site-packages/airflow/example_dags/example_datasets.py took 0.148 seconds
[2023-11-28T06:42:15.100+0000] {processor.py:157} INFO - Started process (PID=281) to work on /home/airflow/.local/lib/python3.8/site-packages/airflow/example_dags/example_datasets.py
[2023-11-28T06:42:15.101+0000] {processor.py:829} INFO - Processing file /home/airflow/.local/lib/python3.8/site-packages/airflow/example_dags/example_datasets.py for tasks to queue
[2023-11-28T06:42:15.104+0000] {logging_mixin.py:154} INFO - [2023-11-28T06:42:15.103+0000] {dagbag.py:536} INFO - Filling up the DagBag from /home/airflow/.local/lib/python3.8/site-packages/airflow/example_dags/example_datasets.py
[2023-11-28T06:42:15.115+0000] {processor.py:839} INFO - DAG(s) dict_keys(['dataset_consumes_unknown_never_scheduled', 'dataset_consumes_1_never_scheduled', 'dataset_produces_2', 'dataset_consumes_1', 'dataset_produces_1', 'dataset_consumes_1_and_2']) retrieved from /home/airflow/.local/lib/python3.8/site-packages/airflow/example_dags/example_datasets.py
[2023-11-28T06:42:15.166+0000] {logging_mixin.py:154} INFO - [2023-11-28T06:42:15.166+0000] {dag.py:2941} INFO - Sync 6 DAGs
[2023-11-28T06:42:15.206+0000] {logging_mixin.py:154} INFO - [2023-11-28T06:42:15.206+0000] {dag.py:3722} INFO - Setting next_dagrun for dataset_consumes_1 to None, run_after=None
[2023-11-28T06:42:15.215+0000] {logging_mixin.py:154} INFO - [2023-11-28T06:42:15.215+0000] {dag.py:3722} INFO - Setting next_dagrun for dataset_consumes_1_and_2 to None, run_after=None
[2023-11-28T06:42:15.218+0000] {logging_mixin.py:154} INFO - [2023-11-28T06:42:15.218+0000] {dag.py:3722} INFO - Setting next_dagrun for dataset_consumes_1_never_scheduled to None, run_after=None
[2023-11-28T06:42:15.221+0000] {logging_mixin.py:154} INFO - [2023-11-28T06:42:15.221+0000] {dag.py:3722} INFO - Setting next_dagrun for dataset_consumes_unknown_never_scheduled to None, run_after=None
[2023-11-28T06:42:15.230+0000] {logging_mixin.py:154} INFO - [2023-11-28T06:42:15.230+0000] {dag.py:3722} INFO - Setting next_dagrun for dataset_produces_1 to 2023-11-27T00:00:00+00:00, run_after=2023-11-28T00:00:00+00:00
[2023-11-28T06:42:15.233+0000] {logging_mixin.py:154} INFO - [2023-11-28T06:42:15.233+0000] {dag.py:3722} INFO - Setting next_dagrun for dataset_produces_2 to None, run_after=None
[2023-11-28T06:42:15.278+0000] {processor.py:179} INFO - Processing /home/airflow/.local/lib/python3.8/site-packages/airflow/example_dags/example_datasets.py took 0.182 seconds
[2023-11-28T06:42:45.805+0000] {processor.py:157} INFO - Started process (PID=335) to work on /home/airflow/.local/lib/python3.8/site-packages/airflow/example_dags/example_datasets.py
[2023-11-28T06:42:45.806+0000] {processor.py:829} INFO - Processing file /home/airflow/.local/lib/python3.8/site-packages/airflow/example_dags/example_datasets.py for tasks to queue
[2023-11-28T06:42:45.809+0000] {logging_mixin.py:154} INFO - [2023-11-28T06:42:45.809+0000] {dagbag.py:536} INFO - Filling up the DagBag from /home/airflow/.local/lib/python3.8/site-packages/airflow/example_dags/example_datasets.py
[2023-11-28T06:42:45.820+0000] {processor.py:839} INFO - DAG(s) dict_keys(['dataset_produces_2', 'dataset_consumes_1_never_scheduled', 'dataset_consumes_1', 'dataset_produces_1', 'dataset_consumes_unknown_never_scheduled', 'dataset_consumes_1_and_2']) retrieved from /home/airflow/.local/lib/python3.8/site-packages/airflow/example_dags/example_datasets.py
[2023-11-28T06:42:45.878+0000] {logging_mixin.py:154} INFO - [2023-11-28T06:42:45.878+0000] {dag.py:2941} INFO - Sync 6 DAGs
[2023-11-28T06:42:45.908+0000] {logging_mixin.py:154} INFO - [2023-11-28T06:42:45.908+0000] {dag.py:3722} INFO - Setting next_dagrun for dataset_consumes_1 to None, run_after=None
[2023-11-28T06:42:45.914+0000] {logging_mixin.py:154} INFO - [2023-11-28T06:42:45.913+0000] {dag.py:3722} INFO - Setting next_dagrun for dataset_consumes_1_and_2 to None, run_after=None
[2023-11-28T06:42:45.926+0000] {logging_mixin.py:154} INFO - [2023-11-28T06:42:45.926+0000] {dag.py:3722} INFO - Setting next_dagrun for dataset_consumes_1_never_scheduled to None, run_after=None
[2023-11-28T06:42:45.934+0000] {logging_mixin.py:154} INFO - [2023-11-28T06:42:45.934+0000] {dag.py:3722} INFO - Setting next_dagrun for dataset_consumes_unknown_never_scheduled to None, run_after=None
[2023-11-28T06:42:45.944+0000] {logging_mixin.py:154} INFO - [2023-11-28T06:42:45.943+0000] {dag.py:3722} INFO - Setting next_dagrun for dataset_produces_1 to 2023-11-27T00:00:00+00:00, run_after=2023-11-28T00:00:00+00:00
[2023-11-28T06:42:45.947+0000] {logging_mixin.py:154} INFO - [2023-11-28T06:42:45.946+0000] {dag.py:3722} INFO - Setting next_dagrun for dataset_produces_2 to None, run_after=None
[2023-11-28T06:42:45.993+0000] {processor.py:179} INFO - Processing /home/airflow/.local/lib/python3.8/site-packages/airflow/example_dags/example_datasets.py took 0.192 seconds
[2023-11-28T06:43:16.121+0000] {processor.py:157} INFO - Started process (PID=389) to work on /home/airflow/.local/lib/python3.8/site-packages/airflow/example_dags/example_datasets.py
[2023-11-28T06:43:16.123+0000] {processor.py:829} INFO - Processing file /home/airflow/.local/lib/python3.8/site-packages/airflow/example_dags/example_datasets.py for tasks to queue
[2023-11-28T06:43:16.125+0000] {logging_mixin.py:154} INFO - [2023-11-28T06:43:16.125+0000] {dagbag.py:536} INFO - Filling up the DagBag from /home/airflow/.local/lib/python3.8/site-packages/airflow/example_dags/example_datasets.py
[2023-11-28T06:43:16.136+0000] {processor.py:839} INFO - DAG(s) dict_keys(['dataset_consumes_1_never_scheduled', 'dataset_produces_2', 'dataset_produces_1', 'dataset_consumes_unknown_never_scheduled', 'dataset_consumes_1', 'dataset_consumes_1_and_2']) retrieved from /home/airflow/.local/lib/python3.8/site-packages/airflow/example_dags/example_datasets.py
[2023-11-28T06:43:16.173+0000] {logging_mixin.py:154} INFO - [2023-11-28T06:43:16.173+0000] {dag.py:2941} INFO - Sync 6 DAGs
[2023-11-28T06:43:16.199+0000] {logging_mixin.py:154} INFO - [2023-11-28T06:43:16.199+0000] {dag.py:3722} INFO - Setting next_dagrun for dataset_consumes_1 to None, run_after=None
[2023-11-28T06:43:16.202+0000] {logging_mixin.py:154} INFO - [2023-11-28T06:43:16.202+0000] {dag.py:3722} INFO - Setting next_dagrun for dataset_consumes_1_and_2 to None, run_after=None
[2023-11-28T06:43:16.204+0000] {logging_mixin.py:154} INFO - [2023-11-28T06:43:16.204+0000] {dag.py:3722} INFO - Setting next_dagrun for dataset_consumes_1_never_scheduled to None, run_after=None
[2023-11-28T06:43:16.206+0000] {logging_mixin.py:154} INFO - [2023-11-28T06:43:16.206+0000] {dag.py:3722} INFO - Setting next_dagrun for dataset_consumes_unknown_never_scheduled to None, run_after=None
[2023-11-28T06:43:16.210+0000] {logging_mixin.py:154} INFO - [2023-11-28T06:43:16.210+0000] {dag.py:3722} INFO - Setting next_dagrun for dataset_produces_1 to 2023-11-27T00:00:00+00:00, run_after=2023-11-28T00:00:00+00:00
[2023-11-28T06:43:16.211+0000] {logging_mixin.py:154} INFO - [2023-11-28T06:43:16.211+0000] {dag.py:3722} INFO - Setting next_dagrun for dataset_produces_2 to None, run_after=None
[2023-11-28T06:43:16.242+0000] {processor.py:179} INFO - Processing /home/airflow/.local/lib/python3.8/site-packages/airflow/example_dags/example_datasets.py took 0.124 seconds
