[2023-11-28T06:39:05.066+0000] {processor.py:157} INFO - Started process (PID=78) to work on /home/airflow/.local/lib/python3.8/site-packages/airflow/example_dags/example_xcom.py
[2023-11-28T06:39:05.068+0000] {processor.py:829} INFO - Processing file /home/airflow/.local/lib/python3.8/site-packages/airflow/example_dags/example_xcom.py for tasks to queue
[2023-11-28T06:39:05.073+0000] {logging_mixin.py:154} INFO - [2023-11-28T06:39:05.073+0000] {dagbag.py:536} INFO - Filling up the DagBag from /home/airflow/.local/lib/python3.8/site-packages/airflow/example_dags/example_xcom.py
[2023-11-28T06:39:05.089+0000] {processor.py:839} INFO - DAG(s) dict_keys(['example_xcom']) retrieved from /home/airflow/.local/lib/python3.8/site-packages/airflow/example_dags/example_xcom.py
[2023-11-28T06:39:05.129+0000] {logging_mixin.py:154} INFO - [2023-11-28T06:39:05.129+0000] {dag.py:2941} INFO - Sync 1 DAGs
[2023-11-28T06:39:05.171+0000] {logging_mixin.py:154} INFO - [2023-11-28T06:39:05.171+0000] {dag.py:3722} INFO - Setting next_dagrun for example_xcom to 2021-01-01T00:00:00+00:00, run_after=2021-01-01T00:00:00+00:00
[2023-11-28T06:39:05.268+0000] {processor.py:179} INFO - Processing /home/airflow/.local/lib/python3.8/site-packages/airflow/example_dags/example_xcom.py took 0.208 seconds
[2023-11-28T06:40:14.173+0000] {processor.py:157} INFO - Started process (PID=77) to work on /home/airflow/.local/lib/python3.8/site-packages/airflow/example_dags/example_xcom.py
[2023-11-28T06:40:14.175+0000] {processor.py:829} INFO - Processing file /home/airflow/.local/lib/python3.8/site-packages/airflow/example_dags/example_xcom.py for tasks to queue
[2023-11-28T06:40:14.183+0000] {logging_mixin.py:154} INFO - [2023-11-28T06:40:14.182+0000] {dagbag.py:536} INFO - Filling up the DagBag from /home/airflow/.local/lib/python3.8/site-packages/airflow/example_dags/example_xcom.py
[2023-11-28T06:40:14.200+0000] {processor.py:839} INFO - DAG(s) dict_keys(['example_xcom']) retrieved from /home/airflow/.local/lib/python3.8/site-packages/airflow/example_dags/example_xcom.py
[2023-11-28T06:40:14.228+0000] {logging_mixin.py:154} INFO - [2023-11-28T06:40:14.227+0000] {dag.py:2941} INFO - Sync 1 DAGs
[2023-11-28T06:40:14.266+0000] {logging_mixin.py:154} INFO - [2023-11-28T06:40:14.265+0000] {dag.py:3722} INFO - Setting next_dagrun for example_xcom to 2021-01-01T00:00:00+00:00, run_after=2021-01-01T00:00:00+00:00
[2023-11-28T06:40:14.301+0000] {processor.py:179} INFO - Processing /home/airflow/.local/lib/python3.8/site-packages/airflow/example_dags/example_xcom.py took 0.135 seconds
[2023-11-28T06:40:44.343+0000] {processor.py:157} INFO - Started process (PID=131) to work on /home/airflow/.local/lib/python3.8/site-packages/airflow/example_dags/example_xcom.py
[2023-11-28T06:40:44.344+0000] {processor.py:829} INFO - Processing file /home/airflow/.local/lib/python3.8/site-packages/airflow/example_dags/example_xcom.py for tasks to queue
[2023-11-28T06:40:44.347+0000] {logging_mixin.py:154} INFO - [2023-11-28T06:40:44.347+0000] {dagbag.py:536} INFO - Filling up the DagBag from /home/airflow/.local/lib/python3.8/site-packages/airflow/example_dags/example_xcom.py
[2023-11-28T06:40:44.357+0000] {processor.py:839} INFO - DAG(s) dict_keys(['example_xcom']) retrieved from /home/airflow/.local/lib/python3.8/site-packages/airflow/example_dags/example_xcom.py
[2023-11-28T06:40:44.387+0000] {logging_mixin.py:154} INFO - [2023-11-28T06:40:44.387+0000] {dag.py:2941} INFO - Sync 1 DAGs
[2023-11-28T06:40:44.410+0000] {logging_mixin.py:154} INFO - [2023-11-28T06:40:44.410+0000] {dag.py:3722} INFO - Setting next_dagrun for example_xcom to 2021-01-01T00:00:00+00:00, run_after=2021-01-01T00:00:00+00:00
[2023-11-28T06:40:44.427+0000] {processor.py:179} INFO - Processing /home/airflow/.local/lib/python3.8/site-packages/airflow/example_dags/example_xcom.py took 0.090 seconds
[2023-11-28T06:41:14.544+0000] {processor.py:157} INFO - Started process (PID=185) to work on /home/airflow/.local/lib/python3.8/site-packages/airflow/example_dags/example_xcom.py
[2023-11-28T06:41:14.545+0000] {processor.py:829} INFO - Processing file /home/airflow/.local/lib/python3.8/site-packages/airflow/example_dags/example_xcom.py for tasks to queue
[2023-11-28T06:41:14.548+0000] {logging_mixin.py:154} INFO - [2023-11-28T06:41:14.548+0000] {dagbag.py:536} INFO - Filling up the DagBag from /home/airflow/.local/lib/python3.8/site-packages/airflow/example_dags/example_xcom.py
[2023-11-28T06:41:14.562+0000] {processor.py:839} INFO - DAG(s) dict_keys(['example_xcom']) retrieved from /home/airflow/.local/lib/python3.8/site-packages/airflow/example_dags/example_xcom.py
[2023-11-28T06:41:14.593+0000] {logging_mixin.py:154} INFO - [2023-11-28T06:41:14.592+0000] {dag.py:2941} INFO - Sync 1 DAGs
[2023-11-28T06:41:14.616+0000] {logging_mixin.py:154} INFO - [2023-11-28T06:41:14.616+0000] {dag.py:3722} INFO - Setting next_dagrun for example_xcom to 2021-01-01T00:00:00+00:00, run_after=2021-01-01T00:00:00+00:00
[2023-11-28T06:41:14.638+0000] {processor.py:179} INFO - Processing /home/airflow/.local/lib/python3.8/site-packages/airflow/example_dags/example_xcom.py took 0.100 seconds
[2023-11-28T06:41:44.760+0000] {processor.py:157} INFO - Started process (PID=239) to work on /home/airflow/.local/lib/python3.8/site-packages/airflow/example_dags/example_xcom.py
[2023-11-28T06:41:44.762+0000] {processor.py:829} INFO - Processing file /home/airflow/.local/lib/python3.8/site-packages/airflow/example_dags/example_xcom.py for tasks to queue
[2023-11-28T06:41:44.765+0000] {logging_mixin.py:154} INFO - [2023-11-28T06:41:44.765+0000] {dagbag.py:536} INFO - Filling up the DagBag from /home/airflow/.local/lib/python3.8/site-packages/airflow/example_dags/example_xcom.py
[2023-11-28T06:41:44.774+0000] {processor.py:839} INFO - DAG(s) dict_keys(['example_xcom']) retrieved from /home/airflow/.local/lib/python3.8/site-packages/airflow/example_dags/example_xcom.py
[2023-11-28T06:41:44.801+0000] {logging_mixin.py:154} INFO - [2023-11-28T06:41:44.800+0000] {dag.py:2941} INFO - Sync 1 DAGs
[2023-11-28T06:41:44.824+0000] {logging_mixin.py:154} INFO - [2023-11-28T06:41:44.824+0000] {dag.py:3722} INFO - Setting next_dagrun for example_xcom to 2021-01-01T00:00:00+00:00, run_after=2021-01-01T00:00:00+00:00
[2023-11-28T06:41:44.843+0000] {processor.py:179} INFO - Processing /home/airflow/.local/lib/python3.8/site-packages/airflow/example_dags/example_xcom.py took 0.088 seconds
[2023-11-28T06:42:15.841+0000] {processor.py:157} INFO - Started process (PID=293) to work on /home/airflow/.local/lib/python3.8/site-packages/airflow/example_dags/example_xcom.py
[2023-11-28T06:42:15.842+0000] {processor.py:829} INFO - Processing file /home/airflow/.local/lib/python3.8/site-packages/airflow/example_dags/example_xcom.py for tasks to queue
[2023-11-28T06:42:15.845+0000] {logging_mixin.py:154} INFO - [2023-11-28T06:42:15.845+0000] {dagbag.py:536} INFO - Filling up the DagBag from /home/airflow/.local/lib/python3.8/site-packages/airflow/example_dags/example_xcom.py
[2023-11-28T06:42:15.855+0000] {processor.py:839} INFO - DAG(s) dict_keys(['example_xcom']) retrieved from /home/airflow/.local/lib/python3.8/site-packages/airflow/example_dags/example_xcom.py
[2023-11-28T06:42:15.881+0000] {logging_mixin.py:154} INFO - [2023-11-28T06:42:15.881+0000] {dag.py:2941} INFO - Sync 1 DAGs
[2023-11-28T06:42:15.909+0000] {logging_mixin.py:154} INFO - [2023-11-28T06:42:15.908+0000] {dag.py:3722} INFO - Setting next_dagrun for example_xcom to 2021-01-01T00:00:00+00:00, run_after=2021-01-01T00:00:00+00:00
[2023-11-28T06:42:15.929+0000] {processor.py:179} INFO - Processing /home/airflow/.local/lib/python3.8/site-packages/airflow/example_dags/example_xcom.py took 0.093 seconds
[2023-11-28T06:42:46.627+0000] {processor.py:157} INFO - Started process (PID=347) to work on /home/airflow/.local/lib/python3.8/site-packages/airflow/example_dags/example_xcom.py
[2023-11-28T06:42:46.628+0000] {processor.py:829} INFO - Processing file /home/airflow/.local/lib/python3.8/site-packages/airflow/example_dags/example_xcom.py for tasks to queue
[2023-11-28T06:42:46.631+0000] {logging_mixin.py:154} INFO - [2023-11-28T06:42:46.631+0000] {dagbag.py:536} INFO - Filling up the DagBag from /home/airflow/.local/lib/python3.8/site-packages/airflow/example_dags/example_xcom.py
[2023-11-28T06:42:46.639+0000] {processor.py:839} INFO - DAG(s) dict_keys(['example_xcom']) retrieved from /home/airflow/.local/lib/python3.8/site-packages/airflow/example_dags/example_xcom.py
[2023-11-28T06:42:46.661+0000] {logging_mixin.py:154} INFO - [2023-11-28T06:42:46.661+0000] {dag.py:2941} INFO - Sync 1 DAGs
[2023-11-28T06:42:46.685+0000] {logging_mixin.py:154} INFO - [2023-11-28T06:42:46.685+0000] {dag.py:3722} INFO - Setting next_dagrun for example_xcom to 2021-01-01T00:00:00+00:00, run_after=2021-01-01T00:00:00+00:00
[2023-11-28T06:42:46.703+0000] {processor.py:179} INFO - Processing /home/airflow/.local/lib/python3.8/site-packages/airflow/example_dags/example_xcom.py took 0.080 seconds
[2023-11-28T06:43:16.848+0000] {processor.py:157} INFO - Started process (PID=401) to work on /home/airflow/.local/lib/python3.8/site-packages/airflow/example_dags/example_xcom.py
[2023-11-28T06:43:16.849+0000] {processor.py:829} INFO - Processing file /home/airflow/.local/lib/python3.8/site-packages/airflow/example_dags/example_xcom.py for tasks to queue
[2023-11-28T06:43:16.851+0000] {logging_mixin.py:154} INFO - [2023-11-28T06:43:16.851+0000] {dagbag.py:536} INFO - Filling up the DagBag from /home/airflow/.local/lib/python3.8/site-packages/airflow/example_dags/example_xcom.py
[2023-11-28T06:43:16.859+0000] {processor.py:839} INFO - DAG(s) dict_keys(['example_xcom']) retrieved from /home/airflow/.local/lib/python3.8/site-packages/airflow/example_dags/example_xcom.py
[2023-11-28T06:43:16.881+0000] {logging_mixin.py:154} INFO - [2023-11-28T06:43:16.881+0000] {dag.py:2941} INFO - Sync 1 DAGs
[2023-11-28T06:43:16.905+0000] {logging_mixin.py:154} INFO - [2023-11-28T06:43:16.905+0000] {dag.py:3722} INFO - Setting next_dagrun for example_xcom to 2021-01-01T00:00:00+00:00, run_after=2021-01-01T00:00:00+00:00
[2023-11-28T06:43:16.923+0000] {processor.py:179} INFO - Processing /home/airflow/.local/lib/python3.8/site-packages/airflow/example_dags/example_xcom.py took 0.080 seconds
