[2023-11-28T06:38:59.819+0000] {processor.py:157} INFO - Started process (PID=56) to work on /home/airflow/.local/lib/python3.8/site-packages/airflow/example_dags/example_task_group_decorator.py
[2023-11-28T06:38:59.821+0000] {processor.py:829} INFO - Processing file /home/airflow/.local/lib/python3.8/site-packages/airflow/example_dags/example_task_group_decorator.py for tasks to queue
[2023-11-28T06:38:59.827+0000] {logging_mixin.py:154} INFO - [2023-11-28T06:38:59.827+0000] {dagbag.py:536} INFO - Filling up the DagBag from /home/airflow/.local/lib/python3.8/site-packages/airflow/example_dags/example_task_group_decorator.py
[2023-11-28T06:38:59.863+0000] {processor.py:839} INFO - DAG(s) dict_keys(['example_task_group_decorator']) retrieved from /home/airflow/.local/lib/python3.8/site-packages/airflow/example_dags/example_task_group_decorator.py
[2023-11-28T06:38:59.946+0000] {logging_mixin.py:154} INFO - [2023-11-28T06:38:59.945+0000] {dag.py:2941} INFO - Sync 1 DAGs
[2023-11-28T06:38:59.997+0000] {logging_mixin.py:154} INFO - [2023-11-28T06:38:59.997+0000] {dag.py:3722} INFO - Setting next_dagrun for example_task_group_decorator to 2023-11-27T06:38:59.996910+00:00, run_after=2023-11-28T06:38:59.996910+00:00
[2023-11-28T06:39:00.049+0000] {processor.py:179} INFO - Processing /home/airflow/.local/lib/python3.8/site-packages/airflow/example_dags/example_task_group_decorator.py took 0.235 seconds
[2023-11-28T06:40:12.314+0000] {processor.py:157} INFO - Started process (PID=55) to work on /home/airflow/.local/lib/python3.8/site-packages/airflow/example_dags/example_task_group_decorator.py
[2023-11-28T06:40:12.315+0000] {processor.py:829} INFO - Processing file /home/airflow/.local/lib/python3.8/site-packages/airflow/example_dags/example_task_group_decorator.py for tasks to queue
[2023-11-28T06:40:12.319+0000] {logging_mixin.py:154} INFO - [2023-11-28T06:40:12.318+0000] {dagbag.py:536} INFO - Filling up the DagBag from /home/airflow/.local/lib/python3.8/site-packages/airflow/example_dags/example_task_group_decorator.py
[2023-11-28T06:40:12.340+0000] {processor.py:839} INFO - DAG(s) dict_keys(['example_task_group_decorator']) retrieved from /home/airflow/.local/lib/python3.8/site-packages/airflow/example_dags/example_task_group_decorator.py
[2023-11-28T06:40:12.358+0000] {logging_mixin.py:154} INFO - [2023-11-28T06:40:12.358+0000] {dag.py:2941} INFO - Sync 1 DAGs
[2023-11-28T06:40:12.388+0000] {logging_mixin.py:154} INFO - [2023-11-28T06:40:12.388+0000] {dag.py:3722} INFO - Setting next_dagrun for example_task_group_decorator to 2023-11-27T06:40:12.388143+00:00, run_after=2023-11-28T06:40:12.388143+00:00
[2023-11-28T06:40:12.413+0000] {processor.py:179} INFO - Processing /home/airflow/.local/lib/python3.8/site-packages/airflow/example_dags/example_task_group_decorator.py took 0.104 seconds
[2023-11-28T06:40:42.860+0000] {processor.py:157} INFO - Started process (PID=109) to work on /home/airflow/.local/lib/python3.8/site-packages/airflow/example_dags/example_task_group_decorator.py
[2023-11-28T06:40:42.862+0000] {processor.py:829} INFO - Processing file /home/airflow/.local/lib/python3.8/site-packages/airflow/example_dags/example_task_group_decorator.py for tasks to queue
[2023-11-28T06:40:42.864+0000] {logging_mixin.py:154} INFO - [2023-11-28T06:40:42.864+0000] {dagbag.py:536} INFO - Filling up the DagBag from /home/airflow/.local/lib/python3.8/site-packages/airflow/example_dags/example_task_group_decorator.py
[2023-11-28T06:40:42.881+0000] {processor.py:839} INFO - DAG(s) dict_keys(['example_task_group_decorator']) retrieved from /home/airflow/.local/lib/python3.8/site-packages/airflow/example_dags/example_task_group_decorator.py
[2023-11-28T06:40:42.911+0000] {logging_mixin.py:154} INFO - [2023-11-28T06:40:42.911+0000] {dag.py:2941} INFO - Sync 1 DAGs
[2023-11-28T06:40:42.939+0000] {logging_mixin.py:154} INFO - [2023-11-28T06:40:42.939+0000] {dag.py:3722} INFO - Setting next_dagrun for example_task_group_decorator to 2023-11-27T06:40:42.938869+00:00, run_after=2023-11-28T06:40:42.938869+00:00
[2023-11-28T06:40:42.960+0000] {processor.py:179} INFO - Processing /home/airflow/.local/lib/python3.8/site-packages/airflow/example_dags/example_task_group_decorator.py took 0.103 seconds
[2023-11-28T06:41:13.105+0000] {processor.py:157} INFO - Started process (PID=163) to work on /home/airflow/.local/lib/python3.8/site-packages/airflow/example_dags/example_task_group_decorator.py
[2023-11-28T06:41:13.107+0000] {processor.py:829} INFO - Processing file /home/airflow/.local/lib/python3.8/site-packages/airflow/example_dags/example_task_group_decorator.py for tasks to queue
[2023-11-28T06:41:13.109+0000] {logging_mixin.py:154} INFO - [2023-11-28T06:41:13.109+0000] {dagbag.py:536} INFO - Filling up the DagBag from /home/airflow/.local/lib/python3.8/site-packages/airflow/example_dags/example_task_group_decorator.py
[2023-11-28T06:41:13.125+0000] {processor.py:839} INFO - DAG(s) dict_keys(['example_task_group_decorator']) retrieved from /home/airflow/.local/lib/python3.8/site-packages/airflow/example_dags/example_task_group_decorator.py
[2023-11-28T06:41:13.153+0000] {logging_mixin.py:154} INFO - [2023-11-28T06:41:13.153+0000] {dag.py:2941} INFO - Sync 1 DAGs
[2023-11-28T06:41:13.174+0000] {logging_mixin.py:154} INFO - [2023-11-28T06:41:13.174+0000] {dag.py:3722} INFO - Setting next_dagrun for example_task_group_decorator to 2023-11-27T06:41:13.174095+00:00, run_after=2023-11-28T06:41:13.174095+00:00
[2023-11-28T06:41:13.190+0000] {processor.py:179} INFO - Processing /home/airflow/.local/lib/python3.8/site-packages/airflow/example_dags/example_task_group_decorator.py took 0.089 seconds
[2023-11-28T06:41:43.465+0000] {processor.py:157} INFO - Started process (PID=217) to work on /home/airflow/.local/lib/python3.8/site-packages/airflow/example_dags/example_task_group_decorator.py
[2023-11-28T06:41:43.466+0000] {processor.py:829} INFO - Processing file /home/airflow/.local/lib/python3.8/site-packages/airflow/example_dags/example_task_group_decorator.py for tasks to queue
[2023-11-28T06:41:43.468+0000] {logging_mixin.py:154} INFO - [2023-11-28T06:41:43.468+0000] {dagbag.py:536} INFO - Filling up the DagBag from /home/airflow/.local/lib/python3.8/site-packages/airflow/example_dags/example_task_group_decorator.py
[2023-11-28T06:41:43.485+0000] {processor.py:839} INFO - DAG(s) dict_keys(['example_task_group_decorator']) retrieved from /home/airflow/.local/lib/python3.8/site-packages/airflow/example_dags/example_task_group_decorator.py
[2023-11-28T06:41:43.514+0000] {logging_mixin.py:154} INFO - [2023-11-28T06:41:43.514+0000] {dag.py:2941} INFO - Sync 1 DAGs
[2023-11-28T06:41:43.536+0000] {logging_mixin.py:154} INFO - [2023-11-28T06:41:43.536+0000] {dag.py:3722} INFO - Setting next_dagrun for example_task_group_decorator to 2023-11-27T06:41:43.536107+00:00, run_after=2023-11-28T06:41:43.536107+00:00
[2023-11-28T06:41:43.554+0000] {processor.py:179} INFO - Processing /home/airflow/.local/lib/python3.8/site-packages/airflow/example_dags/example_task_group_decorator.py took 0.093 seconds
[2023-11-28T06:42:14.498+0000] {processor.py:157} INFO - Started process (PID=271) to work on /home/airflow/.local/lib/python3.8/site-packages/airflow/example_dags/example_task_group_decorator.py
[2023-11-28T06:42:14.500+0000] {processor.py:829} INFO - Processing file /home/airflow/.local/lib/python3.8/site-packages/airflow/example_dags/example_task_group_decorator.py for tasks to queue
[2023-11-28T06:42:14.503+0000] {logging_mixin.py:154} INFO - [2023-11-28T06:42:14.503+0000] {dagbag.py:536} INFO - Filling up the DagBag from /home/airflow/.local/lib/python3.8/site-packages/airflow/example_dags/example_task_group_decorator.py
[2023-11-28T06:42:14.517+0000] {processor.py:839} INFO - DAG(s) dict_keys(['example_task_group_decorator']) retrieved from /home/airflow/.local/lib/python3.8/site-packages/airflow/example_dags/example_task_group_decorator.py
[2023-11-28T06:42:14.550+0000] {logging_mixin.py:154} INFO - [2023-11-28T06:42:14.550+0000] {dag.py:2941} INFO - Sync 1 DAGs
[2023-11-28T06:42:14.574+0000] {logging_mixin.py:154} INFO - [2023-11-28T06:42:14.574+0000] {dag.py:3722} INFO - Setting next_dagrun for example_task_group_decorator to 2023-11-27T06:42:14.573860+00:00, run_after=2023-11-28T06:42:14.573860+00:00
[2023-11-28T06:42:14.593+0000] {processor.py:179} INFO - Processing /home/airflow/.local/lib/python3.8/site-packages/airflow/example_dags/example_task_group_decorator.py took 0.099 seconds
[2023-11-28T06:42:45.275+0000] {processor.py:157} INFO - Started process (PID=325) to work on /home/airflow/.local/lib/python3.8/site-packages/airflow/example_dags/example_task_group_decorator.py
[2023-11-28T06:42:45.276+0000] {processor.py:829} INFO - Processing file /home/airflow/.local/lib/python3.8/site-packages/airflow/example_dags/example_task_group_decorator.py for tasks to queue
[2023-11-28T06:42:45.279+0000] {logging_mixin.py:154} INFO - [2023-11-28T06:42:45.279+0000] {dagbag.py:536} INFO - Filling up the DagBag from /home/airflow/.local/lib/python3.8/site-packages/airflow/example_dags/example_task_group_decorator.py
[2023-11-28T06:42:45.294+0000] {processor.py:839} INFO - DAG(s) dict_keys(['example_task_group_decorator']) retrieved from /home/airflow/.local/lib/python3.8/site-packages/airflow/example_dags/example_task_group_decorator.py
[2023-11-28T06:42:45.320+0000] {logging_mixin.py:154} INFO - [2023-11-28T06:42:45.320+0000] {dag.py:2941} INFO - Sync 1 DAGs
[2023-11-28T06:42:45.346+0000] {logging_mixin.py:154} INFO - [2023-11-28T06:42:45.346+0000] {dag.py:3722} INFO - Setting next_dagrun for example_task_group_decorator to 2023-11-27T06:42:45.346223+00:00, run_after=2023-11-28T06:42:45.346223+00:00
[2023-11-28T06:42:45.364+0000] {processor.py:179} INFO - Processing /home/airflow/.local/lib/python3.8/site-packages/airflow/example_dags/example_task_group_decorator.py took 0.093 seconds
[2023-11-28T06:43:15.507+0000] {processor.py:157} INFO - Started process (PID=379) to work on /home/airflow/.local/lib/python3.8/site-packages/airflow/example_dags/example_task_group_decorator.py
[2023-11-28T06:43:15.508+0000] {processor.py:829} INFO - Processing file /home/airflow/.local/lib/python3.8/site-packages/airflow/example_dags/example_task_group_decorator.py for tasks to queue
[2023-11-28T06:43:15.511+0000] {logging_mixin.py:154} INFO - [2023-11-28T06:43:15.511+0000] {dagbag.py:536} INFO - Filling up the DagBag from /home/airflow/.local/lib/python3.8/site-packages/airflow/example_dags/example_task_group_decorator.py
[2023-11-28T06:43:15.526+0000] {processor.py:839} INFO - DAG(s) dict_keys(['example_task_group_decorator']) retrieved from /home/airflow/.local/lib/python3.8/site-packages/airflow/example_dags/example_task_group_decorator.py
[2023-11-28T06:43:15.555+0000] {logging_mixin.py:154} INFO - [2023-11-28T06:43:15.554+0000] {dag.py:2941} INFO - Sync 1 DAGs
[2023-11-28T06:43:15.577+0000] {logging_mixin.py:154} INFO - [2023-11-28T06:43:15.577+0000] {dag.py:3722} INFO - Setting next_dagrun for example_task_group_decorator to 2023-11-27T06:43:15.576900+00:00, run_after=2023-11-28T06:43:15.576900+00:00
[2023-11-28T06:43:15.594+0000] {processor.py:179} INFO - Processing /home/airflow/.local/lib/python3.8/site-packages/airflow/example_dags/example_task_group_decorator.py took 0.091 seconds
