[2023-11-28T06:39:04.577+0000] {processor.py:157} INFO - Started process (PID=73) to work on /home/airflow/.local/lib/python3.8/site-packages/airflow/example_dags/example_skip_dag.py
[2023-11-28T06:39:04.580+0000] {processor.py:829} INFO - Processing file /home/airflow/.local/lib/python3.8/site-packages/airflow/example_dags/example_skip_dag.py for tasks to queue
[2023-11-28T06:39:04.585+0000] {logging_mixin.py:154} INFO - [2023-11-28T06:39:04.585+0000] {dagbag.py:536} INFO - Filling up the DagBag from /home/airflow/.local/lib/python3.8/site-packages/airflow/example_dags/example_skip_dag.py
[2023-11-28T06:39:04.601+0000] {processor.py:839} INFO - DAG(s) dict_keys(['example_skip_dag']) retrieved from /home/airflow/.local/lib/python3.8/site-packages/airflow/example_dags/example_skip_dag.py
[2023-11-28T06:39:04.646+0000] {logging_mixin.py:154} INFO - [2023-11-28T06:39:04.645+0000] {dag.py:2941} INFO - Sync 1 DAGs
[2023-11-28T06:39:04.686+0000] {logging_mixin.py:154} INFO - [2023-11-28T06:39:04.686+0000] {dag.py:3722} INFO - Setting next_dagrun for example_skip_dag to 2023-11-27T06:39:04.685723+00:00, run_after=2023-11-28T06:39:04.685723+00:00
[2023-11-28T06:39:04.728+0000] {processor.py:179} INFO - Processing /home/airflow/.local/lib/python3.8/site-packages/airflow/example_dags/example_skip_dag.py took 0.158 seconds
[2023-11-28T06:40:13.692+0000] {processor.py:157} INFO - Started process (PID=72) to work on /home/airflow/.local/lib/python3.8/site-packages/airflow/example_dags/example_skip_dag.py
[2023-11-28T06:40:13.694+0000] {processor.py:829} INFO - Processing file /home/airflow/.local/lib/python3.8/site-packages/airflow/example_dags/example_skip_dag.py for tasks to queue
[2023-11-28T06:40:13.699+0000] {logging_mixin.py:154} INFO - [2023-11-28T06:40:13.698+0000] {dagbag.py:536} INFO - Filling up the DagBag from /home/airflow/.local/lib/python3.8/site-packages/airflow/example_dags/example_skip_dag.py
[2023-11-28T06:40:13.710+0000] {processor.py:839} INFO - DAG(s) dict_keys(['example_skip_dag']) retrieved from /home/airflow/.local/lib/python3.8/site-packages/airflow/example_dags/example_skip_dag.py
[2023-11-28T06:40:13.743+0000] {logging_mixin.py:154} INFO - [2023-11-28T06:40:13.743+0000] {dag.py:2941} INFO - Sync 1 DAGs
[2023-11-28T06:40:13.780+0000] {logging_mixin.py:154} INFO - [2023-11-28T06:40:13.780+0000] {dag.py:3722} INFO - Setting next_dagrun for example_skip_dag to 2023-11-27T06:40:13.780330+00:00, run_after=2023-11-28T06:40:13.780330+00:00
[2023-11-28T06:40:13.818+0000] {processor.py:179} INFO - Processing /home/airflow/.local/lib/python3.8/site-packages/airflow/example_dags/example_skip_dag.py took 0.133 seconds
[2023-11-28T06:40:44.024+0000] {processor.py:157} INFO - Started process (PID=126) to work on /home/airflow/.local/lib/python3.8/site-packages/airflow/example_dags/example_skip_dag.py
[2023-11-28T06:40:44.026+0000] {processor.py:829} INFO - Processing file /home/airflow/.local/lib/python3.8/site-packages/airflow/example_dags/example_skip_dag.py for tasks to queue
[2023-11-28T06:40:44.030+0000] {logging_mixin.py:154} INFO - [2023-11-28T06:40:44.029+0000] {dagbag.py:536} INFO - Filling up the DagBag from /home/airflow/.local/lib/python3.8/site-packages/airflow/example_dags/example_skip_dag.py
[2023-11-28T06:40:44.040+0000] {processor.py:839} INFO - DAG(s) dict_keys(['example_skip_dag']) retrieved from /home/airflow/.local/lib/python3.8/site-packages/airflow/example_dags/example_skip_dag.py
[2023-11-28T06:40:44.068+0000] {logging_mixin.py:154} INFO - [2023-11-28T06:40:44.067+0000] {dag.py:2941} INFO - Sync 1 DAGs
[2023-11-28T06:40:44.103+0000] {logging_mixin.py:154} INFO - [2023-11-28T06:40:44.103+0000] {dag.py:3722} INFO - Setting next_dagrun for example_skip_dag to 2023-11-27T06:40:44.102792+00:00, run_after=2023-11-28T06:40:44.102792+00:00
[2023-11-28T06:40:44.124+0000] {processor.py:179} INFO - Processing /home/airflow/.local/lib/python3.8/site-packages/airflow/example_dags/example_skip_dag.py took 0.103 seconds
[2023-11-28T06:41:14.234+0000] {processor.py:157} INFO - Started process (PID=180) to work on /home/airflow/.local/lib/python3.8/site-packages/airflow/example_dags/example_skip_dag.py
[2023-11-28T06:41:14.236+0000] {processor.py:829} INFO - Processing file /home/airflow/.local/lib/python3.8/site-packages/airflow/example_dags/example_skip_dag.py for tasks to queue
[2023-11-28T06:41:14.239+0000] {logging_mixin.py:154} INFO - [2023-11-28T06:41:14.239+0000] {dagbag.py:536} INFO - Filling up the DagBag from /home/airflow/.local/lib/python3.8/site-packages/airflow/example_dags/example_skip_dag.py
[2023-11-28T06:41:14.250+0000] {processor.py:839} INFO - DAG(s) dict_keys(['example_skip_dag']) retrieved from /home/airflow/.local/lib/python3.8/site-packages/airflow/example_dags/example_skip_dag.py
[2023-11-28T06:41:14.276+0000] {logging_mixin.py:154} INFO - [2023-11-28T06:41:14.276+0000] {dag.py:2941} INFO - Sync 1 DAGs
[2023-11-28T06:41:14.304+0000] {logging_mixin.py:154} INFO - [2023-11-28T06:41:14.304+0000] {dag.py:3722} INFO - Setting next_dagrun for example_skip_dag to 2023-11-27T06:41:14.303642+00:00, run_after=2023-11-28T06:41:14.303642+00:00
[2023-11-28T06:41:14.334+0000] {processor.py:179} INFO - Processing /home/airflow/.local/lib/python3.8/site-packages/airflow/example_dags/example_skip_dag.py took 0.104 seconds
[2023-11-28T06:41:44.434+0000] {processor.py:157} INFO - Started process (PID=234) to work on /home/airflow/.local/lib/python3.8/site-packages/airflow/example_dags/example_skip_dag.py
[2023-11-28T06:41:44.435+0000] {processor.py:829} INFO - Processing file /home/airflow/.local/lib/python3.8/site-packages/airflow/example_dags/example_skip_dag.py for tasks to queue
[2023-11-28T06:41:44.438+0000] {logging_mixin.py:154} INFO - [2023-11-28T06:41:44.438+0000] {dagbag.py:536} INFO - Filling up the DagBag from /home/airflow/.local/lib/python3.8/site-packages/airflow/example_dags/example_skip_dag.py
[2023-11-28T06:41:44.446+0000] {processor.py:839} INFO - DAG(s) dict_keys(['example_skip_dag']) retrieved from /home/airflow/.local/lib/python3.8/site-packages/airflow/example_dags/example_skip_dag.py
[2023-11-28T06:41:44.473+0000] {logging_mixin.py:154} INFO - [2023-11-28T06:41:44.473+0000] {dag.py:2941} INFO - Sync 1 DAGs
[2023-11-28T06:41:44.500+0000] {logging_mixin.py:154} INFO - [2023-11-28T06:41:44.500+0000] {dag.py:3722} INFO - Setting next_dagrun for example_skip_dag to 2023-11-27T06:41:44.500475+00:00, run_after=2023-11-28T06:41:44.500475+00:00
[2023-11-28T06:41:44.524+0000] {processor.py:179} INFO - Processing /home/airflow/.local/lib/python3.8/site-packages/airflow/example_dags/example_skip_dag.py took 0.094 seconds
[2023-11-28T06:42:15.593+0000] {processor.py:157} INFO - Started process (PID=288) to work on /home/airflow/.local/lib/python3.8/site-packages/airflow/example_dags/example_skip_dag.py
[2023-11-28T06:42:15.594+0000] {processor.py:829} INFO - Processing file /home/airflow/.local/lib/python3.8/site-packages/airflow/example_dags/example_skip_dag.py for tasks to queue
[2023-11-28T06:42:15.597+0000] {logging_mixin.py:154} INFO - [2023-11-28T06:42:15.596+0000] {dagbag.py:536} INFO - Filling up the DagBag from /home/airflow/.local/lib/python3.8/site-packages/airflow/example_dags/example_skip_dag.py
[2023-11-28T06:42:15.603+0000] {processor.py:839} INFO - DAG(s) dict_keys(['example_skip_dag']) retrieved from /home/airflow/.local/lib/python3.8/site-packages/airflow/example_dags/example_skip_dag.py
[2023-11-28T06:42:15.625+0000] {logging_mixin.py:154} INFO - [2023-11-28T06:42:15.625+0000] {dag.py:2941} INFO - Sync 1 DAGs
[2023-11-28T06:42:15.648+0000] {logging_mixin.py:154} INFO - [2023-11-28T06:42:15.648+0000] {dag.py:3722} INFO - Setting next_dagrun for example_skip_dag to 2023-11-27T06:42:15.647998+00:00, run_after=2023-11-28T06:42:15.647998+00:00
[2023-11-28T06:42:15.666+0000] {processor.py:179} INFO - Processing /home/airflow/.local/lib/python3.8/site-packages/airflow/example_dags/example_skip_dag.py took 0.077 seconds
[2023-11-28T06:42:46.383+0000] {processor.py:157} INFO - Started process (PID=342) to work on /home/airflow/.local/lib/python3.8/site-packages/airflow/example_dags/example_skip_dag.py
[2023-11-28T06:42:46.384+0000] {processor.py:829} INFO - Processing file /home/airflow/.local/lib/python3.8/site-packages/airflow/example_dags/example_skip_dag.py for tasks to queue
[2023-11-28T06:42:46.387+0000] {logging_mixin.py:154} INFO - [2023-11-28T06:42:46.387+0000] {dagbag.py:536} INFO - Filling up the DagBag from /home/airflow/.local/lib/python3.8/site-packages/airflow/example_dags/example_skip_dag.py
[2023-11-28T06:42:46.394+0000] {processor.py:839} INFO - DAG(s) dict_keys(['example_skip_dag']) retrieved from /home/airflow/.local/lib/python3.8/site-packages/airflow/example_dags/example_skip_dag.py
[2023-11-28T06:42:46.416+0000] {logging_mixin.py:154} INFO - [2023-11-28T06:42:46.416+0000] {dag.py:2941} INFO - Sync 1 DAGs
[2023-11-28T06:42:46.439+0000] {logging_mixin.py:154} INFO - [2023-11-28T06:42:46.439+0000] {dag.py:3722} INFO - Setting next_dagrun for example_skip_dag to 2023-11-27T06:42:46.439007+00:00, run_after=2023-11-28T06:42:46.439007+00:00
[2023-11-28T06:42:46.457+0000] {processor.py:179} INFO - Processing /home/airflow/.local/lib/python3.8/site-packages/airflow/example_dags/example_skip_dag.py took 0.079 seconds
[2023-11-28T06:43:16.579+0000] {processor.py:157} INFO - Started process (PID=396) to work on /home/airflow/.local/lib/python3.8/site-packages/airflow/example_dags/example_skip_dag.py
[2023-11-28T06:43:16.581+0000] {processor.py:829} INFO - Processing file /home/airflow/.local/lib/python3.8/site-packages/airflow/example_dags/example_skip_dag.py for tasks to queue
[2023-11-28T06:43:16.584+0000] {logging_mixin.py:154} INFO - [2023-11-28T06:43:16.584+0000] {dagbag.py:536} INFO - Filling up the DagBag from /home/airflow/.local/lib/python3.8/site-packages/airflow/example_dags/example_skip_dag.py
[2023-11-28T06:43:16.591+0000] {processor.py:839} INFO - DAG(s) dict_keys(['example_skip_dag']) retrieved from /home/airflow/.local/lib/python3.8/site-packages/airflow/example_dags/example_skip_dag.py
[2023-11-28T06:43:16.615+0000] {logging_mixin.py:154} INFO - [2023-11-28T06:43:16.615+0000] {dag.py:2941} INFO - Sync 1 DAGs
[2023-11-28T06:43:16.638+0000] {logging_mixin.py:154} INFO - [2023-11-28T06:43:16.638+0000] {dag.py:3722} INFO - Setting next_dagrun for example_skip_dag to 2023-11-27T06:43:16.638120+00:00, run_after=2023-11-28T06:43:16.638120+00:00
[2023-11-28T06:43:16.655+0000] {processor.py:179} INFO - Processing /home/airflow/.local/lib/python3.8/site-packages/airflow/example_dags/example_skip_dag.py took 0.081 seconds
