[2023-11-28T06:38:57.315+0000] {processor.py:157} INFO - Started process (PID=39) to work on /home/airflow/.local/lib/python3.8/site-packages/airflow/example_dags/example_latest_only.py
[2023-11-28T06:38:57.317+0000] {processor.py:829} INFO - Processing file /home/airflow/.local/lib/python3.8/site-packages/airflow/example_dags/example_latest_only.py for tasks to queue
[2023-11-28T06:38:57.321+0000] {logging_mixin.py:154} INFO - [2023-11-28T06:38:57.320+0000] {dagbag.py:536} INFO - Filling up the DagBag from /home/airflow/.local/lib/python3.8/site-packages/airflow/example_dags/example_latest_only.py
[2023-11-28T06:38:57.340+0000] {processor.py:839} INFO - DAG(s) dict_keys(['latest_only']) retrieved from /home/airflow/.local/lib/python3.8/site-packages/airflow/example_dags/example_latest_only.py
[2023-11-28T06:38:57.420+0000] {logging_mixin.py:154} INFO - [2023-11-28T06:38:57.420+0000] {dag.py:2941} INFO - Sync 1 DAGs
[2023-11-28T06:38:57.459+0000] {logging_mixin.py:154} INFO - [2023-11-28T06:38:57.459+0000] {dag.py:3722} INFO - Setting next_dagrun for latest_only to 2023-11-28T02:38:57.459019+00:00, run_after=2023-11-28T06:38:57.459019+00:00
[2023-11-28T06:38:57.488+0000] {processor.py:179} INFO - Processing /home/airflow/.local/lib/python3.8/site-packages/airflow/example_dags/example_latest_only.py took 0.177 seconds
[2023-11-28T06:40:11.061+0000] {processor.py:157} INFO - Started process (PID=38) to work on /home/airflow/.local/lib/python3.8/site-packages/airflow/example_dags/example_latest_only.py
[2023-11-28T06:40:11.062+0000] {processor.py:829} INFO - Processing file /home/airflow/.local/lib/python3.8/site-packages/airflow/example_dags/example_latest_only.py for tasks to queue
[2023-11-28T06:40:11.066+0000] {logging_mixin.py:154} INFO - [2023-11-28T06:40:11.065+0000] {dagbag.py:536} INFO - Filling up the DagBag from /home/airflow/.local/lib/python3.8/site-packages/airflow/example_dags/example_latest_only.py
[2023-11-28T06:40:11.075+0000] {processor.py:839} INFO - DAG(s) dict_keys(['latest_only']) retrieved from /home/airflow/.local/lib/python3.8/site-packages/airflow/example_dags/example_latest_only.py
[2023-11-28T06:40:11.111+0000] {logging_mixin.py:154} INFO - [2023-11-28T06:40:11.111+0000] {dag.py:2941} INFO - Sync 1 DAGs
[2023-11-28T06:40:11.151+0000] {logging_mixin.py:154} INFO - [2023-11-28T06:40:11.151+0000] {dag.py:3722} INFO - Setting next_dagrun for latest_only to 2023-11-28T02:40:11.150404+00:00, run_after=2023-11-28T06:40:11.150404+00:00
[2023-11-28T06:40:11.191+0000] {processor.py:179} INFO - Processing /home/airflow/.local/lib/python3.8/site-packages/airflow/example_dags/example_latest_only.py took 0.134 seconds
[2023-11-28T06:40:41.761+0000] {processor.py:157} INFO - Started process (PID=92) to work on /home/airflow/.local/lib/python3.8/site-packages/airflow/example_dags/example_latest_only.py
[2023-11-28T06:40:41.762+0000] {processor.py:829} INFO - Processing file /home/airflow/.local/lib/python3.8/site-packages/airflow/example_dags/example_latest_only.py for tasks to queue
[2023-11-28T06:40:41.765+0000] {logging_mixin.py:154} INFO - [2023-11-28T06:40:41.764+0000] {dagbag.py:536} INFO - Filling up the DagBag from /home/airflow/.local/lib/python3.8/site-packages/airflow/example_dags/example_latest_only.py
[2023-11-28T06:40:41.771+0000] {processor.py:839} INFO - DAG(s) dict_keys(['latest_only']) retrieved from /home/airflow/.local/lib/python3.8/site-packages/airflow/example_dags/example_latest_only.py
[2023-11-28T06:40:41.793+0000] {logging_mixin.py:154} INFO - [2023-11-28T06:40:41.793+0000] {dag.py:2941} INFO - Sync 1 DAGs
[2023-11-28T06:40:41.816+0000] {logging_mixin.py:154} INFO - [2023-11-28T06:40:41.816+0000] {dag.py:3722} INFO - Setting next_dagrun for latest_only to 2023-11-28T02:40:41.816283+00:00, run_after=2023-11-28T06:40:41.816283+00:00
[2023-11-28T06:40:41.837+0000] {processor.py:179} INFO - Processing /home/airflow/.local/lib/python3.8/site-packages/airflow/example_dags/example_latest_only.py took 0.079 seconds
[2023-11-28T06:41:11.869+0000] {processor.py:157} INFO - Started process (PID=146) to work on /home/airflow/.local/lib/python3.8/site-packages/airflow/example_dags/example_latest_only.py
[2023-11-28T06:41:11.872+0000] {processor.py:829} INFO - Processing file /home/airflow/.local/lib/python3.8/site-packages/airflow/example_dags/example_latest_only.py for tasks to queue
[2023-11-28T06:41:11.875+0000] {logging_mixin.py:154} INFO - [2023-11-28T06:41:11.875+0000] {dagbag.py:536} INFO - Filling up the DagBag from /home/airflow/.local/lib/python3.8/site-packages/airflow/example_dags/example_latest_only.py
[2023-11-28T06:41:11.882+0000] {processor.py:839} INFO - DAG(s) dict_keys(['latest_only']) retrieved from /home/airflow/.local/lib/python3.8/site-packages/airflow/example_dags/example_latest_only.py
[2023-11-28T06:41:11.904+0000] {logging_mixin.py:154} INFO - [2023-11-28T06:41:11.904+0000] {dag.py:2941} INFO - Sync 1 DAGs
[2023-11-28T06:41:11.926+0000] {logging_mixin.py:154} INFO - [2023-11-28T06:41:11.926+0000] {dag.py:3722} INFO - Setting next_dagrun for latest_only to 2023-11-28T02:41:11.926180+00:00, run_after=2023-11-28T06:41:11.926180+00:00
[2023-11-28T06:41:11.948+0000] {processor.py:179} INFO - Processing /home/airflow/.local/lib/python3.8/site-packages/airflow/example_dags/example_latest_only.py took 0.085 seconds
[2023-11-28T06:41:42.430+0000] {processor.py:157} INFO - Started process (PID=200) to work on /home/airflow/.local/lib/python3.8/site-packages/airflow/example_dags/example_latest_only.py
[2023-11-28T06:41:42.431+0000] {processor.py:829} INFO - Processing file /home/airflow/.local/lib/python3.8/site-packages/airflow/example_dags/example_latest_only.py for tasks to queue
[2023-11-28T06:41:42.434+0000] {logging_mixin.py:154} INFO - [2023-11-28T06:41:42.434+0000] {dagbag.py:536} INFO - Filling up the DagBag from /home/airflow/.local/lib/python3.8/site-packages/airflow/example_dags/example_latest_only.py
[2023-11-28T06:41:42.438+0000] {processor.py:839} INFO - DAG(s) dict_keys(['latest_only']) retrieved from /home/airflow/.local/lib/python3.8/site-packages/airflow/example_dags/example_latest_only.py
[2023-11-28T06:41:42.461+0000] {logging_mixin.py:154} INFO - [2023-11-28T06:41:42.461+0000] {dag.py:2941} INFO - Sync 1 DAGs
[2023-11-28T06:41:42.486+0000] {logging_mixin.py:154} INFO - [2023-11-28T06:41:42.486+0000] {dag.py:3722} INFO - Setting next_dagrun for latest_only to 2023-11-28T02:41:42.485858+00:00, run_after=2023-11-28T06:41:42.485858+00:00
[2023-11-28T06:41:42.504+0000] {processor.py:179} INFO - Processing /home/airflow/.local/lib/python3.8/site-packages/airflow/example_dags/example_latest_only.py took 0.077 seconds
[2023-11-28T06:42:12.688+0000] {processor.py:157} INFO - Started process (PID=254) to work on /home/airflow/.local/lib/python3.8/site-packages/airflow/example_dags/example_latest_only.py
[2023-11-28T06:42:12.690+0000] {processor.py:829} INFO - Processing file /home/airflow/.local/lib/python3.8/site-packages/airflow/example_dags/example_latest_only.py for tasks to queue
[2023-11-28T06:42:12.694+0000] {logging_mixin.py:154} INFO - [2023-11-28T06:42:12.694+0000] {dagbag.py:536} INFO - Filling up the DagBag from /home/airflow/.local/lib/python3.8/site-packages/airflow/example_dags/example_latest_only.py
[2023-11-28T06:42:12.700+0000] {processor.py:839} INFO - DAG(s) dict_keys(['latest_only']) retrieved from /home/airflow/.local/lib/python3.8/site-packages/airflow/example_dags/example_latest_only.py
[2023-11-28T06:42:12.728+0000] {logging_mixin.py:154} INFO - [2023-11-28T06:42:12.728+0000] {dag.py:2941} INFO - Sync 1 DAGs
[2023-11-28T06:42:12.758+0000] {logging_mixin.py:154} INFO - [2023-11-28T06:42:12.758+0000] {dag.py:3722} INFO - Setting next_dagrun for latest_only to 2023-11-28T02:42:12.757771+00:00, run_after=2023-11-28T06:42:12.757771+00:00
[2023-11-28T06:42:12.785+0000] {processor.py:179} INFO - Processing /home/airflow/.local/lib/python3.8/site-packages/airflow/example_dags/example_latest_only.py took 0.101 seconds
[2023-11-28T06:42:43.266+0000] {processor.py:157} INFO - Started process (PID=308) to work on /home/airflow/.local/lib/python3.8/site-packages/airflow/example_dags/example_latest_only.py
[2023-11-28T06:42:43.284+0000] {processor.py:829} INFO - Processing file /home/airflow/.local/lib/python3.8/site-packages/airflow/example_dags/example_latest_only.py for tasks to queue
[2023-11-28T06:42:43.304+0000] {logging_mixin.py:154} INFO - [2023-11-28T06:42:43.304+0000] {dagbag.py:536} INFO - Filling up the DagBag from /home/airflow/.local/lib/python3.8/site-packages/airflow/example_dags/example_latest_only.py
[2023-11-28T06:42:43.332+0000] {processor.py:839} INFO - DAG(s) dict_keys(['latest_only']) retrieved from /home/airflow/.local/lib/python3.8/site-packages/airflow/example_dags/example_latest_only.py
[2023-11-28T06:42:43.367+0000] {logging_mixin.py:154} INFO - [2023-11-28T06:42:43.367+0000] {dag.py:2941} INFO - Sync 1 DAGs
[2023-11-28T06:42:43.389+0000] {logging_mixin.py:154} INFO - [2023-11-28T06:42:43.388+0000] {dag.py:3722} INFO - Setting next_dagrun for latest_only to 2023-11-28T02:42:43.388722+00:00, run_after=2023-11-28T06:42:43.388722+00:00
[2023-11-28T06:42:43.406+0000] {processor.py:179} INFO - Processing /home/airflow/.local/lib/python3.8/site-packages/airflow/example_dags/example_latest_only.py took 0.143 seconds
[2023-11-28T06:43:13.518+0000] {processor.py:157} INFO - Started process (PID=362) to work on /home/airflow/.local/lib/python3.8/site-packages/airflow/example_dags/example_latest_only.py
[2023-11-28T06:43:13.520+0000] {processor.py:829} INFO - Processing file /home/airflow/.local/lib/python3.8/site-packages/airflow/example_dags/example_latest_only.py for tasks to queue
[2023-11-28T06:43:13.522+0000] {logging_mixin.py:154} INFO - [2023-11-28T06:43:13.522+0000] {dagbag.py:536} INFO - Filling up the DagBag from /home/airflow/.local/lib/python3.8/site-packages/airflow/example_dags/example_latest_only.py
[2023-11-28T06:43:13.527+0000] {processor.py:839} INFO - DAG(s) dict_keys(['latest_only']) retrieved from /home/airflow/.local/lib/python3.8/site-packages/airflow/example_dags/example_latest_only.py
[2023-11-28T06:43:13.548+0000] {logging_mixin.py:154} INFO - [2023-11-28T06:43:13.548+0000] {dag.py:2941} INFO - Sync 1 DAGs
[2023-11-28T06:43:13.569+0000] {logging_mixin.py:154} INFO - [2023-11-28T06:43:13.568+0000] {dag.py:3722} INFO - Setting next_dagrun for latest_only to 2023-11-28T02:43:13.568680+00:00, run_after=2023-11-28T06:43:13.568680+00:00
[2023-11-28T06:43:13.585+0000] {processor.py:179} INFO - Processing /home/airflow/.local/lib/python3.8/site-packages/airflow/example_dags/example_latest_only.py took 0.070 seconds
