[2023-11-28T06:38:58.278+0000] {processor.py:157} INFO - Started process (PID=47) to work on /home/airflow/.local/lib/python3.8/site-packages/airflow/example_dags/example_latest_only_with_trigger.py
[2023-11-28T06:38:58.280+0000] {processor.py:829} INFO - Processing file /home/airflow/.local/lib/python3.8/site-packages/airflow/example_dags/example_latest_only_with_trigger.py for tasks to queue
[2023-11-28T06:38:58.286+0000] {logging_mixin.py:154} INFO - [2023-11-28T06:38:58.286+0000] {dagbag.py:536} INFO - Filling up the DagBag from /home/airflow/.local/lib/python3.8/site-packages/airflow/example_dags/example_latest_only_with_trigger.py
[2023-11-28T06:38:58.303+0000] {processor.py:839} INFO - DAG(s) dict_keys(['latest_only_with_trigger']) retrieved from /home/airflow/.local/lib/python3.8/site-packages/airflow/example_dags/example_latest_only_with_trigger.py
[2023-11-28T06:38:58.367+0000] {logging_mixin.py:154} INFO - [2023-11-28T06:38:58.366+0000] {dag.py:2941} INFO - Sync 1 DAGs
[2023-11-28T06:38:58.417+0000] {logging_mixin.py:154} INFO - [2023-11-28T06:38:58.417+0000] {dag.py:3722} INFO - Setting next_dagrun for latest_only_with_trigger to 2023-11-28T02:38:58.417293+00:00, run_after=2023-11-28T06:38:58.417293+00:00
[2023-11-28T06:38:58.457+0000] {processor.py:179} INFO - Processing /home/airflow/.local/lib/python3.8/site-packages/airflow/example_dags/example_latest_only_with_trigger.py took 0.184 seconds
[2023-11-28T06:40:11.623+0000] {processor.py:157} INFO - Started process (PID=46) to work on /home/airflow/.local/lib/python3.8/site-packages/airflow/example_dags/example_latest_only_with_trigger.py
[2023-11-28T06:40:11.625+0000] {processor.py:829} INFO - Processing file /home/airflow/.local/lib/python3.8/site-packages/airflow/example_dags/example_latest_only_with_trigger.py for tasks to queue
[2023-11-28T06:40:11.630+0000] {logging_mixin.py:154} INFO - [2023-11-28T06:40:11.630+0000] {dagbag.py:536} INFO - Filling up the DagBag from /home/airflow/.local/lib/python3.8/site-packages/airflow/example_dags/example_latest_only_with_trigger.py
[2023-11-28T06:40:11.644+0000] {processor.py:839} INFO - DAG(s) dict_keys(['latest_only_with_trigger']) retrieved from /home/airflow/.local/lib/python3.8/site-packages/airflow/example_dags/example_latest_only_with_trigger.py
[2023-11-28T06:40:11.664+0000] {logging_mixin.py:154} INFO - [2023-11-28T06:40:11.664+0000] {dag.py:2941} INFO - Sync 1 DAGs
[2023-11-28T06:40:11.698+0000] {logging_mixin.py:154} INFO - [2023-11-28T06:40:11.698+0000] {dag.py:3722} INFO - Setting next_dagrun for latest_only_with_trigger to 2023-11-28T02:40:11.697915+00:00, run_after=2023-11-28T06:40:11.697915+00:00
[2023-11-28T06:40:11.721+0000] {processor.py:179} INFO - Processing /home/airflow/.local/lib/python3.8/site-packages/airflow/example_dags/example_latest_only_with_trigger.py took 0.104 seconds
[2023-11-28T06:40:42.284+0000] {processor.py:157} INFO - Started process (PID=100) to work on /home/airflow/.local/lib/python3.8/site-packages/airflow/example_dags/example_latest_only_with_trigger.py
[2023-11-28T06:40:42.285+0000] {processor.py:829} INFO - Processing file /home/airflow/.local/lib/python3.8/site-packages/airflow/example_dags/example_latest_only_with_trigger.py for tasks to queue
[2023-11-28T06:40:42.290+0000] {logging_mixin.py:154} INFO - [2023-11-28T06:40:42.289+0000] {dagbag.py:536} INFO - Filling up the DagBag from /home/airflow/.local/lib/python3.8/site-packages/airflow/example_dags/example_latest_only_with_trigger.py
[2023-11-28T06:40:42.298+0000] {processor.py:839} INFO - DAG(s) dict_keys(['latest_only_with_trigger']) retrieved from /home/airflow/.local/lib/python3.8/site-packages/airflow/example_dags/example_latest_only_with_trigger.py
[2023-11-28T06:40:42.325+0000] {logging_mixin.py:154} INFO - [2023-11-28T06:40:42.325+0000] {dag.py:2941} INFO - Sync 1 DAGs
[2023-11-28T06:40:42.350+0000] {logging_mixin.py:154} INFO - [2023-11-28T06:40:42.350+0000] {dag.py:3722} INFO - Setting next_dagrun for latest_only_with_trigger to 2023-11-28T02:40:42.350548+00:00, run_after=2023-11-28T06:40:42.350548+00:00
[2023-11-28T06:40:42.371+0000] {processor.py:179} INFO - Processing /home/airflow/.local/lib/python3.8/site-packages/airflow/example_dags/example_latest_only_with_trigger.py took 0.092 seconds
[2023-11-28T06:41:12.447+0000] {processor.py:157} INFO - Started process (PID=154) to work on /home/airflow/.local/lib/python3.8/site-packages/airflow/example_dags/example_latest_only_with_trigger.py
[2023-11-28T06:41:12.449+0000] {processor.py:829} INFO - Processing file /home/airflow/.local/lib/python3.8/site-packages/airflow/example_dags/example_latest_only_with_trigger.py for tasks to queue
[2023-11-28T06:41:12.454+0000] {logging_mixin.py:154} INFO - [2023-11-28T06:41:12.453+0000] {dagbag.py:536} INFO - Filling up the DagBag from /home/airflow/.local/lib/python3.8/site-packages/airflow/example_dags/example_latest_only_with_trigger.py
[2023-11-28T06:41:12.466+0000] {processor.py:839} INFO - DAG(s) dict_keys(['latest_only_with_trigger']) retrieved from /home/airflow/.local/lib/python3.8/site-packages/airflow/example_dags/example_latest_only_with_trigger.py
[2023-11-28T06:41:12.497+0000] {logging_mixin.py:154} INFO - [2023-11-28T06:41:12.497+0000] {dag.py:2941} INFO - Sync 1 DAGs
[2023-11-28T06:41:12.526+0000] {logging_mixin.py:154} INFO - [2023-11-28T06:41:12.526+0000] {dag.py:3722} INFO - Setting next_dagrun for latest_only_with_trigger to 2023-11-28T02:41:12.526146+00:00, run_after=2023-11-28T06:41:12.526146+00:00
[2023-11-28T06:41:12.548+0000] {processor.py:179} INFO - Processing /home/airflow/.local/lib/python3.8/site-packages/airflow/example_dags/example_latest_only_with_trigger.py took 0.108 seconds
[2023-11-28T06:41:42.896+0000] {processor.py:157} INFO - Started process (PID=208) to work on /home/airflow/.local/lib/python3.8/site-packages/airflow/example_dags/example_latest_only_with_trigger.py
[2023-11-28T06:41:42.897+0000] {processor.py:829} INFO - Processing file /home/airflow/.local/lib/python3.8/site-packages/airflow/example_dags/example_latest_only_with_trigger.py for tasks to queue
[2023-11-28T06:41:42.900+0000] {logging_mixin.py:154} INFO - [2023-11-28T06:41:42.900+0000] {dagbag.py:536} INFO - Filling up the DagBag from /home/airflow/.local/lib/python3.8/site-packages/airflow/example_dags/example_latest_only_with_trigger.py
[2023-11-28T06:41:42.909+0000] {processor.py:839} INFO - DAG(s) dict_keys(['latest_only_with_trigger']) retrieved from /home/airflow/.local/lib/python3.8/site-packages/airflow/example_dags/example_latest_only_with_trigger.py
[2023-11-28T06:41:42.940+0000] {logging_mixin.py:154} INFO - [2023-11-28T06:41:42.940+0000] {dag.py:2941} INFO - Sync 1 DAGs
[2023-11-28T06:41:42.976+0000] {logging_mixin.py:154} INFO - [2023-11-28T06:41:42.976+0000] {dag.py:3722} INFO - Setting next_dagrun for latest_only_with_trigger to 2023-11-28T02:41:42.976350+00:00, run_after=2023-11-28T06:41:42.976350+00:00
[2023-11-28T06:41:43.000+0000] {processor.py:179} INFO - Processing /home/airflow/.local/lib/python3.8/site-packages/airflow/example_dags/example_latest_only_with_trigger.py took 0.109 seconds
[2023-11-28T06:42:13.717+0000] {processor.py:157} INFO - Started process (PID=262) to work on /home/airflow/.local/lib/python3.8/site-packages/airflow/example_dags/example_latest_only_with_trigger.py
[2023-11-28T06:42:13.719+0000] {processor.py:829} INFO - Processing file /home/airflow/.local/lib/python3.8/site-packages/airflow/example_dags/example_latest_only_with_trigger.py for tasks to queue
[2023-11-28T06:42:13.724+0000] {logging_mixin.py:154} INFO - [2023-11-28T06:42:13.723+0000] {dagbag.py:536} INFO - Filling up the DagBag from /home/airflow/.local/lib/python3.8/site-packages/airflow/example_dags/example_latest_only_with_trigger.py
[2023-11-28T06:42:13.737+0000] {processor.py:839} INFO - DAG(s) dict_keys(['latest_only_with_trigger']) retrieved from /home/airflow/.local/lib/python3.8/site-packages/airflow/example_dags/example_latest_only_with_trigger.py
[2023-11-28T06:42:13.783+0000] {logging_mixin.py:154} INFO - [2023-11-28T06:42:13.782+0000] {dag.py:2941} INFO - Sync 1 DAGs
[2023-11-28T06:42:13.820+0000] {logging_mixin.py:154} INFO - [2023-11-28T06:42:13.820+0000] {dag.py:3722} INFO - Setting next_dagrun for latest_only_with_trigger to 2023-11-28T02:42:13.820447+00:00, run_after=2023-11-28T06:42:13.820447+00:00
[2023-11-28T06:42:13.846+0000] {processor.py:179} INFO - Processing /home/airflow/.local/lib/python3.8/site-packages/airflow/example_dags/example_latest_only_with_trigger.py took 0.135 seconds
[2023-11-28T06:42:44.716+0000] {processor.py:157} INFO - Started process (PID=316) to work on /home/airflow/.local/lib/python3.8/site-packages/airflow/example_dags/example_latest_only_with_trigger.py
[2023-11-28T06:42:44.717+0000] {processor.py:829} INFO - Processing file /home/airflow/.local/lib/python3.8/site-packages/airflow/example_dags/example_latest_only_with_trigger.py for tasks to queue
[2023-11-28T06:42:44.719+0000] {logging_mixin.py:154} INFO - [2023-11-28T06:42:44.719+0000] {dagbag.py:536} INFO - Filling up the DagBag from /home/airflow/.local/lib/python3.8/site-packages/airflow/example_dags/example_latest_only_with_trigger.py
[2023-11-28T06:42:44.725+0000] {processor.py:839} INFO - DAG(s) dict_keys(['latest_only_with_trigger']) retrieved from /home/airflow/.local/lib/python3.8/site-packages/airflow/example_dags/example_latest_only_with_trigger.py
[2023-11-28T06:42:44.746+0000] {logging_mixin.py:154} INFO - [2023-11-28T06:42:44.746+0000] {dag.py:2941} INFO - Sync 1 DAGs
[2023-11-28T06:42:44.768+0000] {logging_mixin.py:154} INFO - [2023-11-28T06:42:44.768+0000] {dag.py:3722} INFO - Setting next_dagrun for latest_only_with_trigger to 2023-11-28T02:42:44.767978+00:00, run_after=2023-11-28T06:42:44.767978+00:00
[2023-11-28T06:42:44.786+0000] {processor.py:179} INFO - Processing /home/airflow/.local/lib/python3.8/site-packages/airflow/example_dags/example_latest_only_with_trigger.py took 0.073 seconds
[2023-11-28T06:43:14.877+0000] {processor.py:157} INFO - Started process (PID=370) to work on /home/airflow/.local/lib/python3.8/site-packages/airflow/example_dags/example_latest_only_with_trigger.py
[2023-11-28T06:43:14.878+0000] {processor.py:829} INFO - Processing file /home/airflow/.local/lib/python3.8/site-packages/airflow/example_dags/example_latest_only_with_trigger.py for tasks to queue
[2023-11-28T06:43:14.881+0000] {logging_mixin.py:154} INFO - [2023-11-28T06:43:14.881+0000] {dagbag.py:536} INFO - Filling up the DagBag from /home/airflow/.local/lib/python3.8/site-packages/airflow/example_dags/example_latest_only_with_trigger.py
[2023-11-28T06:43:14.887+0000] {processor.py:839} INFO - DAG(s) dict_keys(['latest_only_with_trigger']) retrieved from /home/airflow/.local/lib/python3.8/site-packages/airflow/example_dags/example_latest_only_with_trigger.py
[2023-11-28T06:43:14.907+0000] {logging_mixin.py:154} INFO - [2023-11-28T06:43:14.907+0000] {dag.py:2941} INFO - Sync 1 DAGs
[2023-11-28T06:43:14.928+0000] {logging_mixin.py:154} INFO - [2023-11-28T06:43:14.928+0000] {dag.py:3722} INFO - Setting next_dagrun for latest_only_with_trigger to 2023-11-28T02:43:14.928083+00:00, run_after=2023-11-28T06:43:14.928083+00:00
[2023-11-28T06:43:14.951+0000] {processor.py:179} INFO - Processing /home/airflow/.local/lib/python3.8/site-packages/airflow/example_dags/example_latest_only_with_trigger.py took 0.077 seconds
