[2023-11-28T06:39:04.406+0000] {processor.py:157} INFO - Started process (PID=71) to work on /home/airflow/.local/lib/python3.8/site-packages/airflow/example_dags/example_bash_operator.py
[2023-11-28T06:39:04.408+0000] {processor.py:829} INFO - Processing file /home/airflow/.local/lib/python3.8/site-packages/airflow/example_dags/example_bash_operator.py for tasks to queue
[2023-11-28T06:39:04.414+0000] {logging_mixin.py:154} INFO - [2023-11-28T06:39:04.413+0000] {dagbag.py:536} INFO - Filling up the DagBag from /home/airflow/.local/lib/python3.8/site-packages/airflow/example_dags/example_bash_operator.py
[2023-11-28T06:39:04.435+0000] {processor.py:839} INFO - DAG(s) dict_keys(['example_bash_operator']) retrieved from /home/airflow/.local/lib/python3.8/site-packages/airflow/example_dags/example_bash_operator.py
[2023-11-28T06:39:04.485+0000] {logging_mixin.py:154} INFO - [2023-11-28T06:39:04.485+0000] {dag.py:2941} INFO - Sync 1 DAGs
[2023-11-28T06:39:04.519+0000] {logging_mixin.py:154} INFO - [2023-11-28T06:39:04.519+0000] {dag.py:3722} INFO - Setting next_dagrun for example_bash_operator to 2023-11-27T00:00:00+00:00, run_after=2023-11-28T00:00:00+00:00
[2023-11-28T06:39:04.554+0000] {processor.py:179} INFO - Processing /home/airflow/.local/lib/python3.8/site-packages/airflow/example_dags/example_bash_operator.py took 0.154 seconds
[2023-11-28T06:40:13.551+0000] {processor.py:157} INFO - Started process (PID=70) to work on /home/airflow/.local/lib/python3.8/site-packages/airflow/example_dags/example_bash_operator.py
[2023-11-28T06:40:13.553+0000] {processor.py:829} INFO - Processing file /home/airflow/.local/lib/python3.8/site-packages/airflow/example_dags/example_bash_operator.py for tasks to queue
[2023-11-28T06:40:13.556+0000] {logging_mixin.py:154} INFO - [2023-11-28T06:40:13.556+0000] {dagbag.py:536} INFO - Filling up the DagBag from /home/airflow/.local/lib/python3.8/site-packages/airflow/example_dags/example_bash_operator.py
[2023-11-28T06:40:13.572+0000] {processor.py:839} INFO - DAG(s) dict_keys(['example_bash_operator']) retrieved from /home/airflow/.local/lib/python3.8/site-packages/airflow/example_dags/example_bash_operator.py
[2023-11-28T06:40:13.589+0000] {logging_mixin.py:154} INFO - [2023-11-28T06:40:13.589+0000] {dag.py:2941} INFO - Sync 1 DAGs
[2023-11-28T06:40:13.627+0000] {logging_mixin.py:154} INFO - [2023-11-28T06:40:13.627+0000] {dag.py:3722} INFO - Setting next_dagrun for example_bash_operator to 2023-11-27T00:00:00+00:00, run_after=2023-11-28T00:00:00+00:00
[2023-11-28T06:40:13.659+0000] {processor.py:179} INFO - Processing /home/airflow/.local/lib/python3.8/site-packages/airflow/example_dags/example_bash_operator.py took 0.113 seconds
[2023-11-28T06:40:43.861+0000] {processor.py:157} INFO - Started process (PID=124) to work on /home/airflow/.local/lib/python3.8/site-packages/airflow/example_dags/example_bash_operator.py
[2023-11-28T06:40:43.862+0000] {processor.py:829} INFO - Processing file /home/airflow/.local/lib/python3.8/site-packages/airflow/example_dags/example_bash_operator.py for tasks to queue
[2023-11-28T06:40:43.866+0000] {logging_mixin.py:154} INFO - [2023-11-28T06:40:43.865+0000] {dagbag.py:536} INFO - Filling up the DagBag from /home/airflow/.local/lib/python3.8/site-packages/airflow/example_dags/example_bash_operator.py
[2023-11-28T06:40:43.881+0000] {processor.py:839} INFO - DAG(s) dict_keys(['example_bash_operator']) retrieved from /home/airflow/.local/lib/python3.8/site-packages/airflow/example_dags/example_bash_operator.py
[2023-11-28T06:40:43.926+0000] {logging_mixin.py:154} INFO - [2023-11-28T06:40:43.925+0000] {dag.py:2941} INFO - Sync 1 DAGs
[2023-11-28T06:40:43.972+0000] {logging_mixin.py:154} INFO - [2023-11-28T06:40:43.972+0000] {dag.py:3722} INFO - Setting next_dagrun for example_bash_operator to 2023-11-27T00:00:00+00:00, run_after=2023-11-28T00:00:00+00:00
[2023-11-28T06:40:43.999+0000] {processor.py:179} INFO - Processing /home/airflow/.local/lib/python3.8/site-packages/airflow/example_dags/example_bash_operator.py took 0.142 seconds
[2023-11-28T06:41:14.081+0000] {processor.py:157} INFO - Started process (PID=178) to work on /home/airflow/.local/lib/python3.8/site-packages/airflow/example_dags/example_bash_operator.py
[2023-11-28T06:41:14.082+0000] {processor.py:829} INFO - Processing file /home/airflow/.local/lib/python3.8/site-packages/airflow/example_dags/example_bash_operator.py for tasks to queue
[2023-11-28T06:41:14.085+0000] {logging_mixin.py:154} INFO - [2023-11-28T06:41:14.085+0000] {dagbag.py:536} INFO - Filling up the DagBag from /home/airflow/.local/lib/python3.8/site-packages/airflow/example_dags/example_bash_operator.py
[2023-11-28T06:41:14.100+0000] {processor.py:839} INFO - DAG(s) dict_keys(['example_bash_operator']) retrieved from /home/airflow/.local/lib/python3.8/site-packages/airflow/example_dags/example_bash_operator.py
[2023-11-28T06:41:14.141+0000] {logging_mixin.py:154} INFO - [2023-11-28T06:41:14.140+0000] {dag.py:2941} INFO - Sync 1 DAGs
[2023-11-28T06:41:14.183+0000] {logging_mixin.py:154} INFO - [2023-11-28T06:41:14.183+0000] {dag.py:3722} INFO - Setting next_dagrun for example_bash_operator to 2023-11-27T00:00:00+00:00, run_after=2023-11-28T00:00:00+00:00
[2023-11-28T06:41:14.209+0000] {processor.py:179} INFO - Processing /home/airflow/.local/lib/python3.8/site-packages/airflow/example_dags/example_bash_operator.py took 0.131 seconds
[2023-11-28T06:41:44.305+0000] {processor.py:157} INFO - Started process (PID=232) to work on /home/airflow/.local/lib/python3.8/site-packages/airflow/example_dags/example_bash_operator.py
[2023-11-28T06:41:44.306+0000] {processor.py:829} INFO - Processing file /home/airflow/.local/lib/python3.8/site-packages/airflow/example_dags/example_bash_operator.py for tasks to queue
[2023-11-28T06:41:44.309+0000] {logging_mixin.py:154} INFO - [2023-11-28T06:41:44.309+0000] {dagbag.py:536} INFO - Filling up the DagBag from /home/airflow/.local/lib/python3.8/site-packages/airflow/example_dags/example_bash_operator.py
[2023-11-28T06:41:44.323+0000] {processor.py:839} INFO - DAG(s) dict_keys(['example_bash_operator']) retrieved from /home/airflow/.local/lib/python3.8/site-packages/airflow/example_dags/example_bash_operator.py
[2023-11-28T06:41:44.356+0000] {logging_mixin.py:154} INFO - [2023-11-28T06:41:44.356+0000] {dag.py:2941} INFO - Sync 1 DAGs
[2023-11-28T06:41:44.385+0000] {logging_mixin.py:154} INFO - [2023-11-28T06:41:44.385+0000] {dag.py:3722} INFO - Setting next_dagrun for example_bash_operator to 2023-11-27T00:00:00+00:00, run_after=2023-11-28T00:00:00+00:00
[2023-11-28T06:41:44.408+0000] {processor.py:179} INFO - Processing /home/airflow/.local/lib/python3.8/site-packages/airflow/example_dags/example_bash_operator.py took 0.108 seconds
[2023-11-28T06:42:15.476+0000] {processor.py:157} INFO - Started process (PID=286) to work on /home/airflow/.local/lib/python3.8/site-packages/airflow/example_dags/example_bash_operator.py
[2023-11-28T06:42:15.477+0000] {processor.py:829} INFO - Processing file /home/airflow/.local/lib/python3.8/site-packages/airflow/example_dags/example_bash_operator.py for tasks to queue
[2023-11-28T06:42:15.480+0000] {logging_mixin.py:154} INFO - [2023-11-28T06:42:15.480+0000] {dagbag.py:536} INFO - Filling up the DagBag from /home/airflow/.local/lib/python3.8/site-packages/airflow/example_dags/example_bash_operator.py
[2023-11-28T06:42:15.497+0000] {processor.py:839} INFO - DAG(s) dict_keys(['example_bash_operator']) retrieved from /home/airflow/.local/lib/python3.8/site-packages/airflow/example_dags/example_bash_operator.py
[2023-11-28T06:42:15.529+0000] {logging_mixin.py:154} INFO - [2023-11-28T06:42:15.529+0000] {dag.py:2941} INFO - Sync 1 DAGs
[2023-11-28T06:42:15.553+0000] {logging_mixin.py:154} INFO - [2023-11-28T06:42:15.552+0000] {dag.py:3722} INFO - Setting next_dagrun for example_bash_operator to 2023-11-27T00:00:00+00:00, run_after=2023-11-28T00:00:00+00:00
[2023-11-28T06:42:15.571+0000] {processor.py:179} INFO - Processing /home/airflow/.local/lib/python3.8/site-packages/airflow/example_dags/example_bash_operator.py took 0.099 seconds
[2023-11-28T06:42:46.225+0000] {processor.py:157} INFO - Started process (PID=340) to work on /home/airflow/.local/lib/python3.8/site-packages/airflow/example_dags/example_bash_operator.py
[2023-11-28T06:42:46.227+0000] {processor.py:829} INFO - Processing file /home/airflow/.local/lib/python3.8/site-packages/airflow/example_dags/example_bash_operator.py for tasks to queue
[2023-11-28T06:42:46.230+0000] {logging_mixin.py:154} INFO - [2023-11-28T06:42:46.229+0000] {dagbag.py:536} INFO - Filling up the DagBag from /home/airflow/.local/lib/python3.8/site-packages/airflow/example_dags/example_bash_operator.py
[2023-11-28T06:42:46.242+0000] {processor.py:839} INFO - DAG(s) dict_keys(['example_bash_operator']) retrieved from /home/airflow/.local/lib/python3.8/site-packages/airflow/example_dags/example_bash_operator.py
[2023-11-28T06:42:46.313+0000] {logging_mixin.py:154} INFO - [2023-11-28T06:42:46.312+0000] {dag.py:2941} INFO - Sync 1 DAGs
[2023-11-28T06:42:46.340+0000] {logging_mixin.py:154} INFO - [2023-11-28T06:42:46.340+0000] {dag.py:3722} INFO - Setting next_dagrun for example_bash_operator to 2023-11-27T00:00:00+00:00, run_after=2023-11-28T00:00:00+00:00
[2023-11-28T06:42:46.360+0000] {processor.py:179} INFO - Processing /home/airflow/.local/lib/python3.8/site-packages/airflow/example_dags/example_bash_operator.py took 0.138 seconds
[2023-11-28T06:43:16.464+0000] {processor.py:157} INFO - Started process (PID=394) to work on /home/airflow/.local/lib/python3.8/site-packages/airflow/example_dags/example_bash_operator.py
[2023-11-28T06:43:16.465+0000] {processor.py:829} INFO - Processing file /home/airflow/.local/lib/python3.8/site-packages/airflow/example_dags/example_bash_operator.py for tasks to queue
[2023-11-28T06:43:16.467+0000] {logging_mixin.py:154} INFO - [2023-11-28T06:43:16.467+0000] {dagbag.py:536} INFO - Filling up the DagBag from /home/airflow/.local/lib/python3.8/site-packages/airflow/example_dags/example_bash_operator.py
[2023-11-28T06:43:16.481+0000] {processor.py:839} INFO - DAG(s) dict_keys(['example_bash_operator']) retrieved from /home/airflow/.local/lib/python3.8/site-packages/airflow/example_dags/example_bash_operator.py
[2023-11-28T06:43:16.513+0000] {logging_mixin.py:154} INFO - [2023-11-28T06:43:16.513+0000] {dag.py:2941} INFO - Sync 1 DAGs
[2023-11-28T06:43:16.537+0000] {logging_mixin.py:154} INFO - [2023-11-28T06:43:16.537+0000] {dag.py:3722} INFO - Setting next_dagrun for example_bash_operator to 2023-11-27T00:00:00+00:00, run_after=2023-11-28T00:00:00+00:00
[2023-11-28T06:43:16.556+0000] {processor.py:179} INFO - Processing /home/airflow/.local/lib/python3.8/site-packages/airflow/example_dags/example_bash_operator.py took 0.096 seconds
