[2023-11-28T06:39:01.120+0000] {processor.py:157} INFO - Started process (PID=62) to work on /home/airflow/.local/lib/python3.8/site-packages/airflow/example_dags/example_nested_branch_dag.py
[2023-11-28T06:39:01.124+0000] {processor.py:829} INFO - Processing file /home/airflow/.local/lib/python3.8/site-packages/airflow/example_dags/example_nested_branch_dag.py for tasks to queue
[2023-11-28T06:39:01.132+0000] {logging_mixin.py:154} INFO - [2023-11-28T06:39:01.131+0000] {dagbag.py:536} INFO - Filling up the DagBag from /home/airflow/.local/lib/python3.8/site-packages/airflow/example_dags/example_nested_branch_dag.py
[2023-11-28T06:39:01.232+0000] {processor.py:839} INFO - DAG(s) dict_keys(['example_nested_branch_dag']) retrieved from /home/airflow/.local/lib/python3.8/site-packages/airflow/example_dags/example_nested_branch_dag.py
[2023-11-28T06:39:01.370+0000] {logging_mixin.py:154} INFO - [2023-11-28T06:39:01.369+0000] {dag.py:2941} INFO - Sync 1 DAGs
[2023-11-28T06:39:01.605+0000] {logging_mixin.py:154} INFO - [2023-11-28T06:39:01.605+0000] {dag.py:3722} INFO - Setting next_dagrun for example_nested_branch_dag to 2023-11-27T00:00:00+00:00, run_after=2023-11-28T00:00:00+00:00
[2023-11-28T06:39:01.650+0000] {processor.py:179} INFO - Processing /home/airflow/.local/lib/python3.8/site-packages/airflow/example_dags/example_nested_branch_dag.py took 0.536 seconds
[2023-11-28T06:40:12.740+0000] {processor.py:157} INFO - Started process (PID=61) to work on /home/airflow/.local/lib/python3.8/site-packages/airflow/example_dags/example_nested_branch_dag.py
[2023-11-28T06:40:12.744+0000] {processor.py:829} INFO - Processing file /home/airflow/.local/lib/python3.8/site-packages/airflow/example_dags/example_nested_branch_dag.py for tasks to queue
[2023-11-28T06:40:12.750+0000] {logging_mixin.py:154} INFO - [2023-11-28T06:40:12.750+0000] {dagbag.py:536} INFO - Filling up the DagBag from /home/airflow/.local/lib/python3.8/site-packages/airflow/example_dags/example_nested_branch_dag.py
[2023-11-28T06:40:12.770+0000] {processor.py:839} INFO - DAG(s) dict_keys(['example_nested_branch_dag']) retrieved from /home/airflow/.local/lib/python3.8/site-packages/airflow/example_dags/example_nested_branch_dag.py
[2023-11-28T06:40:12.792+0000] {logging_mixin.py:154} INFO - [2023-11-28T06:40:12.792+0000] {dag.py:2941} INFO - Sync 1 DAGs
[2023-11-28T06:40:12.851+0000] {logging_mixin.py:154} INFO - [2023-11-28T06:40:12.850+0000] {dag.py:3722} INFO - Setting next_dagrun for example_nested_branch_dag to 2023-11-27T00:00:00+00:00, run_after=2023-11-28T00:00:00+00:00
[2023-11-28T06:40:12.888+0000] {processor.py:179} INFO - Processing /home/airflow/.local/lib/python3.8/site-packages/airflow/example_dags/example_nested_branch_dag.py took 0.158 seconds
[2023-11-28T06:40:43.369+0000] {processor.py:157} INFO - Started process (PID=115) to work on /home/airflow/.local/lib/python3.8/site-packages/airflow/example_dags/example_nested_branch_dag.py
[2023-11-28T06:40:43.371+0000] {processor.py:829} INFO - Processing file /home/airflow/.local/lib/python3.8/site-packages/airflow/example_dags/example_nested_branch_dag.py for tasks to queue
[2023-11-28T06:40:43.373+0000] {logging_mixin.py:154} INFO - [2023-11-28T06:40:43.373+0000] {dagbag.py:536} INFO - Filling up the DagBag from /home/airflow/.local/lib/python3.8/site-packages/airflow/example_dags/example_nested_branch_dag.py
[2023-11-28T06:40:43.385+0000] {processor.py:839} INFO - DAG(s) dict_keys(['example_nested_branch_dag']) retrieved from /home/airflow/.local/lib/python3.8/site-packages/airflow/example_dags/example_nested_branch_dag.py
[2023-11-28T06:40:43.412+0000] {logging_mixin.py:154} INFO - [2023-11-28T06:40:43.412+0000] {dag.py:2941} INFO - Sync 1 DAGs
[2023-11-28T06:40:43.439+0000] {logging_mixin.py:154} INFO - [2023-11-28T06:40:43.439+0000] {dag.py:3722} INFO - Setting next_dagrun for example_nested_branch_dag to 2023-11-27T00:00:00+00:00, run_after=2023-11-28T00:00:00+00:00
[2023-11-28T06:40:43.459+0000] {processor.py:179} INFO - Processing /home/airflow/.local/lib/python3.8/site-packages/airflow/example_dags/example_nested_branch_dag.py took 0.093 seconds
[2023-11-28T06:41:13.501+0000] {processor.py:157} INFO - Started process (PID=169) to work on /home/airflow/.local/lib/python3.8/site-packages/airflow/example_dags/example_nested_branch_dag.py
[2023-11-28T06:41:13.502+0000] {processor.py:829} INFO - Processing file /home/airflow/.local/lib/python3.8/site-packages/airflow/example_dags/example_nested_branch_dag.py for tasks to queue
[2023-11-28T06:41:13.504+0000] {logging_mixin.py:154} INFO - [2023-11-28T06:41:13.504+0000] {dagbag.py:536} INFO - Filling up the DagBag from /home/airflow/.local/lib/python3.8/site-packages/airflow/example_dags/example_nested_branch_dag.py
[2023-11-28T06:41:13.514+0000] {processor.py:839} INFO - DAG(s) dict_keys(['example_nested_branch_dag']) retrieved from /home/airflow/.local/lib/python3.8/site-packages/airflow/example_dags/example_nested_branch_dag.py
[2023-11-28T06:41:13.536+0000] {logging_mixin.py:154} INFO - [2023-11-28T06:41:13.536+0000] {dag.py:2941} INFO - Sync 1 DAGs
[2023-11-28T06:41:13.559+0000] {logging_mixin.py:154} INFO - [2023-11-28T06:41:13.559+0000] {dag.py:3722} INFO - Setting next_dagrun for example_nested_branch_dag to 2023-11-27T00:00:00+00:00, run_after=2023-11-28T00:00:00+00:00
[2023-11-28T06:41:13.576+0000] {processor.py:179} INFO - Processing /home/airflow/.local/lib/python3.8/site-packages/airflow/example_dags/example_nested_branch_dag.py took 0.079 seconds
[2023-11-28T06:41:43.811+0000] {processor.py:157} INFO - Started process (PID=223) to work on /home/airflow/.local/lib/python3.8/site-packages/airflow/example_dags/example_nested_branch_dag.py
[2023-11-28T06:41:43.812+0000] {processor.py:829} INFO - Processing file /home/airflow/.local/lib/python3.8/site-packages/airflow/example_dags/example_nested_branch_dag.py for tasks to queue
[2023-11-28T06:41:43.815+0000] {logging_mixin.py:154} INFO - [2023-11-28T06:41:43.815+0000] {dagbag.py:536} INFO - Filling up the DagBag from /home/airflow/.local/lib/python3.8/site-packages/airflow/example_dags/example_nested_branch_dag.py
[2023-11-28T06:41:43.825+0000] {processor.py:839} INFO - DAG(s) dict_keys(['example_nested_branch_dag']) retrieved from /home/airflow/.local/lib/python3.8/site-packages/airflow/example_dags/example_nested_branch_dag.py
[2023-11-28T06:41:43.850+0000] {logging_mixin.py:154} INFO - [2023-11-28T06:41:43.850+0000] {dag.py:2941} INFO - Sync 1 DAGs
[2023-11-28T06:41:43.875+0000] {logging_mixin.py:154} INFO - [2023-11-28T06:41:43.875+0000] {dag.py:3722} INFO - Setting next_dagrun for example_nested_branch_dag to 2023-11-27T00:00:00+00:00, run_after=2023-11-28T00:00:00+00:00
[2023-11-28T06:41:43.895+0000] {processor.py:179} INFO - Processing /home/airflow/.local/lib/python3.8/site-packages/airflow/example_dags/example_nested_branch_dag.py took 0.087 seconds
[2023-11-28T06:42:14.832+0000] {processor.py:157} INFO - Started process (PID=277) to work on /home/airflow/.local/lib/python3.8/site-packages/airflow/example_dags/example_nested_branch_dag.py
[2023-11-28T06:42:14.833+0000] {processor.py:829} INFO - Processing file /home/airflow/.local/lib/python3.8/site-packages/airflow/example_dags/example_nested_branch_dag.py for tasks to queue
[2023-11-28T06:42:14.836+0000] {logging_mixin.py:154} INFO - [2023-11-28T06:42:14.835+0000] {dagbag.py:536} INFO - Filling up the DagBag from /home/airflow/.local/lib/python3.8/site-packages/airflow/example_dags/example_nested_branch_dag.py
[2023-11-28T06:42:14.849+0000] {processor.py:839} INFO - DAG(s) dict_keys(['example_nested_branch_dag']) retrieved from /home/airflow/.local/lib/python3.8/site-packages/airflow/example_dags/example_nested_branch_dag.py
[2023-11-28T06:42:14.875+0000] {logging_mixin.py:154} INFO - [2023-11-28T06:42:14.875+0000] {dag.py:2941} INFO - Sync 1 DAGs
[2023-11-28T06:42:14.919+0000] {logging_mixin.py:154} INFO - [2023-11-28T06:42:14.919+0000] {dag.py:3722} INFO - Setting next_dagrun for example_nested_branch_dag to 2023-11-27T00:00:00+00:00, run_after=2023-11-28T00:00:00+00:00
[2023-11-28T06:42:14.968+0000] {processor.py:179} INFO - Processing /home/airflow/.local/lib/python3.8/site-packages/airflow/example_dags/example_nested_branch_dag.py took 0.141 seconds
[2023-11-28T06:42:45.595+0000] {processor.py:157} INFO - Started process (PID=331) to work on /home/airflow/.local/lib/python3.8/site-packages/airflow/example_dags/example_nested_branch_dag.py
[2023-11-28T06:42:45.596+0000] {processor.py:829} INFO - Processing file /home/airflow/.local/lib/python3.8/site-packages/airflow/example_dags/example_nested_branch_dag.py for tasks to queue
[2023-11-28T06:42:45.599+0000] {logging_mixin.py:154} INFO - [2023-11-28T06:42:45.598+0000] {dagbag.py:536} INFO - Filling up the DagBag from /home/airflow/.local/lib/python3.8/site-packages/airflow/example_dags/example_nested_branch_dag.py
[2023-11-28T06:42:45.610+0000] {processor.py:839} INFO - DAG(s) dict_keys(['example_nested_branch_dag']) retrieved from /home/airflow/.local/lib/python3.8/site-packages/airflow/example_dags/example_nested_branch_dag.py
[2023-11-28T06:42:45.635+0000] {logging_mixin.py:154} INFO - [2023-11-28T06:42:45.635+0000] {dag.py:2941} INFO - Sync 1 DAGs
[2023-11-28T06:42:45.666+0000] {logging_mixin.py:154} INFO - [2023-11-28T06:42:45.666+0000] {dag.py:3722} INFO - Setting next_dagrun for example_nested_branch_dag to 2023-11-27T00:00:00+00:00, run_after=2023-11-28T00:00:00+00:00
[2023-11-28T06:42:45.687+0000] {processor.py:179} INFO - Processing /home/airflow/.local/lib/python3.8/site-packages/airflow/example_dags/example_nested_branch_dag.py took 0.096 seconds
[2023-11-28T06:43:15.908+0000] {processor.py:157} INFO - Started process (PID=385) to work on /home/airflow/.local/lib/python3.8/site-packages/airflow/example_dags/example_nested_branch_dag.py
[2023-11-28T06:43:15.909+0000] {processor.py:829} INFO - Processing file /home/airflow/.local/lib/python3.8/site-packages/airflow/example_dags/example_nested_branch_dag.py for tasks to queue
[2023-11-28T06:43:15.911+0000] {logging_mixin.py:154} INFO - [2023-11-28T06:43:15.911+0000] {dagbag.py:536} INFO - Filling up the DagBag from /home/airflow/.local/lib/python3.8/site-packages/airflow/example_dags/example_nested_branch_dag.py
[2023-11-28T06:43:15.921+0000] {processor.py:839} INFO - DAG(s) dict_keys(['example_nested_branch_dag']) retrieved from /home/airflow/.local/lib/python3.8/site-packages/airflow/example_dags/example_nested_branch_dag.py
[2023-11-28T06:43:15.956+0000] {logging_mixin.py:154} INFO - [2023-11-28T06:43:15.955+0000] {dag.py:2941} INFO - Sync 1 DAGs
[2023-11-28T06:43:15.986+0000] {logging_mixin.py:154} INFO - [2023-11-28T06:43:15.985+0000] {dag.py:3722} INFO - Setting next_dagrun for example_nested_branch_dag to 2023-11-27T00:00:00+00:00, run_after=2023-11-28T00:00:00+00:00
[2023-11-28T06:43:16.006+0000] {processor.py:179} INFO - Processing /home/airflow/.local/lib/python3.8/site-packages/airflow/example_dags/example_nested_branch_dag.py took 0.101 seconds
