[2023-11-28T06:38:58.074+0000] {processor.py:157} INFO - Started process (PID=46) to work on /home/airflow/.local/lib/python3.8/site-packages/airflow/example_dags/example_short_circuit_operator.py
[2023-11-28T06:38:58.075+0000] {processor.py:829} INFO - Processing file /home/airflow/.local/lib/python3.8/site-packages/airflow/example_dags/example_short_circuit_operator.py for tasks to queue
[2023-11-28T06:38:58.080+0000] {logging_mixin.py:154} INFO - [2023-11-28T06:38:58.080+0000] {dagbag.py:536} INFO - Filling up the DagBag from /home/airflow/.local/lib/python3.8/site-packages/airflow/example_dags/example_short_circuit_operator.py
[2023-11-28T06:38:58.103+0000] {processor.py:839} INFO - DAG(s) dict_keys(['example_short_circuit_operator']) retrieved from /home/airflow/.local/lib/python3.8/site-packages/airflow/example_dags/example_short_circuit_operator.py
[2023-11-28T06:38:58.160+0000] {logging_mixin.py:154} INFO - [2023-11-28T06:38:58.160+0000] {dag.py:2941} INFO - Sync 1 DAGs
[2023-11-28T06:38:58.203+0000] {logging_mixin.py:154} INFO - [2023-11-28T06:38:58.203+0000] {dag.py:3722} INFO - Setting next_dagrun for example_short_circuit_operator to 2023-11-27T06:38:58.202647+00:00, run_after=2023-11-28T06:38:58.202647+00:00
[2023-11-28T06:38:58.241+0000] {processor.py:179} INFO - Processing /home/airflow/.local/lib/python3.8/site-packages/airflow/example_dags/example_short_circuit_operator.py took 0.172 seconds
[2023-11-28T06:40:11.480+0000] {processor.py:157} INFO - Started process (PID=45) to work on /home/airflow/.local/lib/python3.8/site-packages/airflow/example_dags/example_short_circuit_operator.py
[2023-11-28T06:40:11.482+0000] {processor.py:829} INFO - Processing file /home/airflow/.local/lib/python3.8/site-packages/airflow/example_dags/example_short_circuit_operator.py for tasks to queue
[2023-11-28T06:40:11.485+0000] {logging_mixin.py:154} INFO - [2023-11-28T06:40:11.485+0000] {dagbag.py:536} INFO - Filling up the DagBag from /home/airflow/.local/lib/python3.8/site-packages/airflow/example_dags/example_short_circuit_operator.py
[2023-11-28T06:40:11.499+0000] {processor.py:839} INFO - DAG(s) dict_keys(['example_short_circuit_operator']) retrieved from /home/airflow/.local/lib/python3.8/site-packages/airflow/example_dags/example_short_circuit_operator.py
[2023-11-28T06:40:11.517+0000] {logging_mixin.py:154} INFO - [2023-11-28T06:40:11.517+0000] {dag.py:2941} INFO - Sync 1 DAGs
[2023-11-28T06:40:11.548+0000] {logging_mixin.py:154} INFO - [2023-11-28T06:40:11.547+0000] {dag.py:3722} INFO - Setting next_dagrun for example_short_circuit_operator to 2023-11-27T06:40:11.547510+00:00, run_after=2023-11-28T06:40:11.547510+00:00
[2023-11-28T06:40:11.583+0000] {processor.py:179} INFO - Processing /home/airflow/.local/lib/python3.8/site-packages/airflow/example_dags/example_short_circuit_operator.py took 0.107 seconds
[2023-11-28T06:40:42.183+0000] {processor.py:157} INFO - Started process (PID=99) to work on /home/airflow/.local/lib/python3.8/site-packages/airflow/example_dags/example_short_circuit_operator.py
[2023-11-28T06:40:42.185+0000] {processor.py:829} INFO - Processing file /home/airflow/.local/lib/python3.8/site-packages/airflow/example_dags/example_short_circuit_operator.py for tasks to queue
[2023-11-28T06:40:42.188+0000] {logging_mixin.py:154} INFO - [2023-11-28T06:40:42.187+0000] {dagbag.py:536} INFO - Filling up the DagBag from /home/airflow/.local/lib/python3.8/site-packages/airflow/example_dags/example_short_circuit_operator.py
[2023-11-28T06:40:42.196+0000] {processor.py:839} INFO - DAG(s) dict_keys(['example_short_circuit_operator']) retrieved from /home/airflow/.local/lib/python3.8/site-packages/airflow/example_dags/example_short_circuit_operator.py
[2023-11-28T06:40:42.224+0000] {logging_mixin.py:154} INFO - [2023-11-28T06:40:42.224+0000] {dag.py:2941} INFO - Sync 1 DAGs
[2023-11-28T06:40:42.248+0000] {logging_mixin.py:154} INFO - [2023-11-28T06:40:42.247+0000] {dag.py:3722} INFO - Setting next_dagrun for example_short_circuit_operator to 2023-11-27T06:40:42.247456+00:00, run_after=2023-11-28T06:40:42.247456+00:00
[2023-11-28T06:40:42.269+0000] {processor.py:179} INFO - Processing /home/airflow/.local/lib/python3.8/site-packages/airflow/example_dags/example_short_circuit_operator.py took 0.092 seconds
[2023-11-28T06:41:12.322+0000] {processor.py:157} INFO - Started process (PID=153) to work on /home/airflow/.local/lib/python3.8/site-packages/airflow/example_dags/example_short_circuit_operator.py
[2023-11-28T06:41:12.323+0000] {processor.py:829} INFO - Processing file /home/airflow/.local/lib/python3.8/site-packages/airflow/example_dags/example_short_circuit_operator.py for tasks to queue
[2023-11-28T06:41:12.326+0000] {logging_mixin.py:154} INFO - [2023-11-28T06:41:12.326+0000] {dagbag.py:536} INFO - Filling up the DagBag from /home/airflow/.local/lib/python3.8/site-packages/airflow/example_dags/example_short_circuit_operator.py
[2023-11-28T06:41:12.335+0000] {processor.py:839} INFO - DAG(s) dict_keys(['example_short_circuit_operator']) retrieved from /home/airflow/.local/lib/python3.8/site-packages/airflow/example_dags/example_short_circuit_operator.py
[2023-11-28T06:41:12.366+0000] {logging_mixin.py:154} INFO - [2023-11-28T06:41:12.365+0000] {dag.py:2941} INFO - Sync 1 DAGs
[2023-11-28T06:41:12.392+0000] {logging_mixin.py:154} INFO - [2023-11-28T06:41:12.392+0000] {dag.py:3722} INFO - Setting next_dagrun for example_short_circuit_operator to 2023-11-27T06:41:12.391826+00:00, run_after=2023-11-28T06:41:12.391826+00:00
[2023-11-28T06:41:12.415+0000] {processor.py:179} INFO - Processing /home/airflow/.local/lib/python3.8/site-packages/airflow/example_dags/example_short_circuit_operator.py took 0.096 seconds
[2023-11-28T06:41:42.786+0000] {processor.py:157} INFO - Started process (PID=207) to work on /home/airflow/.local/lib/python3.8/site-packages/airflow/example_dags/example_short_circuit_operator.py
[2023-11-28T06:41:42.787+0000] {processor.py:829} INFO - Processing file /home/airflow/.local/lib/python3.8/site-packages/airflow/example_dags/example_short_circuit_operator.py for tasks to queue
[2023-11-28T06:41:42.790+0000] {logging_mixin.py:154} INFO - [2023-11-28T06:41:42.790+0000] {dagbag.py:536} INFO - Filling up the DagBag from /home/airflow/.local/lib/python3.8/site-packages/airflow/example_dags/example_short_circuit_operator.py
[2023-11-28T06:41:42.800+0000] {processor.py:839} INFO - DAG(s) dict_keys(['example_short_circuit_operator']) retrieved from /home/airflow/.local/lib/python3.8/site-packages/airflow/example_dags/example_short_circuit_operator.py
[2023-11-28T06:41:42.830+0000] {logging_mixin.py:154} INFO - [2023-11-28T06:41:42.829+0000] {dag.py:2941} INFO - Sync 1 DAGs
[2023-11-28T06:41:42.873+0000] {logging_mixin.py:154} INFO - [2023-11-28T06:41:42.873+0000] {dag.py:3722} INFO - Setting next_dagrun for example_short_circuit_operator to 2023-11-27T06:41:42.873003+00:00, run_after=2023-11-28T06:41:42.873003+00:00
[2023-11-28T06:41:42.898+0000] {processor.py:179} INFO - Processing /home/airflow/.local/lib/python3.8/site-packages/airflow/example_dags/example_short_circuit_operator.py took 0.116 seconds
[2023-11-28T06:42:13.632+0000] {processor.py:157} INFO - Started process (PID=261) to work on /home/airflow/.local/lib/python3.8/site-packages/airflow/example_dags/example_short_circuit_operator.py
[2023-11-28T06:42:13.661+0000] {processor.py:829} INFO - Processing file /home/airflow/.local/lib/python3.8/site-packages/airflow/example_dags/example_short_circuit_operator.py for tasks to queue
[2023-11-28T06:42:13.666+0000] {logging_mixin.py:154} INFO - [2023-11-28T06:42:13.666+0000] {dagbag.py:536} INFO - Filling up the DagBag from /home/airflow/.local/lib/python3.8/site-packages/airflow/example_dags/example_short_circuit_operator.py
[2023-11-28T06:42:13.703+0000] {processor.py:839} INFO - DAG(s) dict_keys(['example_short_circuit_operator']) retrieved from /home/airflow/.local/lib/python3.8/site-packages/airflow/example_dags/example_short_circuit_operator.py
[2023-11-28T06:42:13.759+0000] {logging_mixin.py:154} INFO - [2023-11-28T06:42:13.759+0000] {dag.py:2941} INFO - Sync 1 DAGs
[2023-11-28T06:42:13.800+0000] {logging_mixin.py:154} INFO - [2023-11-28T06:42:13.800+0000] {dag.py:3722} INFO - Setting next_dagrun for example_short_circuit_operator to 2023-11-27T06:42:13.800048+00:00, run_after=2023-11-28T06:42:13.800048+00:00
[2023-11-28T06:42:13.845+0000] {processor.py:179} INFO - Processing /home/airflow/.local/lib/python3.8/site-packages/airflow/example_dags/example_short_circuit_operator.py took 0.220 seconds
[2023-11-28T06:42:44.711+0000] {processor.py:157} INFO - Started process (PID=315) to work on /home/airflow/.local/lib/python3.8/site-packages/airflow/example_dags/example_short_circuit_operator.py
[2023-11-28T06:42:44.712+0000] {processor.py:829} INFO - Processing file /home/airflow/.local/lib/python3.8/site-packages/airflow/example_dags/example_short_circuit_operator.py for tasks to queue
[2023-11-28T06:42:44.714+0000] {logging_mixin.py:154} INFO - [2023-11-28T06:42:44.714+0000] {dagbag.py:536} INFO - Filling up the DagBag from /home/airflow/.local/lib/python3.8/site-packages/airflow/example_dags/example_short_circuit_operator.py
[2023-11-28T06:42:44.722+0000] {processor.py:839} INFO - DAG(s) dict_keys(['example_short_circuit_operator']) retrieved from /home/airflow/.local/lib/python3.8/site-packages/airflow/example_dags/example_short_circuit_operator.py
[2023-11-28T06:42:44.746+0000] {logging_mixin.py:154} INFO - [2023-11-28T06:42:44.746+0000] {dag.py:2941} INFO - Sync 1 DAGs
[2023-11-28T06:42:44.768+0000] {logging_mixin.py:154} INFO - [2023-11-28T06:42:44.768+0000] {dag.py:3722} INFO - Setting next_dagrun for example_short_circuit_operator to 2023-11-27T06:42:44.767972+00:00, run_after=2023-11-28T06:42:44.767972+00:00
[2023-11-28T06:42:44.786+0000] {processor.py:179} INFO - Processing /home/airflow/.local/lib/python3.8/site-packages/airflow/example_dags/example_short_circuit_operator.py took 0.078 seconds
[2023-11-28T06:43:14.872+0000] {processor.py:157} INFO - Started process (PID=369) to work on /home/airflow/.local/lib/python3.8/site-packages/airflow/example_dags/example_short_circuit_operator.py
[2023-11-28T06:43:14.873+0000] {processor.py:829} INFO - Processing file /home/airflow/.local/lib/python3.8/site-packages/airflow/example_dags/example_short_circuit_operator.py for tasks to queue
[2023-11-28T06:43:14.876+0000] {logging_mixin.py:154} INFO - [2023-11-28T06:43:14.876+0000] {dagbag.py:536} INFO - Filling up the DagBag from /home/airflow/.local/lib/python3.8/site-packages/airflow/example_dags/example_short_circuit_operator.py
[2023-11-28T06:43:14.884+0000] {processor.py:839} INFO - DAG(s) dict_keys(['example_short_circuit_operator']) retrieved from /home/airflow/.local/lib/python3.8/site-packages/airflow/example_dags/example_short_circuit_operator.py
[2023-11-28T06:43:14.907+0000] {logging_mixin.py:154} INFO - [2023-11-28T06:43:14.907+0000] {dag.py:2941} INFO - Sync 1 DAGs
[2023-11-28T06:43:14.928+0000] {logging_mixin.py:154} INFO - [2023-11-28T06:43:14.928+0000] {dag.py:3722} INFO - Setting next_dagrun for example_short_circuit_operator to 2023-11-27T06:43:14.928093+00:00, run_after=2023-11-28T06:43:14.928093+00:00
[2023-11-28T06:43:14.950+0000] {processor.py:179} INFO - Processing /home/airflow/.local/lib/python3.8/site-packages/airflow/example_dags/example_short_circuit_operator.py took 0.081 seconds
