[2023-11-28T06:39:01.803+0000] {processor.py:157} INFO - Started process (PID=64) to work on /home/airflow/.local/lib/python3.8/site-packages/airflow/example_dags/example_trigger_target_dag.py
[2023-11-28T06:39:01.805+0000] {processor.py:829} INFO - Processing file /home/airflow/.local/lib/python3.8/site-packages/airflow/example_dags/example_trigger_target_dag.py for tasks to queue
[2023-11-28T06:39:01.811+0000] {logging_mixin.py:154} INFO - [2023-11-28T06:39:01.810+0000] {dagbag.py:536} INFO - Filling up the DagBag from /home/airflow/.local/lib/python3.8/site-packages/airflow/example_dags/example_trigger_target_dag.py
[2023-11-28T06:39:01.827+0000] {processor.py:839} INFO - DAG(s) dict_keys(['example_trigger_target_dag']) retrieved from /home/airflow/.local/lib/python3.8/site-packages/airflow/example_dags/example_trigger_target_dag.py
[2023-11-28T06:39:01.956+0000] {logging_mixin.py:154} INFO - [2023-11-28T06:39:01.956+0000] {dag.py:2941} INFO - Sync 1 DAGs
[2023-11-28T06:39:02.071+0000] {logging_mixin.py:154} INFO - [2023-11-28T06:39:02.071+0000] {dag.py:3722} INFO - Setting next_dagrun for example_trigger_target_dag to None, run_after=None
[2023-11-28T06:39:02.124+0000] {processor.py:179} INFO - Processing /home/airflow/.local/lib/python3.8/site-packages/airflow/example_dags/example_trigger_target_dag.py took 0.328 seconds
[2023-11-28T06:40:12.931+0000] {processor.py:157} INFO - Started process (PID=63) to work on /home/airflow/.local/lib/python3.8/site-packages/airflow/example_dags/example_trigger_target_dag.py
[2023-11-28T06:40:12.934+0000] {processor.py:829} INFO - Processing file /home/airflow/.local/lib/python3.8/site-packages/airflow/example_dags/example_trigger_target_dag.py for tasks to queue
[2023-11-28T06:40:12.947+0000] {logging_mixin.py:154} INFO - [2023-11-28T06:40:12.947+0000] {dagbag.py:536} INFO - Filling up the DagBag from /home/airflow/.local/lib/python3.8/site-packages/airflow/example_dags/example_trigger_target_dag.py
[2023-11-28T06:40:12.967+0000] {processor.py:839} INFO - DAG(s) dict_keys(['example_trigger_target_dag']) retrieved from /home/airflow/.local/lib/python3.8/site-packages/airflow/example_dags/example_trigger_target_dag.py
[2023-11-28T06:40:13.000+0000] {logging_mixin.py:154} INFO - [2023-11-28T06:40:12.999+0000] {dag.py:2941} INFO - Sync 1 DAGs
[2023-11-28T06:40:13.029+0000] {logging_mixin.py:154} INFO - [2023-11-28T06:40:13.029+0000] {dag.py:3722} INFO - Setting next_dagrun for example_trigger_target_dag to None, run_after=None
[2023-11-28T06:40:13.068+0000] {processor.py:179} INFO - Processing /home/airflow/.local/lib/python3.8/site-packages/airflow/example_dags/example_trigger_target_dag.py took 0.145 seconds
[2023-11-28T06:40:43.481+0000] {processor.py:157} INFO - Started process (PID=117) to work on /home/airflow/.local/lib/python3.8/site-packages/airflow/example_dags/example_trigger_target_dag.py
[2023-11-28T06:40:43.482+0000] {processor.py:829} INFO - Processing file /home/airflow/.local/lib/python3.8/site-packages/airflow/example_dags/example_trigger_target_dag.py for tasks to queue
[2023-11-28T06:40:43.485+0000] {logging_mixin.py:154} INFO - [2023-11-28T06:40:43.484+0000] {dagbag.py:536} INFO - Filling up the DagBag from /home/airflow/.local/lib/python3.8/site-packages/airflow/example_dags/example_trigger_target_dag.py
[2023-11-28T06:40:43.491+0000] {processor.py:839} INFO - DAG(s) dict_keys(['example_trigger_target_dag']) retrieved from /home/airflow/.local/lib/python3.8/site-packages/airflow/example_dags/example_trigger_target_dag.py
[2023-11-28T06:40:43.512+0000] {logging_mixin.py:154} INFO - [2023-11-28T06:40:43.511+0000] {dag.py:2941} INFO - Sync 1 DAGs
[2023-11-28T06:40:43.525+0000] {logging_mixin.py:154} INFO - [2023-11-28T06:40:43.525+0000] {dag.py:3722} INFO - Setting next_dagrun for example_trigger_target_dag to None, run_after=None
[2023-11-28T06:40:43.542+0000] {processor.py:179} INFO - Processing /home/airflow/.local/lib/python3.8/site-packages/airflow/example_dags/example_trigger_target_dag.py took 0.065 seconds
[2023-11-28T06:41:13.681+0000] {processor.py:157} INFO - Started process (PID=171) to work on /home/airflow/.local/lib/python3.8/site-packages/airflow/example_dags/example_trigger_target_dag.py
[2023-11-28T06:41:13.682+0000] {processor.py:829} INFO - Processing file /home/airflow/.local/lib/python3.8/site-packages/airflow/example_dags/example_trigger_target_dag.py for tasks to queue
[2023-11-28T06:41:13.685+0000] {logging_mixin.py:154} INFO - [2023-11-28T06:41:13.685+0000] {dagbag.py:536} INFO - Filling up the DagBag from /home/airflow/.local/lib/python3.8/site-packages/airflow/example_dags/example_trigger_target_dag.py
[2023-11-28T06:41:13.693+0000] {processor.py:839} INFO - DAG(s) dict_keys(['example_trigger_target_dag']) retrieved from /home/airflow/.local/lib/python3.8/site-packages/airflow/example_dags/example_trigger_target_dag.py
[2023-11-28T06:41:13.715+0000] {logging_mixin.py:154} INFO - [2023-11-28T06:41:13.714+0000] {dag.py:2941} INFO - Sync 1 DAGs
[2023-11-28T06:41:13.731+0000] {logging_mixin.py:154} INFO - [2023-11-28T06:41:13.730+0000] {dag.py:3722} INFO - Setting next_dagrun for example_trigger_target_dag to None, run_after=None
[2023-11-28T06:41:13.756+0000] {processor.py:179} INFO - Processing /home/airflow/.local/lib/python3.8/site-packages/airflow/example_dags/example_trigger_target_dag.py took 0.079 seconds
[2023-11-28T06:41:43.918+0000] {processor.py:157} INFO - Started process (PID=225) to work on /home/airflow/.local/lib/python3.8/site-packages/airflow/example_dags/example_trigger_target_dag.py
[2023-11-28T06:41:43.919+0000] {processor.py:829} INFO - Processing file /home/airflow/.local/lib/python3.8/site-packages/airflow/example_dags/example_trigger_target_dag.py for tasks to queue
[2023-11-28T06:41:43.922+0000] {logging_mixin.py:154} INFO - [2023-11-28T06:41:43.922+0000] {dagbag.py:536} INFO - Filling up the DagBag from /home/airflow/.local/lib/python3.8/site-packages/airflow/example_dags/example_trigger_target_dag.py
[2023-11-28T06:41:43.929+0000] {processor.py:839} INFO - DAG(s) dict_keys(['example_trigger_target_dag']) retrieved from /home/airflow/.local/lib/python3.8/site-packages/airflow/example_dags/example_trigger_target_dag.py
[2023-11-28T06:41:43.958+0000] {logging_mixin.py:154} INFO - [2023-11-28T06:41:43.957+0000] {dag.py:2941} INFO - Sync 1 DAGs
[2023-11-28T06:41:43.972+0000] {logging_mixin.py:154} INFO - [2023-11-28T06:41:43.972+0000] {dag.py:3722} INFO - Setting next_dagrun for example_trigger_target_dag to None, run_after=None
[2023-11-28T06:41:43.995+0000] {processor.py:179} INFO - Processing /home/airflow/.local/lib/python3.8/site-packages/airflow/example_dags/example_trigger_target_dag.py took 0.081 seconds
[2023-11-28T06:42:15.001+0000] {processor.py:157} INFO - Started process (PID=279) to work on /home/airflow/.local/lib/python3.8/site-packages/airflow/example_dags/example_trigger_target_dag.py
[2023-11-28T06:42:15.003+0000] {processor.py:829} INFO - Processing file /home/airflow/.local/lib/python3.8/site-packages/airflow/example_dags/example_trigger_target_dag.py for tasks to queue
[2023-11-28T06:42:15.006+0000] {logging_mixin.py:154} INFO - [2023-11-28T06:42:15.006+0000] {dagbag.py:536} INFO - Filling up the DagBag from /home/airflow/.local/lib/python3.8/site-packages/airflow/example_dags/example_trigger_target_dag.py
[2023-11-28T06:42:15.015+0000] {processor.py:839} INFO - DAG(s) dict_keys(['example_trigger_target_dag']) retrieved from /home/airflow/.local/lib/python3.8/site-packages/airflow/example_dags/example_trigger_target_dag.py
[2023-11-28T06:42:15.041+0000] {logging_mixin.py:154} INFO - [2023-11-28T06:42:15.041+0000] {dag.py:2941} INFO - Sync 1 DAGs
[2023-11-28T06:42:15.054+0000] {logging_mixin.py:154} INFO - [2023-11-28T06:42:15.054+0000] {dag.py:3722} INFO - Setting next_dagrun for example_trigger_target_dag to None, run_after=None
[2023-11-28T06:42:15.072+0000] {processor.py:179} INFO - Processing /home/airflow/.local/lib/python3.8/site-packages/airflow/example_dags/example_trigger_target_dag.py took 0.075 seconds
[2023-11-28T06:42:45.711+0000] {processor.py:157} INFO - Started process (PID=333) to work on /home/airflow/.local/lib/python3.8/site-packages/airflow/example_dags/example_trigger_target_dag.py
[2023-11-28T06:42:45.713+0000] {processor.py:829} INFO - Processing file /home/airflow/.local/lib/python3.8/site-packages/airflow/example_dags/example_trigger_target_dag.py for tasks to queue
[2023-11-28T06:42:45.715+0000] {logging_mixin.py:154} INFO - [2023-11-28T06:42:45.715+0000] {dagbag.py:536} INFO - Filling up the DagBag from /home/airflow/.local/lib/python3.8/site-packages/airflow/example_dags/example_trigger_target_dag.py
[2023-11-28T06:42:45.723+0000] {processor.py:839} INFO - DAG(s) dict_keys(['example_trigger_target_dag']) retrieved from /home/airflow/.local/lib/python3.8/site-packages/airflow/example_dags/example_trigger_target_dag.py
[2023-11-28T06:42:45.751+0000] {logging_mixin.py:154} INFO - [2023-11-28T06:42:45.750+0000] {dag.py:2941} INFO - Sync 1 DAGs
[2023-11-28T06:42:45.765+0000] {logging_mixin.py:154} INFO - [2023-11-28T06:42:45.764+0000] {dag.py:3722} INFO - Setting next_dagrun for example_trigger_target_dag to None, run_after=None
[2023-11-28T06:42:45.783+0000] {processor.py:179} INFO - Processing /home/airflow/.local/lib/python3.8/site-packages/airflow/example_dags/example_trigger_target_dag.py took 0.076 seconds
[2023-11-28T06:43:16.033+0000] {processor.py:157} INFO - Started process (PID=387) to work on /home/airflow/.local/lib/python3.8/site-packages/airflow/example_dags/example_trigger_target_dag.py
[2023-11-28T06:43:16.034+0000] {processor.py:829} INFO - Processing file /home/airflow/.local/lib/python3.8/site-packages/airflow/example_dags/example_trigger_target_dag.py for tasks to queue
[2023-11-28T06:43:16.037+0000] {logging_mixin.py:154} INFO - [2023-11-28T06:43:16.036+0000] {dagbag.py:536} INFO - Filling up the DagBag from /home/airflow/.local/lib/python3.8/site-packages/airflow/example_dags/example_trigger_target_dag.py
[2023-11-28T06:43:16.043+0000] {processor.py:839} INFO - DAG(s) dict_keys(['example_trigger_target_dag']) retrieved from /home/airflow/.local/lib/python3.8/site-packages/airflow/example_dags/example_trigger_target_dag.py
[2023-11-28T06:43:16.065+0000] {logging_mixin.py:154} INFO - [2023-11-28T06:43:16.064+0000] {dag.py:2941} INFO - Sync 1 DAGs
[2023-11-28T06:43:16.079+0000] {logging_mixin.py:154} INFO - [2023-11-28T06:43:16.079+0000] {dag.py:3722} INFO - Setting next_dagrun for example_trigger_target_dag to None, run_after=None
[2023-11-28T06:43:16.099+0000] {processor.py:179} INFO - Processing /home/airflow/.local/lib/python3.8/site-packages/airflow/example_dags/example_trigger_target_dag.py took 0.071 seconds
